[info] Analyzing Input...
[info] Analysis Successful!
[info] Parsing Spec...
[debug] Building Tyrell spec from parse tree...
[debug] Processing type definitions...
[debug] Processing input/output definitions...
[debug] Processing function definitions...
[debug] Processing global predicates...
[info] Parsing succeeded
[info] Building synthesizer...
[info] Synthesizing programs...
[debug] Enumerator generated: summarize(nonintFunc(REQUIRE_ASCENDING(amounts)), addc_st(1, 1), addc_end(1, 1))
[debug] Program rejected. Reason: None
[debug] Enumerator generated: summarize(nonintFunc(REQUIRE_ASCENDING(amounts)), addc_st(1, 1), addc_end(1, 0))
[debug] Program rejected. Reason: None
[debug] Enumerator generated: summarize(nonintFunc(REQUIRE_ASCENDING(amounts)), addc_st(1, 1), addc_end(amounts.length, 1))
[debug] Program rejected. Reason: None
[debug] Enumerator generated: summarize(nonintFunc(REQUIRE_ASCENDING(amounts)), addc_st(1, 1), addc_end(amounts.length, 0))
[debug] Program rejected. Reason: None
[debug] Enumerator generated: summarize(nonintFunc(REQUIRE_ASCENDING(amounts)), addc_st(1, 1), addc_end(0, 1))
[debug] Program rejected. Reason: None
[debug] Enumerator generated: summarize(nonintFunc(REQUIRE_ASCENDING(amounts)), addc_st(1, 1), addc_end(0, 0))
[debug] Program rejected. Reason: None
[debug] Enumerator generated: summarize(nonintFunc(REQUIRE_ASCENDING(amounts)), addc_st(1, 0), addc_end(1, 1))
[debug] Program rejected. Reason: None
[debug] Enumerator generated: summarize(nonintFunc(REQUIRE_ASCENDING(amounts)), addc_st(1, 0), addc_end(1, 0))
[debug] Program rejected. Reason: None
[debug] Enumerator generated: summarize(nonintFunc(REQUIRE_ASCENDING(amounts)), addc_st(1, 0), addc_end(amounts.length, 1))
[debug] Program rejected. Reason: None
[debug] Enumerator generated: summarize(nonintFunc(REQUIRE_ASCENDING(amounts)), addc_st(1, 0), addc_end(amounts.length, 0))
[debug] Program rejected. Reason: None
[debug] Enumerator generated: summarize(nonintFunc(REQUIRE_ASCENDING(amounts)), addc_st(1, 0), addc_end(0, 1))
[debug] Program rejected. Reason: None
[debug] Enumerator generated: summarize(nonintFunc(REQUIRE_ASCENDING(amounts)), addc_st(1, 0), addc_end(0, 0))
[debug] Program rejected. Reason: None
[debug] Enumerator generated: summarize(nonintFunc(REQUIRE_ASCENDING(amounts)), addc_st(amounts.length, 1), addc_end(1, 1))
[debug] Program rejected. Reason: None
[debug] Enumerator generated: summarize(nonintFunc(REQUIRE_ASCENDING(amounts)), addc_st(amounts.length, 1), addc_end(1, 0))
[debug] Program rejected. Reason: None
[debug] Enumerator generated: summarize(nonintFunc(REQUIRE_ASCENDING(amounts)), addc_st(amounts.length, 1), addc_end(amounts.length, 1))
[debug] Program rejected. Reason: None
[debug] Enumerator generated: summarize(nonintFunc(REQUIRE_ASCENDING(amounts)), addc_st(amounts.length, 1), addc_end(amounts.length, 0))
[debug] Program rejected. Reason: None
[debug] Enumerator generated: summarize(nonintFunc(REQUIRE_ASCENDING(amounts)), addc_st(amounts.length, 1), addc_end(0, 1))
[debug] Program rejected. Reason: None
[debug] Enumerator generated: summarize(nonintFunc(REQUIRE_ASCENDING(amounts)), addc_st(amounts.length, 1), addc_end(0, 0))
[debug] Program rejected. Reason: None
[debug] Enumerator generated: summarize(nonintFunc(REQUIRE_ASCENDING(amounts)), addc_st(amounts.length, 0), addc_end(1, 1))
[debug] Program rejected. Reason: None
[debug] Enumerator generated: summarize(nonintFunc(REQUIRE_ASCENDING(amounts)), addc_st(amounts.length, 0), addc_end(1, 0))
[debug] Program rejected. Reason: None
[debug] Enumerator generated: summarize(nonintFunc(REQUIRE_ASCENDING(amounts)), addc_st(amounts.length, 0), addc_end(amounts.length, 1))
[debug] Program rejected. Reason: None
[debug] Enumerator generated: summarize(nonintFunc(REQUIRE_ASCENDING(amounts)), addc_st(amounts.length, 0), addc_end(amounts.length, 0))
[debug] Program rejected. Reason: None
[debug] Enumerator generated: summarize(nonintFunc(REQUIRE_ASCENDING(amounts)), addc_st(amounts.length, 0), addc_end(0, 1))
[debug] Program rejected. Reason: None
[debug] Enumerator generated: summarize(nonintFunc(REQUIRE_ASCENDING(amounts)), addc_st(amounts.length, 0), addc_end(0, 0))
[debug] Program rejected. Reason: None
[debug] Enumerator generated: summarize(nonintFunc(REQUIRE_ASCENDING(amounts)), addc_st(0, 1), addc_end(1, 1))
[debug] Program rejected. Reason: None
[debug] Enumerator generated: summarize(nonintFunc(REQUIRE_ASCENDING(amounts)), addc_st(0, 1), addc_end(1, 0))
[debug] Program rejected. Reason: None
[debug] Enumerator generated: summarize(nonintFunc(REQUIRE_ASCENDING(amounts)), addc_st(0, 1), addc_end(amounts.length, 1))
[debug] Program rejected. Reason: None
[debug] Enumerator generated: summarize(nonintFunc(REQUIRE_ASCENDING(amounts)), addc_st(0, 1), addc_end(amounts.length, 0))
[debug] Program rejected. Reason: None
[debug] Enumerator generated: summarize(nonintFunc(REQUIRE_ASCENDING(amounts)), addc_st(0, 1), addc_end(0, 1))
[debug] Program rejected. Reason: None
[debug] Enumerator generated: summarize(nonintFunc(REQUIRE_ASCENDING(amounts)), addc_st(0, 1), addc_end(0, 0))
[debug] Program rejected. Reason: None
[debug] Enumerator generated: summarize(nonintFunc(REQUIRE_ASCENDING(amounts)), addc_st(0, 0), addc_end(1, 1))
[debug] Program rejected. Reason: None
[debug] Enumerator generated: summarize(nonintFunc(REQUIRE_ASCENDING(amounts)), addc_st(0, 0), addc_end(1, 0))
[debug] Program rejected. Reason: None
[debug] Enumerator generated: summarize(nonintFunc(REQUIRE_ASCENDING(amounts)), addc_st(0, 0), addc_end(amounts.length, 1))
[debug] Program rejected. Reason: None
[debug] Enumerator generated: summarize(nonintFunc(REQUIRE_ASCENDING(amounts)), addc_st(0, 0), addc_end(amounts.length, 0))
[debug] Program rejected. Reason: None
[debug] Enumerator generated: summarize(nonintFunc(REQUIRE_ASCENDING(amounts)), addc_st(0, 0), addc_end(0, 1))
[debug] Program rejected. Reason: None
[debug] Enumerator generated: summarize(nonintFunc(REQUIRE_ASCENDING(amounts)), addc_st(0, 0), addc_end(0, 0))
[debug] Program rejected. Reason: None
[debug] Enumerator generated: summarize(nonintFunc(REQUIRE_DESCENDING(amounts)), addc_st(1, 1), addc_end(1, 1))
[debug] Program rejected. Reason: None
[debug] Enumerator generated: summarize(nonintFunc(REQUIRE_DESCENDING(amounts)), addc_st(1, 1), addc_end(1, 0))
[debug] Program rejected. Reason: None
[debug] Enumerator generated: summarize(nonintFunc(REQUIRE_DESCENDING(amounts)), addc_st(1, 1), addc_end(amounts.length, 1))
[debug] Program rejected. Reason: None
[debug] Enumerator generated: summarize(nonintFunc(REQUIRE_DESCENDING(amounts)), addc_st(1, 1), addc_end(amounts.length, 0))
[debug] Program rejected. Reason: None
[debug] Enumerator generated: summarize(nonintFunc(REQUIRE_DESCENDING(amounts)), addc_st(1, 1), addc_end(0, 1))
[debug] Program rejected. Reason: None
[debug] Enumerator generated: summarize(nonintFunc(REQUIRE_DESCENDING(amounts)), addc_st(1, 1), addc_end(0, 0))
[debug] Program rejected. Reason: None
[debug] Enumerator generated: summarize(nonintFunc(REQUIRE_DESCENDING(amounts)), addc_st(1, 0), addc_end(1, 1))
[debug] Program rejected. Reason: None
[debug] Enumerator generated: summarize(nonintFunc(REQUIRE_DESCENDING(amounts)), addc_st(1, 0), addc_end(1, 0))
[debug] Program rejected. Reason: None
[debug] Enumerator generated: summarize(nonintFunc(REQUIRE_DESCENDING(amounts)), addc_st(1, 0), addc_end(amounts.length, 1))
[debug] Program rejected. Reason: None
[debug] Enumerator generated: summarize(nonintFunc(REQUIRE_DESCENDING(amounts)), addc_st(1, 0), addc_end(amounts.length, 0))
[debug] Program rejected. Reason: None
[debug] Enumerator generated: summarize(nonintFunc(REQUIRE_DESCENDING(amounts)), addc_st(1, 0), addc_end(0, 1))
[debug] Program rejected. Reason: None
[debug] Enumerator generated: summarize(nonintFunc(REQUIRE_DESCENDING(amounts)), addc_st(1, 0), addc_end(0, 0))
[debug] Program rejected. Reason: None
[debug] Enumerator generated: summarize(nonintFunc(REQUIRE_DESCENDING(amounts)), addc_st(amounts.length, 1), addc_end(1, 1))
[debug] Program rejected. Reason: None
[debug] Enumerator generated: summarize(nonintFunc(REQUIRE_DESCENDING(amounts)), addc_st(amounts.length, 1), addc_end(1, 0))
[debug] Program rejected. Reason: None
[debug] Enumerator generated: summarize(nonintFunc(REQUIRE_DESCENDING(amounts)), addc_st(amounts.length, 1), addc_end(amounts.length, 1))
[debug] Program rejected. Reason: None
[debug] Enumerator generated: summarize(nonintFunc(REQUIRE_DESCENDING(amounts)), addc_st(amounts.length, 1), addc_end(amounts.length, 0))
[debug] Program rejected. Reason: None
[debug] Enumerator generated: summarize(nonintFunc(REQUIRE_DESCENDING(amounts)), addc_st(amounts.length, 1), addc_end(0, 1))
[debug] Program rejected. Reason: None
[debug] Enumerator generated: summarize(nonintFunc(REQUIRE_DESCENDING(amounts)), addc_st(amounts.length, 1), addc_end(0, 0))
[debug] Program rejected. Reason: None
[debug] Enumerator generated: summarize(nonintFunc(REQUIRE_DESCENDING(amounts)), addc_st(amounts.length, 0), addc_end(1, 1))
[debug] Program rejected. Reason: None
[debug] Enumerator generated: summarize(nonintFunc(REQUIRE_DESCENDING(amounts)), addc_st(amounts.length, 0), addc_end(1, 0))
[debug] Program rejected. Reason: None
[debug] Enumerator generated: summarize(nonintFunc(REQUIRE_DESCENDING(amounts)), addc_st(amounts.length, 0), addc_end(amounts.length, 1))
[debug] Program rejected. Reason: None
[debug] Enumerator generated: summarize(nonintFunc(REQUIRE_DESCENDING(amounts)), addc_st(amounts.length, 0), addc_end(amounts.length, 0))
[debug] Program rejected. Reason: None
[debug] Enumerator generated: summarize(nonintFunc(REQUIRE_DESCENDING(amounts)), addc_st(amounts.length, 0), addc_end(0, 1))
[debug] Program rejected. Reason: None
[debug] Enumerator generated: summarize(nonintFunc(REQUIRE_DESCENDING(amounts)), addc_st(amounts.length, 0), addc_end(0, 0))
[debug] Program rejected. Reason: None
[debug] Enumerator generated: summarize(nonintFunc(REQUIRE_DESCENDING(amounts)), addc_st(0, 1), addc_end(1, 1))
[debug] Program rejected. Reason: None
[debug] Enumerator generated: summarize(nonintFunc(REQUIRE_DESCENDING(amounts)), addc_st(0, 1), addc_end(1, 0))
[debug] Program rejected. Reason: None
[debug] Enumerator generated: summarize(nonintFunc(REQUIRE_DESCENDING(amounts)), addc_st(0, 1), addc_end(amounts.length, 1))
[debug] Program rejected. Reason: None
[debug] Enumerator generated: summarize(nonintFunc(REQUIRE_DESCENDING(amounts)), addc_st(0, 1), addc_end(amounts.length, 0))
[debug] Program rejected. Reason: None
[debug] Enumerator generated: summarize(nonintFunc(REQUIRE_DESCENDING(amounts)), addc_st(0, 1), addc_end(0, 1))
[debug] Program rejected. Reason: None
[debug] Enumerator generated: summarize(nonintFunc(REQUIRE_DESCENDING(amounts)), addc_st(0, 1), addc_end(0, 0))
[debug] Program rejected. Reason: None
[debug] Enumerator generated: summarize(nonintFunc(REQUIRE_DESCENDING(amounts)), addc_st(0, 0), addc_end(1, 1))
[debug] Program accepted after 67 attempts
[info] Solution found: summarize(nonintFunc(REQUIRE_DESCENDING(amounts)), addc_st(0, 0), addc_end(1, 1))
[info] Total Time: 29.0086s


        enum uint {
            "1","amounts.length","0"
        }
        
        enum mapping_uint_uint {
            "amounts"
        }
        
        enum g_int {
            "amounts.length"
        }
        
        enum C {
            "1","0"
        }
        
        enum nonzero_uint {
            "1","amounts.length"
        }
        
        enum bool {
            "false","true"
        }
        
        enum address {
            "address(0)"
        }
        

value L;
value IF;
value i;
value i_st;
value i_end;
value F;
value Cond_uint;
value Cond_address;
value Summary;
value Inv;

program SolidityLoops() -> Summary;




# DSL Functions (with lambda versions when appropriate)

# Arithmetic funcs for lambda

# Add constant for global integers

# Boolean comps for uint

# Boolean compus for uint w/ nested array access

# Boolean comps for address

        
func SUM: IF ->g_int,mapping_uint_uint;
func MAP__uint: F ->mapping_uint_uint,uint;
func REQUIRE_ASCENDING: F -> mapping_uint_uint;
func REQUIRE_DESCENDING: F -> mapping_uint_uint;
func UPDATERANGE__uint_uint: F ->mapping_uint_uint,mapping_uint_uint,uint;
func addc: i -> g_int, C;
func subc: i -> g_int, C;
func const: i -> C;
func addc_st: i_st ->uint, C;
func addc_end: i_end ->uint, C;
func subc_st: i_st ->uint, C;
func subc_end: i_end ->uint, C;
func lt: Cond_uint -> mapping_uint_uint, uint;
func gt: Cond_uint -> mapping_uint_uint, uint;
func eq: Cond_uint -> mapping_uint_uint, uint;
func neq: Cond_uint -> mapping_uint_uint, uint;
func lte: Cond_uint -> mapping_uint_uint, uint;
func gte: Cond_uint -> mapping_uint_uint, uint;
func add: L -> uint;
func mul: L -> nonzero_uint;
func sub: L -> uint;
func div: L -> nonzero_uint;
func intFunc: Inv -> IF;
func nonintFunc: Inv -> F;
func SUM_L: IF ->g_int,mapping_uint_uint, L;
func COPYRANGE_L: IF ->mapping_uint_uint, i,mapping_uint_uint, L;
func COPYRANGE__uint: IF ->mapping_uint_uint, i,mapping_uint_uint;
func MAP_L: IF ->mapping_uint_uint, L;
func INCRANGE_L: IF ->mapping_uint_uint, i,mapping_uint_uint, L;
func INCRANGE: IF ->mapping_uint_uint, i,mapping_uint_uint;
func REQUIRE__uint: F -> Cond_uint;
func summarize: Summary -> Inv, i_st, i_end;
func summarize_nost: Summary -> Inv, i_end;
func seqF: Inv -> F, Inv;
func seqIF: Inv -> IF, Inv;
source contract is empty
