[info] Analyzing Input...
[info] Analysis Successful!
[info] Parsing Spec...
[debug] Building Tyrell spec from parse tree...
[debug] Processing type definitions...
[debug] Processing input/output definitions...
[debug] Processing function definitions...
[debug] Processing global predicates...
[info] Parsing succeeded
[info] Building synthesizer...
[info] Synthesizing programs...
[debug] Enumerator generated: summarize(nonintFunc(MAP__address(tokenGrantees, _grantee)), addc_st(tokenGrantees.length, 1), addc_end(tokenGrantees.length, 1))
[debug] Program rejected. Reason: None
[debug] Enumerator generated: summarize(nonintFunc(MAP__address(tokenGrantees, _grantee)), addc_st(tokenGrantees.length, 1), addc_end(tokenGrantees.length, 0))
[debug] Program rejected. Reason: None
[debug] Enumerator generated: summarize(nonintFunc(MAP__address(tokenGrantees, _grantee)), addc_st(tokenGrantees.length, 1), addc_end(1, 1))
[debug] Program rejected. Reason: None
[debug] Enumerator generated: summarize(nonintFunc(MAP__address(tokenGrantees, _grantee)), addc_st(tokenGrantees.length, 1), addc_end(1, 0))
[debug] Program rejected. Reason: None
[debug] Enumerator generated: summarize(nonintFunc(MAP__address(tokenGrantees, _grantee)), addc_st(tokenGrantees.length, 1), addc_end(0, 1))
[debug] Program rejected. Reason: None
[debug] Enumerator generated: summarize(nonintFunc(MAP__address(tokenGrantees, _grantee)), addc_st(tokenGrantees.length, 1), addc_end(0, 0))
[debug] Program rejected. Reason: None
[debug] Enumerator generated: summarize(nonintFunc(MAP__address(tokenGrantees, _grantee)), addc_st(tokenGrantees.length, 0), addc_end(tokenGrantees.length, 1))
[debug] Program rejected. Reason: None
[debug] Enumerator generated: summarize(nonintFunc(MAP__address(tokenGrantees, _grantee)), addc_st(tokenGrantees.length, 0), addc_end(tokenGrantees.length, 0))
[debug] Program rejected. Reason: None
[debug] Enumerator generated: summarize(nonintFunc(MAP__address(tokenGrantees, _grantee)), addc_st(tokenGrantees.length, 0), addc_end(1, 1))
[debug] Program rejected. Reason: None
[debug] Enumerator generated: summarize(nonintFunc(MAP__address(tokenGrantees, _grantee)), addc_st(tokenGrantees.length, 0), addc_end(1, 0))
[debug] Program rejected. Reason: None
[debug] Enumerator generated: summarize(nonintFunc(MAP__address(tokenGrantees, _grantee)), addc_st(tokenGrantees.length, 0), addc_end(0, 1))
[debug] Program rejected. Reason: None
[debug] Enumerator generated: summarize(nonintFunc(MAP__address(tokenGrantees, _grantee)), addc_st(tokenGrantees.length, 0), addc_end(0, 0))
[debug] Program rejected. Reason: None
[debug] Enumerator generated: summarize(nonintFunc(MAP__address(tokenGrantees, _grantee)), addc_st(1, 1), addc_end(tokenGrantees.length, 1))
[debug] Program rejected. Reason: None
[debug] Enumerator generated: summarize(nonintFunc(MAP__address(tokenGrantees, _grantee)), addc_st(1, 1), addc_end(tokenGrantees.length, 0))
[debug] Program rejected. Reason: None
[debug] Enumerator generated: summarize(nonintFunc(MAP__address(tokenGrantees, _grantee)), addc_st(1, 1), addc_end(1, 1))
[debug] Program rejected. Reason: None
[debug] Enumerator generated: summarize(nonintFunc(MAP__address(tokenGrantees, _grantee)), addc_st(1, 1), addc_end(1, 0))
[debug] Program rejected. Reason: None
[debug] Enumerator generated: summarize(nonintFunc(MAP__address(tokenGrantees, _grantee)), addc_st(1, 1), addc_end(0, 1))
[debug] Program rejected. Reason: None
[debug] Enumerator generated: summarize(nonintFunc(MAP__address(tokenGrantees, _grantee)), addc_st(1, 1), addc_end(0, 0))
[debug] Program rejected. Reason: None
[debug] Enumerator generated: summarize(nonintFunc(MAP__address(tokenGrantees, _grantee)), addc_st(1, 0), addc_end(tokenGrantees.length, 1))
[debug] Program rejected. Reason: None
[debug] Enumerator generated: summarize(nonintFunc(MAP__address(tokenGrantees, _grantee)), addc_st(1, 0), addc_end(tokenGrantees.length, 0))
[debug] Program rejected. Reason: None
[debug] Enumerator generated: summarize(nonintFunc(MAP__address(tokenGrantees, _grantee)), addc_st(1, 0), addc_end(1, 1))
[debug] Program rejected. Reason: None
[debug] Enumerator generated: summarize(nonintFunc(MAP__address(tokenGrantees, _grantee)), addc_st(1, 0), addc_end(1, 0))
[debug] Program rejected. Reason: None
[debug] Enumerator generated: summarize(nonintFunc(MAP__address(tokenGrantees, _grantee)), addc_st(1, 0), addc_end(0, 1))
[debug] Program rejected. Reason: None
[debug] Enumerator generated: summarize(nonintFunc(MAP__address(tokenGrantees, _grantee)), addc_st(1, 0), addc_end(0, 0))
[debug] Program rejected. Reason: None
[debug] Enumerator generated: summarize(nonintFunc(MAP__address(tokenGrantees, _grantee)), addc_st(0, 1), addc_end(tokenGrantees.length, 1))
[debug] Program rejected. Reason: None
[debug] Enumerator generated: summarize(nonintFunc(MAP__address(tokenGrantees, _grantee)), addc_st(0, 1), addc_end(tokenGrantees.length, 0))
[debug] Program rejected. Reason: None
[debug] Enumerator generated: summarize(nonintFunc(MAP__address(tokenGrantees, _grantee)), addc_st(0, 1), addc_end(1, 1))
[debug] Program rejected. Reason: None
[debug] Enumerator generated: summarize(nonintFunc(MAP__address(tokenGrantees, _grantee)), addc_st(0, 1), addc_end(1, 0))
[debug] Program rejected. Reason: None
[debug] Enumerator generated: summarize(nonintFunc(MAP__address(tokenGrantees, _grantee)), addc_st(0, 1), addc_end(0, 1))
[debug] Program rejected. Reason: None
[debug] Enumerator generated: summarize(nonintFunc(MAP__address(tokenGrantees, _grantee)), addc_st(0, 1), addc_end(0, 0))
[debug] Program rejected. Reason: None
[debug] Enumerator generated: summarize(nonintFunc(MAP__address(tokenGrantees, _grantee)), addc_st(0, 0), addc_end(tokenGrantees.length, 1))
[debug] Program rejected. Reason: None
[debug] Enumerator generated: summarize(nonintFunc(MAP__address(tokenGrantees, _grantee)), addc_st(0, 0), addc_end(tokenGrantees.length, 0))
[debug] Program rejected. Reason: None
[debug] Enumerator generated: summarize(nonintFunc(MAP__address(tokenGrantees, _grantee)), addc_st(0, 0), addc_end(1, 1))
[debug] Program rejected. Reason: None
[debug] Enumerator generated: summarize(nonintFunc(MAP__address(tokenGrantees, _grantee)), addc_st(0, 0), addc_end(1, 0))
[debug] Program rejected. Reason: None
[debug] Enumerator generated: summarize(nonintFunc(MAP__address(tokenGrantees, _grantee)), addc_st(0, 0), addc_end(0, 1))
[debug] Program rejected. Reason: None
[debug] Enumerator generated: summarize(nonintFunc(MAP__address(tokenGrantees, _grantee)), addc_st(0, 0), addc_end(0, 0))
[debug] Program rejected. Reason: None
[debug] Enumerator generated: summarize(nonintFunc(MAP__address(tokenGrantees, address(0))), addc_st(tokenGrantees.length, 1), addc_end(tokenGrantees.length, 1))
[debug] Program rejected. Reason: None
[debug] Enumerator generated: summarize(nonintFunc(MAP__address(tokenGrantees, address(0))), addc_st(tokenGrantees.length, 1), addc_end(tokenGrantees.length, 0))
[debug] Program rejected. Reason: None
[debug] Enumerator generated: summarize(nonintFunc(MAP__address(tokenGrantees, address(0))), addc_st(tokenGrantees.length, 1), addc_end(1, 1))
[debug] Program rejected. Reason: None
[debug] Enumerator generated: summarize(nonintFunc(MAP__address(tokenGrantees, address(0))), addc_st(tokenGrantees.length, 1), addc_end(1, 0))
[debug] Program rejected. Reason: None
[debug] Enumerator generated: summarize(nonintFunc(MAP__address(tokenGrantees, address(0))), addc_st(tokenGrantees.length, 1), addc_end(0, 1))
[debug] Program rejected. Reason: None
[debug] Enumerator generated: summarize(nonintFunc(MAP__address(tokenGrantees, address(0))), addc_st(tokenGrantees.length, 1), addc_end(0, 0))
[debug] Program rejected. Reason: None
[debug] Enumerator generated: summarize(nonintFunc(MAP__address(tokenGrantees, address(0))), addc_st(tokenGrantees.length, 0), addc_end(tokenGrantees.length, 1))
[debug] Program rejected. Reason: None
[debug] Enumerator generated: summarize(nonintFunc(MAP__address(tokenGrantees, address(0))), addc_st(tokenGrantees.length, 0), addc_end(tokenGrantees.length, 0))
[debug] Program rejected. Reason: None
[debug] Enumerator generated: summarize(nonintFunc(MAP__address(tokenGrantees, address(0))), addc_st(tokenGrantees.length, 0), addc_end(1, 1))
[debug] Program rejected. Reason: None
[debug] Enumerator generated: summarize(nonintFunc(MAP__address(tokenGrantees, address(0))), addc_st(tokenGrantees.length, 0), addc_end(1, 0))
[debug] Program rejected. Reason: None
[debug] Enumerator generated: summarize(nonintFunc(MAP__address(tokenGrantees, address(0))), addc_st(tokenGrantees.length, 0), addc_end(0, 1))
[debug] Program rejected. Reason: None
[debug] Enumerator generated: summarize(nonintFunc(MAP__address(tokenGrantees, address(0))), addc_st(tokenGrantees.length, 0), addc_end(0, 0))
[debug] Program rejected. Reason: None
[debug] Enumerator generated: summarize(nonintFunc(MAP__address(tokenGrantees, address(0))), addc_st(1, 1), addc_end(tokenGrantees.length, 1))
[debug] Program rejected. Reason: None
[debug] Enumerator generated: summarize(nonintFunc(MAP__address(tokenGrantees, address(0))), addc_st(1, 1), addc_end(tokenGrantees.length, 0))
[debug] Program rejected. Reason: None
[debug] Enumerator generated: summarize(nonintFunc(MAP__address(tokenGrantees, address(0))), addc_st(1, 1), addc_end(1, 1))
[debug] Program rejected. Reason: None
[debug] Enumerator generated: summarize(nonintFunc(MAP__address(tokenGrantees, address(0))), addc_st(1, 1), addc_end(1, 0))
[debug] Program rejected. Reason: None
[debug] Enumerator generated: summarize(nonintFunc(MAP__address(tokenGrantees, address(0))), addc_st(1, 1), addc_end(0, 1))
[debug] Program rejected. Reason: None
[debug] Enumerator generated: summarize(nonintFunc(MAP__address(tokenGrantees, address(0))), addc_st(1, 1), addc_end(0, 0))
[debug] Program rejected. Reason: None
[debug] Enumerator generated: summarize(nonintFunc(MAP__address(tokenGrantees, address(0))), addc_st(1, 0), addc_end(tokenGrantees.length, 1))
[debug] Program rejected. Reason: None
[debug] Enumerator generated: summarize(nonintFunc(MAP__address(tokenGrantees, address(0))), addc_st(1, 0), addc_end(tokenGrantees.length, 0))
[debug] Program rejected. Reason: None
[debug] Enumerator generated: summarize(nonintFunc(MAP__address(tokenGrantees, address(0))), addc_st(1, 0), addc_end(1, 1))
[debug] Program rejected. Reason: None
[debug] Enumerator generated: summarize(nonintFunc(MAP__address(tokenGrantees, address(0))), addc_st(1, 0), addc_end(1, 0))
[debug] Program rejected. Reason: None
[debug] Enumerator generated: summarize(nonintFunc(MAP__address(tokenGrantees, address(0))), addc_st(1, 0), addc_end(0, 1))
[debug] Program rejected. Reason: None
[debug] Enumerator generated: summarize(nonintFunc(MAP__address(tokenGrantees, address(0))), addc_st(1, 0), addc_end(0, 0))
[debug] Program rejected. Reason: None
[debug] Enumerator generated: summarize(nonintFunc(MAP__address(tokenGrantees, address(0))), addc_st(0, 1), addc_end(tokenGrantees.length, 1))
[debug] Program rejected. Reason: None
[debug] Enumerator generated: summarize(nonintFunc(MAP__address(tokenGrantees, address(0))), addc_st(0, 1), addc_end(tokenGrantees.length, 0))
[debug] Program rejected. Reason: None
[debug] Enumerator generated: summarize(nonintFunc(MAP__address(tokenGrantees, address(0))), addc_st(0, 1), addc_end(1, 1))
[debug] Program rejected. Reason: None
[debug] Enumerator generated: summarize(nonintFunc(MAP__address(tokenGrantees, address(0))), addc_st(0, 1), addc_end(1, 0))
[debug] Program rejected. Reason: None
[debug] Enumerator generated: summarize(nonintFunc(MAP__address(tokenGrantees, address(0))), addc_st(0, 1), addc_end(0, 1))
[debug] Program rejected. Reason: None
[debug] Enumerator generated: summarize(nonintFunc(MAP__address(tokenGrantees, address(0))), addc_st(0, 1), addc_end(0, 0))
[debug] Program rejected. Reason: None
[debug] Enumerator generated: summarize(nonintFunc(MAP__address(tokenGrantees, address(0))), addc_st(0, 0), addc_end(tokenGrantees.length, 1))
[debug] Program rejected. Reason: None
[debug] Enumerator generated: summarize(nonintFunc(MAP__address(tokenGrantees, address(0))), addc_st(0, 0), addc_end(tokenGrantees.length, 0))
[debug] Program rejected. Reason: None
[debug] Enumerator generated: summarize(nonintFunc(MAP__address(tokenGrantees, address(0))), addc_st(0, 0), addc_end(1, 1))
[debug] Program rejected. Reason: None
[debug] Enumerator generated: summarize(nonintFunc(MAP__address(tokenGrantees, address(0))), addc_st(0, 0), addc_end(1, 0))
[debug] Program rejected. Reason: None
[debug] Enumerator generated: summarize(nonintFunc(MAP__address(tokenGrantees, address(0))), addc_st(0, 0), addc_end(0, 1))
[debug] Program rejected. Reason: None
[debug] Enumerator generated: summarize(nonintFunc(MAP__address(tokenGrantees, address(0))), addc_st(0, 0), addc_end(0, 0))
[debug] Program rejected. Reason: None
[debug] Enumerator generated: summarize(nonintFunc(MAP__address(tokenGrantees, _grantee)), addc_st(tokenGrantees.length, 1), subc_end(tokenGrantees.length, 1))
[debug] Program rejected. Reason: None
[debug] Enumerator generated: summarize(nonintFunc(MAP__address(tokenGrantees, _grantee)), addc_st(tokenGrantees.length, 1), subc_end(tokenGrantees.length, 0))
[debug] Program rejected. Reason: None
[debug] Enumerator generated: summarize(nonintFunc(MAP__address(tokenGrantees, _grantee)), addc_st(tokenGrantees.length, 1), subc_end(1, 1))
[debug] Program rejected. Reason: None
[debug] Enumerator generated: summarize(nonintFunc(MAP__address(tokenGrantees, _grantee)), addc_st(tokenGrantees.length, 1), subc_end(1, 0))
[debug] Program rejected. Reason: None
[debug] Enumerator generated: summarize(nonintFunc(MAP__address(tokenGrantees, _grantee)), addc_st(tokenGrantees.length, 1), subc_end(0, 1))
[debug] Program rejected. Reason: None
[debug] Enumerator generated: summarize(nonintFunc(MAP__address(tokenGrantees, _grantee)), addc_st(tokenGrantees.length, 1), subc_end(0, 0))
[debug] Program rejected. Reason: None
[debug] Enumerator generated: summarize(nonintFunc(MAP__address(tokenGrantees, _grantee)), addc_st(tokenGrantees.length, 0), subc_end(tokenGrantees.length, 1))
[debug] Program rejected. Reason: None
[debug] Enumerator generated: summarize(nonintFunc(MAP__address(tokenGrantees, _grantee)), addc_st(tokenGrantees.length, 0), subc_end(tokenGrantees.length, 0))
[debug] Program rejected. Reason: None
[debug] Enumerator generated: summarize(nonintFunc(MAP__address(tokenGrantees, _grantee)), addc_st(tokenGrantees.length, 0), subc_end(1, 1))
[debug] Program rejected. Reason: None
[debug] Enumerator generated: summarize(nonintFunc(MAP__address(tokenGrantees, _grantee)), addc_st(tokenGrantees.length, 0), subc_end(1, 0))
[debug] Program rejected. Reason: None
[debug] Enumerator generated: summarize(nonintFunc(MAP__address(tokenGrantees, _grantee)), addc_st(tokenGrantees.length, 0), subc_end(0, 1))
[debug] Program rejected. Reason: None
[debug] Enumerator generated: summarize(nonintFunc(MAP__address(tokenGrantees, _grantee)), addc_st(tokenGrantees.length, 0), subc_end(0, 0))
[debug] Program rejected. Reason: None
[debug] Enumerator generated: summarize(nonintFunc(MAP__address(tokenGrantees, _grantee)), addc_st(1, 1), subc_end(tokenGrantees.length, 1))
[debug] Program rejected. Reason: None
[debug] Enumerator generated: summarize(nonintFunc(MAP__address(tokenGrantees, _grantee)), addc_st(1, 1), subc_end(tokenGrantees.length, 0))
[debug] Program rejected. Reason: None
[debug] Enumerator generated: summarize(nonintFunc(MAP__address(tokenGrantees, _grantee)), addc_st(1, 1), subc_end(1, 1))
[debug] Program rejected. Reason: None
[debug] Enumerator generated: summarize(nonintFunc(MAP__address(tokenGrantees, _grantee)), addc_st(1, 1), subc_end(1, 0))
[debug] Program rejected. Reason: None
[debug] Enumerator generated: summarize(nonintFunc(MAP__address(tokenGrantees, _grantee)), addc_st(1, 1), subc_end(0, 1))
[debug] Program rejected. Reason: None
[debug] Enumerator generated: summarize(nonintFunc(MAP__address(tokenGrantees, _grantee)), addc_st(1, 1), subc_end(0, 0))
[debug] Program rejected. Reason: None
[debug] Enumerator generated: summarize(nonintFunc(MAP__address(tokenGrantees, _grantee)), addc_st(1, 0), subc_end(tokenGrantees.length, 1))
[debug] Program rejected. Reason: None
[debug] Enumerator generated: summarize(nonintFunc(MAP__address(tokenGrantees, _grantee)), addc_st(1, 0), subc_end(tokenGrantees.length, 0))
[debug] Program rejected. Reason: None
[debug] Enumerator generated: summarize(nonintFunc(MAP__address(tokenGrantees, _grantee)), addc_st(1, 0), subc_end(1, 1))
[debug] Program rejected. Reason: None
[debug] Enumerator generated: summarize(nonintFunc(MAP__address(tokenGrantees, _grantee)), addc_st(1, 0), subc_end(1, 0))
[debug] Program rejected. Reason: None
[debug] Enumerator generated: summarize(nonintFunc(MAP__address(tokenGrantees, _grantee)), addc_st(1, 0), subc_end(0, 1))
[debug] Program rejected. Reason: None
[debug] Enumerator generated: summarize(nonintFunc(MAP__address(tokenGrantees, _grantee)), addc_st(1, 0), subc_end(0, 0))
[debug] Program rejected. Reason: None
[debug] Enumerator generated: summarize(nonintFunc(MAP__address(tokenGrantees, _grantee)), addc_st(0, 1), subc_end(tokenGrantees.length, 1))
[debug] Program rejected. Reason: None
[debug] Enumerator generated: summarize(nonintFunc(MAP__address(tokenGrantees, _grantee)), addc_st(0, 1), subc_end(tokenGrantees.length, 0))
[debug] Program rejected. Reason: None
[debug] Enumerator generated: summarize(nonintFunc(MAP__address(tokenGrantees, _grantee)), addc_st(0, 1), subc_end(1, 1))
[debug] Program rejected. Reason: None
[debug] Enumerator generated: summarize(nonintFunc(MAP__address(tokenGrantees, _grantee)), addc_st(0, 1), subc_end(1, 0))
[debug] Program rejected. Reason: None
[debug] Enumerator generated: summarize(nonintFunc(MAP__address(tokenGrantees, _grantee)), addc_st(0, 1), subc_end(0, 1))
[debug] Program rejected. Reason: None
[debug] Enumerator generated: summarize(nonintFunc(MAP__address(tokenGrantees, _grantee)), addc_st(0, 1), subc_end(0, 0))
[debug] Program rejected. Reason: None
[debug] Enumerator generated: summarize(nonintFunc(MAP__address(tokenGrantees, _grantee)), addc_st(0, 0), subc_end(tokenGrantees.length, 1))
[debug] Program rejected. Reason: None
[debug] Enumerator generated: summarize(nonintFunc(MAP__address(tokenGrantees, _grantee)), addc_st(0, 0), subc_end(tokenGrantees.length, 0))
[debug] Program rejected. Reason: None
[debug] Enumerator generated: summarize(nonintFunc(MAP__address(tokenGrantees, _grantee)), addc_st(0, 0), subc_end(1, 1))
[debug] Program rejected. Reason: None
[debug] Enumerator generated: summarize(nonintFunc(MAP__address(tokenGrantees, _grantee)), addc_st(0, 0), subc_end(1, 0))
[debug] Program rejected. Reason: None
[debug] Enumerator generated: summarize(nonintFunc(MAP__address(tokenGrantees, _grantee)), addc_st(0, 0), subc_end(0, 1))
[debug] Program rejected. Reason: None
[debug] Enumerator generated: summarize(nonintFunc(MAP__address(tokenGrantees, _grantee)), addc_st(0, 0), subc_end(0, 0))
[debug] Program rejected. Reason: None
[debug] Enumerator generated: summarize(nonintFunc(MAP__address(tokenGrantees, address(0))), addc_st(tokenGrantees.length, 1), subc_end(tokenGrantees.length, 1))
[debug] Program rejected. Reason: None
[debug] Enumerator generated: summarize(nonintFunc(MAP__address(tokenGrantees, address(0))), addc_st(tokenGrantees.length, 1), subc_end(tokenGrantees.length, 0))
[debug] Program rejected. Reason: None
[debug] Enumerator generated: summarize(nonintFunc(MAP__address(tokenGrantees, address(0))), addc_st(tokenGrantees.length, 1), subc_end(1, 1))
[debug] Program rejected. Reason: None
[debug] Enumerator generated: summarize(nonintFunc(MAP__address(tokenGrantees, address(0))), addc_st(tokenGrantees.length, 1), subc_end(1, 0))
[debug] Program rejected. Reason: None
[debug] Enumerator generated: summarize(nonintFunc(MAP__address(tokenGrantees, address(0))), addc_st(tokenGrantees.length, 1), subc_end(0, 1))
[debug] Program rejected. Reason: None
[debug] Enumerator generated: summarize(nonintFunc(MAP__address(tokenGrantees, address(0))), addc_st(tokenGrantees.length, 1), subc_end(0, 0))
[debug] Program rejected. Reason: None
[debug] Enumerator generated: summarize(nonintFunc(MAP__address(tokenGrantees, address(0))), addc_st(tokenGrantees.length, 0), subc_end(tokenGrantees.length, 1))
[debug] Program rejected. Reason: None
[debug] Enumerator generated: summarize(nonintFunc(MAP__address(tokenGrantees, address(0))), addc_st(tokenGrantees.length, 0), subc_end(tokenGrantees.length, 0))
[debug] Program rejected. Reason: None
[debug] Enumerator generated: summarize(nonintFunc(MAP__address(tokenGrantees, address(0))), addc_st(tokenGrantees.length, 0), subc_end(1, 1))
[debug] Program rejected. Reason: None
[debug] Enumerator generated: summarize(nonintFunc(MAP__address(tokenGrantees, address(0))), addc_st(tokenGrantees.length, 0), subc_end(1, 0))
[debug] Program rejected. Reason: None
[debug] Enumerator generated: summarize(nonintFunc(MAP__address(tokenGrantees, address(0))), addc_st(tokenGrantees.length, 0), subc_end(0, 1))
[debug] Program rejected. Reason: None
[debug] Enumerator generated: summarize(nonintFunc(MAP__address(tokenGrantees, address(0))), addc_st(tokenGrantees.length, 0), subc_end(0, 0))
[debug] Program rejected. Reason: None
[debug] Enumerator generated: summarize(nonintFunc(MAP__address(tokenGrantees, address(0))), addc_st(1, 1), subc_end(tokenGrantees.length, 1))
[debug] Program rejected. Reason: None
[debug] Enumerator generated: summarize(nonintFunc(MAP__address(tokenGrantees, address(0))), addc_st(1, 1), subc_end(tokenGrantees.length, 0))
[debug] Program rejected. Reason: None
[debug] Enumerator generated: summarize(nonintFunc(MAP__address(tokenGrantees, address(0))), addc_st(1, 1), subc_end(1, 1))
[debug] Program rejected. Reason: None
[debug] Enumerator generated: summarize(nonintFunc(MAP__address(tokenGrantees, address(0))), addc_st(1, 1), subc_end(1, 0))
[debug] Program rejected. Reason: None
[debug] Enumerator generated: summarize(nonintFunc(MAP__address(tokenGrantees, address(0))), addc_st(1, 1), subc_end(0, 1))
[debug] Program rejected. Reason: None
[debug] Enumerator generated: summarize(nonintFunc(MAP__address(tokenGrantees, address(0))), addc_st(1, 1), subc_end(0, 0))
[debug] Program rejected. Reason: None
[debug] Enumerator generated: summarize(nonintFunc(MAP__address(tokenGrantees, address(0))), addc_st(1, 0), subc_end(tokenGrantees.length, 1))
[debug] Program rejected. Reason: None
[debug] Enumerator generated: summarize(nonintFunc(MAP__address(tokenGrantees, address(0))), addc_st(1, 0), subc_end(tokenGrantees.length, 0))
[debug] Program rejected. Reason: None
[debug] Enumerator generated: summarize(nonintFunc(MAP__address(tokenGrantees, address(0))), addc_st(1, 0), subc_end(1, 1))
[debug] Program rejected. Reason: None
[debug] Enumerator generated: summarize(nonintFunc(MAP__address(tokenGrantees, address(0))), addc_st(1, 0), subc_end(1, 0))
[debug] Program rejected. Reason: None
[debug] Enumerator generated: summarize(nonintFunc(MAP__address(tokenGrantees, address(0))), addc_st(1, 0), subc_end(0, 1))
[debug] Program rejected. Reason: None
[debug] Enumerator generated: summarize(nonintFunc(MAP__address(tokenGrantees, address(0))), addc_st(1, 0), subc_end(0, 0))
[debug] Program rejected. Reason: None
[debug] Enumerator generated: summarize(nonintFunc(MAP__address(tokenGrantees, address(0))), addc_st(0, 1), subc_end(tokenGrantees.length, 1))
[debug] Program rejected. Reason: None
[debug] Enumerator generated: summarize(nonintFunc(MAP__address(tokenGrantees, address(0))), addc_st(0, 1), subc_end(tokenGrantees.length, 0))
[debug] Program rejected. Reason: None
[debug] Enumerator generated: summarize(nonintFunc(MAP__address(tokenGrantees, address(0))), addc_st(0, 1), subc_end(1, 1))
[debug] Program rejected. Reason: None
[debug] Enumerator generated: summarize(nonintFunc(MAP__address(tokenGrantees, address(0))), addc_st(0, 1), subc_end(1, 0))
[debug] Program rejected. Reason: None
[debug] Enumerator generated: summarize(nonintFunc(MAP__address(tokenGrantees, address(0))), addc_st(0, 1), subc_end(0, 1))
[debug] Program rejected. Reason: None
[debug] Enumerator generated: summarize(nonintFunc(MAP__address(tokenGrantees, address(0))), addc_st(0, 1), subc_end(0, 0))
[debug] Program rejected. Reason: None
[debug] Enumerator generated: summarize(nonintFunc(MAP__address(tokenGrantees, address(0))), addc_st(0, 0), subc_end(tokenGrantees.length, 1))
[debug] Program rejected. Reason: None
[debug] Enumerator generated: summarize(nonintFunc(MAP__address(tokenGrantees, address(0))), addc_st(0, 0), subc_end(tokenGrantees.length, 0))
[debug] Program rejected. Reason: None
[debug] Enumerator generated: summarize(nonintFunc(MAP__address(tokenGrantees, address(0))), addc_st(0, 0), subc_end(1, 1))
[debug] Program rejected. Reason: None
[debug] Enumerator generated: summarize(nonintFunc(MAP__address(tokenGrantees, address(0))), addc_st(0, 0), subc_end(1, 0))
[debug] Program rejected. Reason: None
[debug] Enumerator generated: summarize(nonintFunc(MAP__address(tokenGrantees, address(0))), addc_st(0, 0), subc_end(0, 1))
[debug] Program rejected. Reason: None
[debug] Enumerator generated: summarize(nonintFunc(MAP__address(tokenGrantees, address(0))), addc_st(0, 0), subc_end(0, 0))
[debug] Program rejected. Reason: None
[debug] Enumerator generated: summarize(nonintFunc(MAP__address(tokenGrantees, _grantee)), subc_st(tokenGrantees.length, 1), addc_end(tokenGrantees.length, 1))
[debug] Program rejected. Reason: None
[debug] Enumerator generated: summarize(nonintFunc(MAP__address(tokenGrantees, _grantee)), subc_st(tokenGrantees.length, 1), addc_end(tokenGrantees.length, 0))
[debug] Program rejected. Reason: None
[debug] Enumerator generated: summarize(nonintFunc(MAP__address(tokenGrantees, _grantee)), subc_st(tokenGrantees.length, 1), addc_end(1, 1))
[debug] Program rejected. Reason: None
[debug] Enumerator generated: summarize(nonintFunc(MAP__address(tokenGrantees, _grantee)), subc_st(tokenGrantees.length, 1), addc_end(1, 0))
[debug] Program rejected. Reason: None
[debug] Enumerator generated: summarize(nonintFunc(MAP__address(tokenGrantees, _grantee)), subc_st(tokenGrantees.length, 1), addc_end(0, 1))
[debug] Program rejected. Reason: None
[debug] Enumerator generated: summarize(nonintFunc(MAP__address(tokenGrantees, _grantee)), subc_st(tokenGrantees.length, 1), addc_end(0, 0))
[debug] Program rejected. Reason: None
[debug] Enumerator generated: summarize(nonintFunc(MAP__address(tokenGrantees, _grantee)), subc_st(tokenGrantees.length, 0), addc_end(tokenGrantees.length, 1))
[debug] Program rejected. Reason: None
[debug] Enumerator generated: summarize(nonintFunc(MAP__address(tokenGrantees, _grantee)), subc_st(tokenGrantees.length, 0), addc_end(tokenGrantees.length, 0))
[debug] Program rejected. Reason: None
[debug] Enumerator generated: summarize(nonintFunc(MAP__address(tokenGrantees, _grantee)), subc_st(tokenGrantees.length, 0), addc_end(1, 1))
[debug] Program rejected. Reason: None
[debug] Enumerator generated: summarize(nonintFunc(MAP__address(tokenGrantees, _grantee)), subc_st(tokenGrantees.length, 0), addc_end(1, 0))
[debug] Program rejected. Reason: None
[debug] Enumerator generated: summarize(nonintFunc(MAP__address(tokenGrantees, _grantee)), subc_st(tokenGrantees.length, 0), addc_end(0, 1))
[debug] Program rejected. Reason: None
[debug] Enumerator generated: summarize(nonintFunc(MAP__address(tokenGrantees, _grantee)), subc_st(tokenGrantees.length, 0), addc_end(0, 0))
[debug] Program rejected. Reason: None
[debug] Enumerator generated: summarize(nonintFunc(MAP__address(tokenGrantees, _grantee)), subc_st(1, 1), addc_end(tokenGrantees.length, 1))
[debug] Program rejected. Reason: None
[debug] Enumerator generated: summarize(nonintFunc(MAP__address(tokenGrantees, _grantee)), subc_st(1, 1), addc_end(tokenGrantees.length, 0))
[debug] Program rejected. Reason: None
[debug] Enumerator generated: summarize(nonintFunc(MAP__address(tokenGrantees, _grantee)), subc_st(1, 1), addc_end(1, 1))
[debug] Program rejected. Reason: None
[debug] Enumerator generated: summarize(nonintFunc(MAP__address(tokenGrantees, _grantee)), subc_st(1, 1), addc_end(1, 0))
[debug] Program rejected. Reason: None
[debug] Enumerator generated: summarize(nonintFunc(MAP__address(tokenGrantees, _grantee)), subc_st(1, 1), addc_end(0, 1))
[debug] Program rejected. Reason: None
[debug] Enumerator generated: summarize(nonintFunc(MAP__address(tokenGrantees, _grantee)), subc_st(1, 1), addc_end(0, 0))
[debug] Program rejected. Reason: None
[debug] Enumerator generated: summarize(nonintFunc(MAP__address(tokenGrantees, _grantee)), subc_st(1, 0), addc_end(tokenGrantees.length, 1))
[debug] Program rejected. Reason: None
[debug] Enumerator generated: summarize(nonintFunc(MAP__address(tokenGrantees, _grantee)), subc_st(1, 0), addc_end(tokenGrantees.length, 0))
[debug] Program rejected. Reason: None
[debug] Enumerator generated: summarize(nonintFunc(MAP__address(tokenGrantees, _grantee)), subc_st(1, 0), addc_end(1, 1))
[debug] Program rejected. Reason: None
[debug] Enumerator generated: summarize(nonintFunc(MAP__address(tokenGrantees, _grantee)), subc_st(1, 0), addc_end(1, 0))
[debug] Program rejected. Reason: None
[debug] Enumerator generated: summarize(nonintFunc(MAP__address(tokenGrantees, _grantee)), subc_st(1, 0), addc_end(0, 1))
[debug] Program rejected. Reason: None
[debug] Enumerator generated: summarize(nonintFunc(MAP__address(tokenGrantees, _grantee)), subc_st(1, 0), addc_end(0, 0))
[debug] Program rejected. Reason: None
[debug] Enumerator generated: summarize(nonintFunc(MAP__address(tokenGrantees, _grantee)), subc_st(0, 1), addc_end(tokenGrantees.length, 1))
[debug] Program rejected. Reason: None
[debug] Enumerator generated: summarize(nonintFunc(MAP__address(tokenGrantees, _grantee)), subc_st(0, 1), addc_end(tokenGrantees.length, 0))
[debug] Program rejected. Reason: None
[debug] Enumerator generated: summarize(nonintFunc(MAP__address(tokenGrantees, _grantee)), subc_st(0, 1), addc_end(1, 1))
[debug] Program rejected. Reason: None
[debug] Enumerator generated: summarize(nonintFunc(MAP__address(tokenGrantees, _grantee)), subc_st(0, 1), addc_end(1, 0))
[debug] Program rejected. Reason: None
[debug] Enumerator generated: summarize(nonintFunc(MAP__address(tokenGrantees, _grantee)), subc_st(0, 1), addc_end(0, 1))
[debug] Program rejected. Reason: None
[debug] Enumerator generated: summarize(nonintFunc(MAP__address(tokenGrantees, _grantee)), subc_st(0, 1), addc_end(0, 0))
[debug] Program rejected. Reason: None
[debug] Enumerator generated: summarize(nonintFunc(MAP__address(tokenGrantees, _grantee)), subc_st(0, 0), addc_end(tokenGrantees.length, 1))
[debug] Program rejected. Reason: None
[debug] Enumerator generated: summarize(nonintFunc(MAP__address(tokenGrantees, _grantee)), subc_st(0, 0), addc_end(tokenGrantees.length, 0))
[debug] Program rejected. Reason: None
[debug] Enumerator generated: summarize(nonintFunc(MAP__address(tokenGrantees, _grantee)), subc_st(0, 0), addc_end(1, 1))
[debug] Program rejected. Reason: None
[debug] Enumerator generated: summarize(nonintFunc(MAP__address(tokenGrantees, _grantee)), subc_st(0, 0), addc_end(1, 0))
[debug] Program rejected. Reason: None
[debug] Enumerator generated: summarize(nonintFunc(MAP__address(tokenGrantees, _grantee)), subc_st(0, 0), addc_end(0, 1))
[debug] Program rejected. Reason: None
[debug] Enumerator generated: summarize(nonintFunc(MAP__address(tokenGrantees, _grantee)), subc_st(0, 0), addc_end(0, 0))
[debug] Program rejected. Reason: None
[debug] Enumerator generated: summarize(nonintFunc(MAP__address(tokenGrantees, address(0))), subc_st(tokenGrantees.length, 1), addc_end(tokenGrantees.length, 1))
[debug] Program rejected. Reason: None
[debug] Enumerator generated: summarize(nonintFunc(MAP__address(tokenGrantees, address(0))), subc_st(tokenGrantees.length, 1), addc_end(tokenGrantees.length, 0))
[debug] Program rejected. Reason: None
[debug] Enumerator generated: summarize(nonintFunc(MAP__address(tokenGrantees, address(0))), subc_st(tokenGrantees.length, 1), addc_end(1, 1))
[debug] Program rejected. Reason: None
[debug] Enumerator generated: summarize(nonintFunc(MAP__address(tokenGrantees, address(0))), subc_st(tokenGrantees.length, 1), addc_end(1, 0))
[debug] Program rejected. Reason: None
[debug] Enumerator generated: summarize(nonintFunc(MAP__address(tokenGrantees, address(0))), subc_st(tokenGrantees.length, 1), addc_end(0, 1))
[debug] Program rejected. Reason: None
[debug] Enumerator generated: summarize(nonintFunc(MAP__address(tokenGrantees, address(0))), subc_st(tokenGrantees.length, 1), addc_end(0, 0))
[debug] Program rejected. Reason: None
[debug] Enumerator generated: summarize(nonintFunc(MAP__address(tokenGrantees, address(0))), subc_st(tokenGrantees.length, 0), addc_end(tokenGrantees.length, 1))
[debug] Program rejected. Reason: None
[debug] Enumerator generated: summarize(nonintFunc(MAP__address(tokenGrantees, address(0))), subc_st(tokenGrantees.length, 0), addc_end(tokenGrantees.length, 0))
[debug] Program rejected. Reason: None
[debug] Enumerator generated: summarize(nonintFunc(MAP__address(tokenGrantees, address(0))), subc_st(tokenGrantees.length, 0), addc_end(1, 1))
[debug] Program rejected. Reason: None
[debug] Enumerator generated: summarize(nonintFunc(MAP__address(tokenGrantees, address(0))), subc_st(tokenGrantees.length, 0), addc_end(1, 0))
[debug] Program rejected. Reason: None
[debug] Enumerator generated: summarize(nonintFunc(MAP__address(tokenGrantees, address(0))), subc_st(tokenGrantees.length, 0), addc_end(0, 1))
[debug] Program rejected. Reason: None
[debug] Enumerator generated: summarize(nonintFunc(MAP__address(tokenGrantees, address(0))), subc_st(tokenGrantees.length, 0), addc_end(0, 0))
[debug] Program rejected. Reason: None
[debug] Enumerator generated: summarize(nonintFunc(MAP__address(tokenGrantees, address(0))), subc_st(1, 1), addc_end(tokenGrantees.length, 1))
[debug] Program rejected. Reason: None
[debug] Enumerator generated: summarize(nonintFunc(MAP__address(tokenGrantees, address(0))), subc_st(1, 1), addc_end(tokenGrantees.length, 0))
[debug] Program rejected. Reason: None
[debug] Enumerator generated: summarize(nonintFunc(MAP__address(tokenGrantees, address(0))), subc_st(1, 1), addc_end(1, 1))
[debug] Program rejected. Reason: None
[debug] Enumerator generated: summarize(nonintFunc(MAP__address(tokenGrantees, address(0))), subc_st(1, 1), addc_end(1, 0))
[debug] Program rejected. Reason: None
[debug] Enumerator generated: summarize(nonintFunc(MAP__address(tokenGrantees, address(0))), subc_st(1, 1), addc_end(0, 1))
[debug] Program rejected. Reason: None
[debug] Enumerator generated: summarize(nonintFunc(MAP__address(tokenGrantees, address(0))), subc_st(1, 1), addc_end(0, 0))
[debug] Program rejected. Reason: None
[debug] Enumerator generated: summarize(nonintFunc(MAP__address(tokenGrantees, address(0))), subc_st(1, 0), addc_end(tokenGrantees.length, 1))
[debug] Program rejected. Reason: None
[debug] Enumerator generated: summarize(nonintFunc(MAP__address(tokenGrantees, address(0))), subc_st(1, 0), addc_end(tokenGrantees.length, 0))
[debug] Program rejected. Reason: None
[debug] Enumerator generated: summarize(nonintFunc(MAP__address(tokenGrantees, address(0))), subc_st(1, 0), addc_end(1, 1))
[debug] Program rejected. Reason: None
[debug] Enumerator generated: summarize(nonintFunc(MAP__address(tokenGrantees, address(0))), subc_st(1, 0), addc_end(1, 0))
[debug] Program rejected. Reason: None
[debug] Enumerator generated: summarize(nonintFunc(MAP__address(tokenGrantees, address(0))), subc_st(1, 0), addc_end(0, 1))
[debug] Program rejected. Reason: None
[debug] Enumerator generated: summarize(nonintFunc(MAP__address(tokenGrantees, address(0))), subc_st(1, 0), addc_end(0, 0))
[debug] Program rejected. Reason: None
[debug] Enumerator generated: summarize(nonintFunc(MAP__address(tokenGrantees, address(0))), subc_st(0, 1), addc_end(tokenGrantees.length, 1))
[debug] Program rejected. Reason: None
[debug] Enumerator generated: summarize(nonintFunc(MAP__address(tokenGrantees, address(0))), subc_st(0, 1), addc_end(tokenGrantees.length, 0))
[debug] Program rejected. Reason: None
[debug] Enumerator generated: summarize(nonintFunc(MAP__address(tokenGrantees, address(0))), subc_st(0, 1), addc_end(1, 1))
[debug] Program rejected. Reason: None
[debug] Enumerator generated: summarize(nonintFunc(MAP__address(tokenGrantees, address(0))), subc_st(0, 1), addc_end(1, 0))
[debug] Program rejected. Reason: None
[debug] Enumerator generated: summarize(nonintFunc(MAP__address(tokenGrantees, address(0))), subc_st(0, 1), addc_end(0, 1))
[debug] Program rejected. Reason: None
[debug] Enumerator generated: summarize(nonintFunc(MAP__address(tokenGrantees, address(0))), subc_st(0, 1), addc_end(0, 0))
[debug] Program rejected. Reason: None
[debug] Enumerator generated: summarize(nonintFunc(MAP__address(tokenGrantees, address(0))), subc_st(0, 0), addc_end(tokenGrantees.length, 1))
[debug] Program rejected. Reason: None
[debug] Enumerator generated: summarize(nonintFunc(MAP__address(tokenGrantees, address(0))), subc_st(0, 0), addc_end(tokenGrantees.length, 0))
[debug] Program rejected. Reason: None
[debug] Enumerator generated: summarize(nonintFunc(MAP__address(tokenGrantees, address(0))), subc_st(0, 0), addc_end(1, 1))
[debug] Program rejected. Reason: None
[debug] Enumerator generated: summarize(nonintFunc(MAP__address(tokenGrantees, address(0))), subc_st(0, 0), addc_end(1, 0))
[debug] Program rejected. Reason: None
[debug] Enumerator generated: summarize(nonintFunc(MAP__address(tokenGrantees, address(0))), subc_st(0, 0), addc_end(0, 1))
[debug] Program rejected. Reason: None
[debug] Enumerator generated: summarize(nonintFunc(MAP__address(tokenGrantees, address(0))), subc_st(0, 0), addc_end(0, 0))
[debug] Program rejected. Reason: None
[debug] Enumerator generated: summarize(nonintFunc(MAP__address(tokenGrantees, _grantee)), subc_st(tokenGrantees.length, 1), subc_end(tokenGrantees.length, 1))
[debug] Program rejected. Reason: None
[debug] Enumerator generated: summarize(nonintFunc(MAP__address(tokenGrantees, _grantee)), subc_st(tokenGrantees.length, 1), subc_end(tokenGrantees.length, 0))
[debug] Program rejected. Reason: None
[debug] Enumerator generated: summarize(nonintFunc(MAP__address(tokenGrantees, _grantee)), subc_st(tokenGrantees.length, 1), subc_end(1, 1))
[debug] Program rejected. Reason: None
[debug] Enumerator generated: summarize(nonintFunc(MAP__address(tokenGrantees, _grantee)), subc_st(tokenGrantees.length, 1), subc_end(1, 0))
[debug] Program rejected. Reason: None
[debug] Enumerator generated: summarize(nonintFunc(MAP__address(tokenGrantees, _grantee)), subc_st(tokenGrantees.length, 1), subc_end(0, 1))
[debug] Program rejected. Reason: None
[debug] Enumerator generated: summarize(nonintFunc(MAP__address(tokenGrantees, _grantee)), subc_st(tokenGrantees.length, 1), subc_end(0, 0))
[debug] Program rejected. Reason: None
[debug] Enumerator generated: summarize(nonintFunc(MAP__address(tokenGrantees, _grantee)), subc_st(tokenGrantees.length, 0), subc_end(tokenGrantees.length, 1))
[debug] Program rejected. Reason: None
[debug] Enumerator generated: summarize(nonintFunc(MAP__address(tokenGrantees, _grantee)), subc_st(tokenGrantees.length, 0), subc_end(tokenGrantees.length, 0))
[debug] Program rejected. Reason: None
[debug] Enumerator generated: summarize(nonintFunc(MAP__address(tokenGrantees, _grantee)), subc_st(tokenGrantees.length, 0), subc_end(1, 1))
[debug] Program rejected. Reason: None
[debug] Enumerator generated: summarize(nonintFunc(MAP__address(tokenGrantees, _grantee)), subc_st(tokenGrantees.length, 0), subc_end(1, 0))
[debug] Program rejected. Reason: None
[debug] Enumerator generated: summarize(nonintFunc(MAP__address(tokenGrantees, _grantee)), subc_st(tokenGrantees.length, 0), subc_end(0, 1))
[debug] Program rejected. Reason: None
[debug] Enumerator generated: summarize(nonintFunc(MAP__address(tokenGrantees, _grantee)), subc_st(tokenGrantees.length, 0), subc_end(0, 0))
[debug] Program rejected. Reason: None
[debug] Enumerator generated: summarize(nonintFunc(MAP__address(tokenGrantees, _grantee)), subc_st(1, 1), subc_end(tokenGrantees.length, 1))
[debug] Program rejected. Reason: None
[debug] Enumerator generated: summarize(nonintFunc(MAP__address(tokenGrantees, _grantee)), subc_st(1, 1), subc_end(tokenGrantees.length, 0))
[debug] Program rejected. Reason: None
[debug] Enumerator generated: summarize(nonintFunc(MAP__address(tokenGrantees, _grantee)), subc_st(1, 1), subc_end(1, 1))
[debug] Program rejected. Reason: None
[debug] Enumerator generated: summarize(nonintFunc(MAP__address(tokenGrantees, _grantee)), subc_st(1, 1), subc_end(1, 0))
[debug] Program rejected. Reason: None
[debug] Enumerator generated: summarize(nonintFunc(MAP__address(tokenGrantees, _grantee)), subc_st(1, 1), subc_end(0, 1))
[debug] Program rejected. Reason: None
[debug] Enumerator generated: summarize(nonintFunc(MAP__address(tokenGrantees, _grantee)), subc_st(1, 1), subc_end(0, 0))
[debug] Program rejected. Reason: None
[debug] Enumerator generated: summarize(nonintFunc(MAP__address(tokenGrantees, _grantee)), subc_st(1, 0), subc_end(tokenGrantees.length, 1))
[debug] Program rejected. Reason: None
[debug] Enumerator generated: summarize(nonintFunc(MAP__address(tokenGrantees, _grantee)), subc_st(1, 0), subc_end(tokenGrantees.length, 0))
[debug] Program rejected. Reason: None
[debug] Enumerator generated: summarize(nonintFunc(MAP__address(tokenGrantees, _grantee)), subc_st(1, 0), subc_end(1, 1))
[debug] Program rejected. Reason: None
[debug] Enumerator generated: summarize(nonintFunc(MAP__address(tokenGrantees, _grantee)), subc_st(1, 0), subc_end(1, 0))
[debug] Program rejected. Reason: None
[debug] Enumerator generated: summarize(nonintFunc(MAP__address(tokenGrantees, _grantee)), subc_st(1, 0), subc_end(0, 1))
[debug] Program rejected. Reason: None
[debug] Enumerator generated: summarize(nonintFunc(MAP__address(tokenGrantees, _grantee)), subc_st(1, 0), subc_end(0, 0))
[debug] Program rejected. Reason: None
[debug] Enumerator generated: summarize(nonintFunc(MAP__address(tokenGrantees, _grantee)), subc_st(0, 1), subc_end(tokenGrantees.length, 1))
[debug] Program rejected. Reason: None
[debug] Enumerator generated: summarize(nonintFunc(MAP__address(tokenGrantees, _grantee)), subc_st(0, 1), subc_end(tokenGrantees.length, 0))
[debug] Program rejected. Reason: None
[debug] Enumerator generated: summarize(nonintFunc(MAP__address(tokenGrantees, _grantee)), subc_st(0, 1), subc_end(1, 1))
[debug] Program rejected. Reason: None
[debug] Enumerator generated: summarize(nonintFunc(MAP__address(tokenGrantees, _grantee)), subc_st(0, 1), subc_end(1, 0))
[debug] Program rejected. Reason: None
[debug] Enumerator generated: summarize(nonintFunc(MAP__address(tokenGrantees, _grantee)), subc_st(0, 1), subc_end(0, 1))
[debug] Program rejected. Reason: None
[debug] Enumerator generated: summarize(nonintFunc(MAP__address(tokenGrantees, _grantee)), subc_st(0, 1), subc_end(0, 0))
[debug] Program rejected. Reason: None
[debug] Enumerator generated: summarize(nonintFunc(MAP__address(tokenGrantees, _grantee)), subc_st(0, 0), subc_end(tokenGrantees.length, 1))
[debug] Program rejected. Reason: None
[debug] Enumerator generated: summarize(nonintFunc(MAP__address(tokenGrantees, _grantee)), subc_st(0, 0), subc_end(tokenGrantees.length, 0))
[debug] Program rejected. Reason: None
[debug] Enumerator generated: summarize(nonintFunc(MAP__address(tokenGrantees, _grantee)), subc_st(0, 0), subc_end(1, 1))
[debug] Program rejected. Reason: None
[debug] Enumerator generated: summarize(nonintFunc(MAP__address(tokenGrantees, _grantee)), subc_st(0, 0), subc_end(1, 0))
[debug] Program rejected. Reason: None
[debug] Enumerator generated: summarize(nonintFunc(MAP__address(tokenGrantees, _grantee)), subc_st(0, 0), subc_end(0, 1))
[debug] Program rejected. Reason: None
[debug] Enumerator generated: summarize(nonintFunc(MAP__address(tokenGrantees, _grantee)), subc_st(0, 0), subc_end(0, 0))
[debug] Program rejected. Reason: None
[debug] Enumerator generated: summarize(nonintFunc(MAP__address(tokenGrantees, address(0))), subc_st(tokenGrantees.length, 1), subc_end(tokenGrantees.length, 1))
[debug] Program rejected. Reason: None
[debug] Enumerator generated: summarize(nonintFunc(MAP__address(tokenGrantees, address(0))), subc_st(tokenGrantees.length, 1), subc_end(tokenGrantees.length, 0))
[debug] Program rejected. Reason: None
[debug] Enumerator generated: summarize(nonintFunc(MAP__address(tokenGrantees, address(0))), subc_st(tokenGrantees.length, 1), subc_end(1, 1))
[debug] Program rejected. Reason: None
[debug] Enumerator generated: summarize(nonintFunc(MAP__address(tokenGrantees, address(0))), subc_st(tokenGrantees.length, 1), subc_end(1, 0))
[debug] Program rejected. Reason: None
[debug] Enumerator generated: summarize(nonintFunc(MAP__address(tokenGrantees, address(0))), subc_st(tokenGrantees.length, 1), subc_end(0, 1))
[debug] Program rejected. Reason: None
[debug] Enumerator generated: summarize(nonintFunc(MAP__address(tokenGrantees, address(0))), subc_st(tokenGrantees.length, 1), subc_end(0, 0))
[debug] Program rejected. Reason: None
[debug] Enumerator generated: summarize(nonintFunc(MAP__address(tokenGrantees, address(0))), subc_st(tokenGrantees.length, 0), subc_end(tokenGrantees.length, 1))
[debug] Program rejected. Reason: None
[debug] Enumerator generated: summarize(nonintFunc(MAP__address(tokenGrantees, address(0))), subc_st(tokenGrantees.length, 0), subc_end(tokenGrantees.length, 0))
[debug] Program rejected. Reason: None
[debug] Enumerator generated: summarize(nonintFunc(MAP__address(tokenGrantees, address(0))), subc_st(tokenGrantees.length, 0), subc_end(1, 1))
[debug] Program rejected. Reason: None
[debug] Enumerator generated: summarize(nonintFunc(MAP__address(tokenGrantees, address(0))), subc_st(tokenGrantees.length, 0), subc_end(1, 0))
[debug] Program rejected. Reason: None
[debug] Enumerator generated: summarize(nonintFunc(MAP__address(tokenGrantees, address(0))), subc_st(tokenGrantees.length, 0), subc_end(0, 1))
[debug] Program rejected. Reason: None
[debug] Enumerator generated: summarize(nonintFunc(MAP__address(tokenGrantees, address(0))), subc_st(tokenGrantees.length, 0), subc_end(0, 0))
[debug] Program rejected. Reason: None
[debug] Enumerator generated: summarize(nonintFunc(MAP__address(tokenGrantees, address(0))), subc_st(1, 1), subc_end(tokenGrantees.length, 1))
[debug] Program rejected. Reason: None
[debug] Enumerator generated: summarize(nonintFunc(MAP__address(tokenGrantees, address(0))), subc_st(1, 1), subc_end(tokenGrantees.length, 0))
[debug] Program rejected. Reason: None
[debug] Enumerator generated: summarize(nonintFunc(MAP__address(tokenGrantees, address(0))), subc_st(1, 1), subc_end(1, 1))
[debug] Program rejected. Reason: None
[debug] Enumerator generated: summarize(nonintFunc(MAP__address(tokenGrantees, address(0))), subc_st(1, 1), subc_end(1, 0))
[debug] Program rejected. Reason: None
[debug] Enumerator generated: summarize(nonintFunc(MAP__address(tokenGrantees, address(0))), subc_st(1, 1), subc_end(0, 1))
[debug] Program rejected. Reason: None
[debug] Enumerator generated: summarize(nonintFunc(MAP__address(tokenGrantees, address(0))), subc_st(1, 1), subc_end(0, 0))
[debug] Program rejected. Reason: None
[debug] Enumerator generated: summarize(nonintFunc(MAP__address(tokenGrantees, address(0))), subc_st(1, 0), subc_end(tokenGrantees.length, 1))
[debug] Program rejected. Reason: None
[debug] Enumerator generated: summarize(nonintFunc(MAP__address(tokenGrantees, address(0))), subc_st(1, 0), subc_end(tokenGrantees.length, 0))
[debug] Program rejected. Reason: None
[debug] Enumerator generated: summarize(nonintFunc(MAP__address(tokenGrantees, address(0))), subc_st(1, 0), subc_end(1, 1))
[debug] Program rejected. Reason: None
[debug] Enumerator generated: summarize(nonintFunc(MAP__address(tokenGrantees, address(0))), subc_st(1, 0), subc_end(1, 0))
[debug] Program rejected. Reason: None
[debug] Enumerator generated: summarize(nonintFunc(MAP__address(tokenGrantees, address(0))), subc_st(1, 0), subc_end(0, 1))
[debug] Program rejected. Reason: None
[debug] Enumerator generated: summarize(nonintFunc(MAP__address(tokenGrantees, address(0))), subc_st(1, 0), subc_end(0, 0))
[debug] Program rejected. Reason: None
[debug] Enumerator generated: summarize(nonintFunc(MAP__address(tokenGrantees, address(0))), subc_st(0, 1), subc_end(tokenGrantees.length, 1))
[debug] Program rejected. Reason: None
[debug] Enumerator generated: summarize(nonintFunc(MAP__address(tokenGrantees, address(0))), subc_st(0, 1), subc_end(tokenGrantees.length, 0))
[debug] Program rejected. Reason: None
[debug] Enumerator generated: summarize(nonintFunc(MAP__address(tokenGrantees, address(0))), subc_st(0, 1), subc_end(1, 1))
[debug] Program rejected. Reason: None
[debug] Enumerator generated: summarize(nonintFunc(MAP__address(tokenGrantees, address(0))), subc_st(0, 1), subc_end(1, 0))
[debug] Program rejected. Reason: None
[debug] Enumerator generated: summarize(nonintFunc(MAP__address(tokenGrantees, address(0))), subc_st(0, 1), subc_end(0, 1))
[debug] Program rejected. Reason: None
[debug] Enumerator generated: summarize(nonintFunc(MAP__address(tokenGrantees, address(0))), subc_st(0, 1), subc_end(0, 0))
[debug] Program rejected. Reason: None
[debug] Enumerator generated: summarize(nonintFunc(MAP__address(tokenGrantees, address(0))), subc_st(0, 0), subc_end(tokenGrantees.length, 1))
[debug] Program rejected. Reason: None
[debug] Enumerator generated: summarize(nonintFunc(MAP__address(tokenGrantees, address(0))), subc_st(0, 0), subc_end(tokenGrantees.length, 0))
[debug] Program rejected. Reason: None
[debug] Enumerator generated: summarize(nonintFunc(MAP__address(tokenGrantees, address(0))), subc_st(0, 0), subc_end(1, 1))
[debug] Program rejected. Reason: None
[debug] Enumerator generated: summarize(nonintFunc(MAP__address(tokenGrantees, address(0))), subc_st(0, 0), subc_end(1, 0))
[debug] Program rejected. Reason: None
[debug] Enumerator generated: summarize(nonintFunc(MAP__address(tokenGrantees, address(0))), subc_st(0, 0), subc_end(0, 1))
[debug] Program rejected. Reason: None
[debug] Enumerator generated: summarize(nonintFunc(MAP__address(tokenGrantees, address(0))), subc_st(0, 0), subc_end(0, 0))
[debug] Program rejected. Reason: None
[debug] Enumerator generated: summarize(nonintFunc(REQUIRE__address(eq_addr(tokenGrantees, _grantee))), addc_st(tokenGrantees.length, 1), addc_end(tokenGrantees.length, 1))
[debug] Program rejected. Reason: None
[debug] Enumerator generated: summarize(nonintFunc(REQUIRE__address(eq_addr(tokenGrantees, _grantee))), addc_st(tokenGrantees.length, 1), addc_end(tokenGrantees.length, 0))
[debug] Program rejected. Reason: None
[debug] Enumerator generated: summarize(nonintFunc(REQUIRE__address(eq_addr(tokenGrantees, _grantee))), addc_st(tokenGrantees.length, 1), addc_end(1, 1))
[debug] Program rejected. Reason: None
[debug] Enumerator generated: summarize(nonintFunc(REQUIRE__address(eq_addr(tokenGrantees, _grantee))), addc_st(tokenGrantees.length, 1), addc_end(1, 0))
[debug] Program rejected. Reason: None
[debug] Enumerator generated: summarize(nonintFunc(REQUIRE__address(eq_addr(tokenGrantees, _grantee))), addc_st(tokenGrantees.length, 1), addc_end(0, 1))
[debug] Program rejected. Reason: None
[debug] Enumerator generated: summarize(nonintFunc(REQUIRE__address(eq_addr(tokenGrantees, _grantee))), addc_st(tokenGrantees.length, 1), addc_end(0, 0))
[debug] Program rejected. Reason: None
[debug] Enumerator generated: summarize(nonintFunc(REQUIRE__address(eq_addr(tokenGrantees, _grantee))), addc_st(tokenGrantees.length, 0), addc_end(tokenGrantees.length, 1))
[debug] Program rejected. Reason: None
[debug] Enumerator generated: summarize(nonintFunc(REQUIRE__address(eq_addr(tokenGrantees, _grantee))), addc_st(tokenGrantees.length, 0), addc_end(tokenGrantees.length, 0))
[debug] Program rejected. Reason: None
[debug] Enumerator generated: summarize(nonintFunc(REQUIRE__address(eq_addr(tokenGrantees, _grantee))), addc_st(tokenGrantees.length, 0), addc_end(1, 1))
[debug] Program rejected. Reason: None
[debug] Enumerator generated: summarize(nonintFunc(REQUIRE__address(eq_addr(tokenGrantees, _grantee))), addc_st(tokenGrantees.length, 0), addc_end(1, 0))
[debug] Program rejected. Reason: None
[debug] Enumerator generated: summarize(nonintFunc(REQUIRE__address(eq_addr(tokenGrantees, _grantee))), addc_st(tokenGrantees.length, 0), addc_end(0, 1))
[debug] Program rejected. Reason: None
[debug] Enumerator generated: summarize(nonintFunc(REQUIRE__address(eq_addr(tokenGrantees, _grantee))), addc_st(tokenGrantees.length, 0), addc_end(0, 0))
[debug] Program rejected. Reason: None
[debug] Enumerator generated: summarize(nonintFunc(REQUIRE__address(eq_addr(tokenGrantees, _grantee))), addc_st(1, 1), addc_end(tokenGrantees.length, 1))
[debug] Program rejected. Reason: None
[debug] Enumerator generated: summarize(nonintFunc(REQUIRE__address(eq_addr(tokenGrantees, _grantee))), addc_st(1, 1), addc_end(tokenGrantees.length, 0))
[debug] Program rejected. Reason: None
[debug] Enumerator generated: summarize(nonintFunc(REQUIRE__address(eq_addr(tokenGrantees, _grantee))), addc_st(1, 1), addc_end(1, 1))
[debug] Program rejected. Reason: None
[debug] Enumerator generated: summarize(nonintFunc(REQUIRE__address(eq_addr(tokenGrantees, _grantee))), addc_st(1, 1), addc_end(1, 0))
[debug] Program rejected. Reason: None
[debug] Enumerator generated: summarize(nonintFunc(REQUIRE__address(eq_addr(tokenGrantees, _grantee))), addc_st(1, 1), addc_end(0, 1))
[debug] Program rejected. Reason: None
[debug] Enumerator generated: summarize(nonintFunc(REQUIRE__address(eq_addr(tokenGrantees, _grantee))), addc_st(1, 1), addc_end(0, 0))
[debug] Program rejected. Reason: None
[debug] Enumerator generated: summarize(nonintFunc(REQUIRE__address(eq_addr(tokenGrantees, _grantee))), addc_st(1, 0), addc_end(tokenGrantees.length, 1))
[debug] Program rejected. Reason: None
[debug] Enumerator generated: summarize(nonintFunc(REQUIRE__address(eq_addr(tokenGrantees, _grantee))), addc_st(1, 0), addc_end(tokenGrantees.length, 0))
[debug] Program rejected. Reason: None
[debug] Enumerator generated: summarize(nonintFunc(REQUIRE__address(eq_addr(tokenGrantees, _grantee))), addc_st(1, 0), addc_end(1, 1))
[debug] Program rejected. Reason: None
[debug] Enumerator generated: summarize(nonintFunc(REQUIRE__address(eq_addr(tokenGrantees, _grantee))), addc_st(1, 0), addc_end(1, 0))
[debug] Program rejected. Reason: None
[debug] Enumerator generated: summarize(nonintFunc(REQUIRE__address(eq_addr(tokenGrantees, _grantee))), addc_st(1, 0), addc_end(0, 1))
[debug] Program rejected. Reason: None
[debug] Enumerator generated: summarize(nonintFunc(REQUIRE__address(eq_addr(tokenGrantees, _grantee))), addc_st(1, 0), addc_end(0, 0))
[debug] Program rejected. Reason: None
[debug] Enumerator generated: summarize(nonintFunc(REQUIRE__address(eq_addr(tokenGrantees, _grantee))), addc_st(0, 1), addc_end(tokenGrantees.length, 1))
[debug] Program rejected. Reason: None
[debug] Enumerator generated: summarize(nonintFunc(REQUIRE__address(eq_addr(tokenGrantees, _grantee))), addc_st(0, 1), addc_end(tokenGrantees.length, 0))
[debug] Program rejected. Reason: None
[debug] Enumerator generated: summarize(nonintFunc(REQUIRE__address(eq_addr(tokenGrantees, _grantee))), addc_st(0, 1), addc_end(1, 1))
[debug] Program rejected. Reason: None
[debug] Enumerator generated: summarize(nonintFunc(REQUIRE__address(eq_addr(tokenGrantees, _grantee))), addc_st(0, 1), addc_end(1, 0))
[debug] Program rejected. Reason: None
[debug] Enumerator generated: summarize(nonintFunc(REQUIRE__address(eq_addr(tokenGrantees, _grantee))), addc_st(0, 1), addc_end(0, 1))
[debug] Program rejected. Reason: None
[debug] Enumerator generated: summarize(nonintFunc(REQUIRE__address(eq_addr(tokenGrantees, _grantee))), addc_st(0, 1), addc_end(0, 0))
[debug] Program rejected. Reason: None
[debug] Enumerator generated: summarize(nonintFunc(REQUIRE__address(eq_addr(tokenGrantees, _grantee))), addc_st(0, 0), addc_end(tokenGrantees.length, 1))
[debug] Program rejected. Reason: None
[debug] Enumerator generated: summarize(nonintFunc(REQUIRE__address(eq_addr(tokenGrantees, _grantee))), addc_st(0, 0), addc_end(tokenGrantees.length, 0))
[debug] Program rejected. Reason: None
[debug] Enumerator generated: summarize(nonintFunc(REQUIRE__address(eq_addr(tokenGrantees, _grantee))), addc_st(0, 0), addc_end(1, 1))
[debug] Program rejected. Reason: None
[debug] Enumerator generated: summarize(nonintFunc(REQUIRE__address(eq_addr(tokenGrantees, _grantee))), addc_st(0, 0), addc_end(1, 0))
[debug] Program rejected. Reason: None
[debug] Enumerator generated: summarize(nonintFunc(REQUIRE__address(eq_addr(tokenGrantees, _grantee))), addc_st(0, 0), addc_end(0, 1))
[debug] Program rejected. Reason: None
[debug] Enumerator generated: summarize(nonintFunc(REQUIRE__address(eq_addr(tokenGrantees, _grantee))), addc_st(0, 0), addc_end(0, 0))
[debug] Program rejected. Reason: None
[debug] Enumerator generated: summarize(nonintFunc(REQUIRE__address(eq_addr(tokenGrantees, address(0)))), addc_st(tokenGrantees.length, 1), addc_end(tokenGrantees.length, 1))
[debug] Program rejected. Reason: None
[debug] Enumerator generated: summarize(nonintFunc(REQUIRE__address(eq_addr(tokenGrantees, address(0)))), addc_st(tokenGrantees.length, 1), addc_end(tokenGrantees.length, 0))
[debug] Program rejected. Reason: None
[debug] Enumerator generated: summarize(nonintFunc(REQUIRE__address(eq_addr(tokenGrantees, address(0)))), addc_st(tokenGrantees.length, 1), addc_end(1, 1))
[debug] Program rejected. Reason: None
[debug] Enumerator generated: summarize(nonintFunc(REQUIRE__address(eq_addr(tokenGrantees, address(0)))), addc_st(tokenGrantees.length, 1), addc_end(1, 0))
[debug] Program rejected. Reason: None
[debug] Enumerator generated: summarize(nonintFunc(REQUIRE__address(eq_addr(tokenGrantees, address(0)))), addc_st(tokenGrantees.length, 1), addc_end(0, 1))
[debug] Program rejected. Reason: None
[debug] Enumerator generated: summarize(nonintFunc(REQUIRE__address(eq_addr(tokenGrantees, address(0)))), addc_st(tokenGrantees.length, 1), addc_end(0, 0))
[debug] Program rejected. Reason: None
[debug] Enumerator generated: summarize(nonintFunc(REQUIRE__address(eq_addr(tokenGrantees, address(0)))), addc_st(tokenGrantees.length, 0), addc_end(tokenGrantees.length, 1))
[debug] Program rejected. Reason: None
[debug] Enumerator generated: summarize(nonintFunc(REQUIRE__address(eq_addr(tokenGrantees, address(0)))), addc_st(tokenGrantees.length, 0), addc_end(tokenGrantees.length, 0))
[debug] Program rejected. Reason: None
[debug] Enumerator generated: summarize(nonintFunc(REQUIRE__address(eq_addr(tokenGrantees, address(0)))), addc_st(tokenGrantees.length, 0), addc_end(1, 1))
[debug] Program rejected. Reason: None
[debug] Enumerator generated: summarize(nonintFunc(REQUIRE__address(eq_addr(tokenGrantees, address(0)))), addc_st(tokenGrantees.length, 0), addc_end(1, 0))
[debug] Program rejected. Reason: None
[debug] Enumerator generated: summarize(nonintFunc(REQUIRE__address(eq_addr(tokenGrantees, address(0)))), addc_st(tokenGrantees.length, 0), addc_end(0, 1))
[debug] Program rejected. Reason: None
[debug] Enumerator generated: summarize(nonintFunc(REQUIRE__address(eq_addr(tokenGrantees, address(0)))), addc_st(tokenGrantees.length, 0), addc_end(0, 0))
[debug] Program rejected. Reason: None
[debug] Enumerator generated: summarize(nonintFunc(REQUIRE__address(eq_addr(tokenGrantees, address(0)))), addc_st(1, 1), addc_end(tokenGrantees.length, 1))
[debug] Program rejected. Reason: None
[debug] Enumerator generated: summarize(nonintFunc(REQUIRE__address(eq_addr(tokenGrantees, address(0)))), addc_st(1, 1), addc_end(tokenGrantees.length, 0))
[debug] Program rejected. Reason: None
[debug] Enumerator generated: summarize(nonintFunc(REQUIRE__address(eq_addr(tokenGrantees, address(0)))), addc_st(1, 1), addc_end(1, 1))
[debug] Program rejected. Reason: None
[debug] Enumerator generated: summarize(nonintFunc(REQUIRE__address(eq_addr(tokenGrantees, address(0)))), addc_st(1, 1), addc_end(1, 0))
[debug] Program rejected. Reason: None
[debug] Enumerator generated: summarize(nonintFunc(REQUIRE__address(eq_addr(tokenGrantees, address(0)))), addc_st(1, 1), addc_end(0, 1))
[debug] Program rejected. Reason: None
[debug] Enumerator generated: summarize(nonintFunc(REQUIRE__address(eq_addr(tokenGrantees, address(0)))), addc_st(1, 1), addc_end(0, 0))
[debug] Program rejected. Reason: None
[debug] Enumerator generated: summarize(nonintFunc(REQUIRE__address(eq_addr(tokenGrantees, address(0)))), addc_st(1, 0), addc_end(tokenGrantees.length, 1))
[debug] Program rejected. Reason: None
[debug] Enumerator generated: summarize(nonintFunc(REQUIRE__address(eq_addr(tokenGrantees, address(0)))), addc_st(1, 0), addc_end(tokenGrantees.length, 0))
[debug] Program rejected. Reason: None
[debug] Enumerator generated: summarize(nonintFunc(REQUIRE__address(eq_addr(tokenGrantees, address(0)))), addc_st(1, 0), addc_end(1, 1))
[debug] Program rejected. Reason: None
[debug] Enumerator generated: summarize(nonintFunc(REQUIRE__address(eq_addr(tokenGrantees, address(0)))), addc_st(1, 0), addc_end(1, 0))
[debug] Program rejected. Reason: None
[debug] Enumerator generated: summarize(nonintFunc(REQUIRE__address(eq_addr(tokenGrantees, address(0)))), addc_st(1, 0), addc_end(0, 1))
[debug] Program rejected. Reason: None
[debug] Enumerator generated: summarize(nonintFunc(REQUIRE__address(eq_addr(tokenGrantees, address(0)))), addc_st(1, 0), addc_end(0, 0))
[debug] Program rejected. Reason: None
[debug] Enumerator generated: summarize(nonintFunc(REQUIRE__address(eq_addr(tokenGrantees, address(0)))), addc_st(0, 1), addc_end(tokenGrantees.length, 1))
[debug] Program rejected. Reason: None
[debug] Enumerator generated: summarize(nonintFunc(REQUIRE__address(eq_addr(tokenGrantees, address(0)))), addc_st(0, 1), addc_end(tokenGrantees.length, 0))
[debug] Program rejected. Reason: None
[debug] Enumerator generated: summarize(nonintFunc(REQUIRE__address(eq_addr(tokenGrantees, address(0)))), addc_st(0, 1), addc_end(1, 1))
[debug] Program rejected. Reason: None
[debug] Enumerator generated: summarize(nonintFunc(REQUIRE__address(eq_addr(tokenGrantees, address(0)))), addc_st(0, 1), addc_end(1, 0))
[debug] Program rejected. Reason: None
[debug] Enumerator generated: summarize(nonintFunc(REQUIRE__address(eq_addr(tokenGrantees, address(0)))), addc_st(0, 1), addc_end(0, 1))
[debug] Program rejected. Reason: None
[debug] Enumerator generated: summarize(nonintFunc(REQUIRE__address(eq_addr(tokenGrantees, address(0)))), addc_st(0, 1), addc_end(0, 0))
[debug] Program rejected. Reason: None
[debug] Enumerator generated: summarize(nonintFunc(REQUIRE__address(eq_addr(tokenGrantees, address(0)))), addc_st(0, 0), addc_end(tokenGrantees.length, 1))
[debug] Program rejected. Reason: None
[debug] Enumerator generated: summarize(nonintFunc(REQUIRE__address(eq_addr(tokenGrantees, address(0)))), addc_st(0, 0), addc_end(tokenGrantees.length, 0))
[debug] Program rejected. Reason: None
[debug] Enumerator generated: summarize(nonintFunc(REQUIRE__address(eq_addr(tokenGrantees, address(0)))), addc_st(0, 0), addc_end(1, 1))
[debug] Program rejected. Reason: None
[debug] Enumerator generated: summarize(nonintFunc(REQUIRE__address(eq_addr(tokenGrantees, address(0)))), addc_st(0, 0), addc_end(1, 0))
[debug] Program rejected. Reason: None
[debug] Enumerator generated: summarize(nonintFunc(REQUIRE__address(eq_addr(tokenGrantees, address(0)))), addc_st(0, 0), addc_end(0, 1))
[debug] Program rejected. Reason: None
[debug] Enumerator generated: summarize(nonintFunc(REQUIRE__address(eq_addr(tokenGrantees, address(0)))), addc_st(0, 0), addc_end(0, 0))
[debug] Program rejected. Reason: None
[debug] Enumerator generated: summarize(nonintFunc(REQUIRE__address(neq_addr(tokenGrantees, _grantee))), addc_st(tokenGrantees.length, 1), addc_end(tokenGrantees.length, 1))
[debug] Program rejected. Reason: None
[debug] Enumerator generated: summarize(nonintFunc(REQUIRE__address(neq_addr(tokenGrantees, _grantee))), addc_st(tokenGrantees.length, 1), addc_end(tokenGrantees.length, 0))
[debug] Program rejected. Reason: None
[debug] Enumerator generated: summarize(nonintFunc(REQUIRE__address(neq_addr(tokenGrantees, _grantee))), addc_st(tokenGrantees.length, 1), addc_end(1, 1))
[debug] Program rejected. Reason: None
[debug] Enumerator generated: summarize(nonintFunc(REQUIRE__address(neq_addr(tokenGrantees, _grantee))), addc_st(tokenGrantees.length, 1), addc_end(1, 0))
[debug] Program rejected. Reason: None
[debug] Enumerator generated: summarize(nonintFunc(REQUIRE__address(neq_addr(tokenGrantees, _grantee))), addc_st(tokenGrantees.length, 1), addc_end(0, 1))
[debug] Program rejected. Reason: None
[debug] Enumerator generated: summarize(nonintFunc(REQUIRE__address(neq_addr(tokenGrantees, _grantee))), addc_st(tokenGrantees.length, 1), addc_end(0, 0))
[debug] Program rejected. Reason: None
[debug] Enumerator generated: summarize(nonintFunc(REQUIRE__address(neq_addr(tokenGrantees, _grantee))), addc_st(tokenGrantees.length, 0), addc_end(tokenGrantees.length, 1))
[debug] Program rejected. Reason: None
[debug] Enumerator generated: summarize(nonintFunc(REQUIRE__address(neq_addr(tokenGrantees, _grantee))), addc_st(tokenGrantees.length, 0), addc_end(tokenGrantees.length, 0))
[debug] Program rejected. Reason: None
[debug] Enumerator generated: summarize(nonintFunc(REQUIRE__address(neq_addr(tokenGrantees, _grantee))), addc_st(tokenGrantees.length, 0), addc_end(1, 1))
[debug] Program rejected. Reason: None
[debug] Enumerator generated: summarize(nonintFunc(REQUIRE__address(neq_addr(tokenGrantees, _grantee))), addc_st(tokenGrantees.length, 0), addc_end(1, 0))
[debug] Program rejected. Reason: None
[debug] Enumerator generated: summarize(nonintFunc(REQUIRE__address(neq_addr(tokenGrantees, _grantee))), addc_st(tokenGrantees.length, 0), addc_end(0, 1))
[debug] Program rejected. Reason: None
[debug] Enumerator generated: summarize(nonintFunc(REQUIRE__address(neq_addr(tokenGrantees, _grantee))), addc_st(tokenGrantees.length, 0), addc_end(0, 0))
[debug] Program rejected. Reason: None
[debug] Enumerator generated: summarize(nonintFunc(REQUIRE__address(neq_addr(tokenGrantees, _grantee))), addc_st(1, 1), addc_end(tokenGrantees.length, 1))
[debug] Program rejected. Reason: None
[debug] Enumerator generated: summarize(nonintFunc(REQUIRE__address(neq_addr(tokenGrantees, _grantee))), addc_st(1, 1), addc_end(tokenGrantees.length, 0))
[debug] Program rejected. Reason: None
[debug] Enumerator generated: summarize(nonintFunc(REQUIRE__address(neq_addr(tokenGrantees, _grantee))), addc_st(1, 1), addc_end(1, 1))
[debug] Program rejected. Reason: None
[debug] Enumerator generated: summarize(nonintFunc(REQUIRE__address(neq_addr(tokenGrantees, _grantee))), addc_st(1, 1), addc_end(1, 0))
[debug] Program rejected. Reason: None
[debug] Enumerator generated: summarize(nonintFunc(REQUIRE__address(neq_addr(tokenGrantees, _grantee))), addc_st(1, 1), addc_end(0, 1))
[debug] Program rejected. Reason: None
[debug] Enumerator generated: summarize(nonintFunc(REQUIRE__address(neq_addr(tokenGrantees, _grantee))), addc_st(1, 1), addc_end(0, 0))
[debug] Program rejected. Reason: None
[debug] Enumerator generated: summarize(nonintFunc(REQUIRE__address(neq_addr(tokenGrantees, _grantee))), addc_st(1, 0), addc_end(tokenGrantees.length, 1))
[debug] Program rejected. Reason: None
[debug] Enumerator generated: summarize(nonintFunc(REQUIRE__address(neq_addr(tokenGrantees, _grantee))), addc_st(1, 0), addc_end(tokenGrantees.length, 0))
[debug] Program rejected. Reason: None
[debug] Enumerator generated: summarize(nonintFunc(REQUIRE__address(neq_addr(tokenGrantees, _grantee))), addc_st(1, 0), addc_end(1, 1))
[debug] Program rejected. Reason: None
[debug] Enumerator generated: summarize(nonintFunc(REQUIRE__address(neq_addr(tokenGrantees, _grantee))), addc_st(1, 0), addc_end(1, 0))
[debug] Program rejected. Reason: None
[debug] Enumerator generated: summarize(nonintFunc(REQUIRE__address(neq_addr(tokenGrantees, _grantee))), addc_st(1, 0), addc_end(0, 1))
[debug] Program rejected. Reason: None
[debug] Enumerator generated: summarize(nonintFunc(REQUIRE__address(neq_addr(tokenGrantees, _grantee))), addc_st(1, 0), addc_end(0, 0))
[debug] Program rejected. Reason: None
[debug] Enumerator generated: summarize(nonintFunc(REQUIRE__address(neq_addr(tokenGrantees, _grantee))), addc_st(0, 1), addc_end(tokenGrantees.length, 1))
[debug] Program rejected. Reason: None
[debug] Enumerator generated: summarize(nonintFunc(REQUIRE__address(neq_addr(tokenGrantees, _grantee))), addc_st(0, 1), addc_end(tokenGrantees.length, 0))
[debug] Program rejected. Reason: None
[debug] Enumerator generated: summarize(nonintFunc(REQUIRE__address(neq_addr(tokenGrantees, _grantee))), addc_st(0, 1), addc_end(1, 1))
[debug] Program rejected. Reason: None
[debug] Enumerator generated: summarize(nonintFunc(REQUIRE__address(neq_addr(tokenGrantees, _grantee))), addc_st(0, 1), addc_end(1, 0))
[debug] Program rejected. Reason: None
[debug] Enumerator generated: summarize(nonintFunc(REQUIRE__address(neq_addr(tokenGrantees, _grantee))), addc_st(0, 1), addc_end(0, 1))
[debug] Program rejected. Reason: None
[debug] Enumerator generated: summarize(nonintFunc(REQUIRE__address(neq_addr(tokenGrantees, _grantee))), addc_st(0, 1), addc_end(0, 0))
[debug] Program rejected. Reason: None
[debug] Enumerator generated: summarize(nonintFunc(REQUIRE__address(neq_addr(tokenGrantees, _grantee))), addc_st(0, 0), addc_end(tokenGrantees.length, 1))
[debug] Program rejected. Reason: None
[debug] Enumerator generated: summarize(nonintFunc(REQUIRE__address(neq_addr(tokenGrantees, _grantee))), addc_st(0, 0), addc_end(tokenGrantees.length, 0))
[debug] Program rejected. Reason: None
[debug] Enumerator generated: summarize(nonintFunc(REQUIRE__address(neq_addr(tokenGrantees, _grantee))), addc_st(0, 0), addc_end(1, 1))
[debug] Program accepted after 393 attempts
[info] Solution found: summarize(nonintFunc(REQUIRE__address(neq_addr(tokenGrantees, _grantee))), addc_st(0, 0), addc_end(1, 1))
[info] Total Time: 24.0401s


        enum address {
            "_grantee","address(0)"
        }
        
        enum uint {
            "tokenGrantees.length","1","0"
        }
        
        enum mapping_uint_address {
            "tokenGrantees"
        }
        
        enum g_int {
            "tokenGrantees.length"
        }
        
        enum C {
            "1","0"
        }
        
        enum nonzero_uint {
            "tokenGrantees.length","1"
        }
        
        enum bool {
            "true","false"
        }
        

value L;
value IF;
value i;
value i_st;
value i_end;
value F;
value Cond_uint;
value Cond_address;
value Summary;
value Inv;

program SolidityLoops() -> Summary;




# DSL Functions (with lambda versions when appropriate)

# Arithmetic funcs for lambda

# Add constant for global integers

# Boolean comps for uint

# Boolean compus for uint w/ nested array access

# Boolean comps for address

        
func MAP__address: F ->mapping_uint_address,address;
func addc: i -> g_int, C;
func subc: i -> g_int, C;
func const: i -> C;
func addc_st: i_st ->uint, C;
func addc_end: i_end ->uint, C;
func subc_st: i_st ->uint, C;
func subc_end: i_end ->uint, C;
func eq_addr: Cond_address -> mapping_uint_address, address;
func neq_addr: Cond_address -> mapping_uint_address, address;
func add: L -> uint;
func mul: L -> nonzero_uint;
func sub: L -> uint;
func div: L -> nonzero_uint;
func nonintFunc: Inv -> F;
func COPYRANGE__address: IF ->mapping_uint_address, i,mapping_uint_address;
func REQUIRE__address: F -> Cond_address;
func summarize: Summary -> Inv, i_st, i_end;
func summarize_nost: Summary -> Inv, i_end;
func seqF: Inv -> F, Inv;
func seqIF: Inv -> IF, Inv;
func intFunc: Inv -> IF;
source contract is empty
