[info] Analyzing Input...
[info] Analysis Successful!
[info] Parsing Spec...
[debug] Building Tyrell spec from parse tree...
[debug] Processing type definitions...
[debug] Processing input/output definitions...
[debug] Processing function definitions...
[debug] Processing global predicates...
[info] Parsing succeeded
[info] Building synthesizer...
[info] Synthesizing programs...
[debug] Enumerator generated: summarize(nonintFunc(MAP__address(_beneficiaries, address(0))), addc_st(0, 0), addc_end(0, 0))
[debug] Program rejected. Reason: None
[debug] Enumerator generated: summarize(nonintFunc(MAP__address(_beneficiaries, address(0))), addc_st(0, 0), addc_end(0, 1))
[debug] Program rejected. Reason: None
[debug] Enumerator generated: summarize(nonintFunc(MAP__address(_beneficiaries, address(0))), addc_st(0, 0), addc_end(_beneficiaries.length, 0))
[debug] Program rejected. Reason: None
[debug] Enumerator generated: summarize(nonintFunc(MAP__address(_beneficiaries, address(0))), addc_st(0, 0), addc_end(_beneficiaries.length, 1))
[debug] Program rejected. Reason: None
[debug] Enumerator generated: summarize(nonintFunc(MAP__address(_beneficiaries, address(0))), addc_st(0, 0), addc_end(1, 0))
[debug] Program rejected. Reason: None
[debug] Enumerator generated: summarize(nonintFunc(MAP__address(_beneficiaries, address(0))), addc_st(0, 0), addc_end(1, 1))
[debug] Program rejected. Reason: None
[debug] Enumerator generated: summarize(nonintFunc(MAP__address(_beneficiaries, address(0))), addc_st(0, 1), addc_end(0, 0))
[debug] Program rejected. Reason: None
[debug] Enumerator generated: summarize(nonintFunc(MAP__address(_beneficiaries, address(0))), addc_st(0, 1), addc_end(0, 1))
[debug] Program rejected. Reason: None
[debug] Enumerator generated: summarize(nonintFunc(MAP__address(_beneficiaries, address(0))), addc_st(0, 1), addc_end(_beneficiaries.length, 0))
[debug] Program rejected. Reason: None
[debug] Enumerator generated: summarize(nonintFunc(MAP__address(_beneficiaries, address(0))), addc_st(0, 1), addc_end(_beneficiaries.length, 1))
[debug] Program rejected. Reason: None
[debug] Enumerator generated: summarize(nonintFunc(MAP__address(_beneficiaries, address(0))), addc_st(0, 1), addc_end(1, 0))
[debug] Program rejected. Reason: None
[debug] Enumerator generated: summarize(nonintFunc(MAP__address(_beneficiaries, address(0))), addc_st(0, 1), addc_end(1, 1))
[debug] Program rejected. Reason: None
[debug] Enumerator generated: summarize(nonintFunc(MAP__address(_beneficiaries, address(0))), addc_st(_beneficiaries.length, 0), addc_end(0, 0))
[debug] Program rejected. Reason: None
[debug] Enumerator generated: summarize(nonintFunc(MAP__address(_beneficiaries, address(0))), addc_st(_beneficiaries.length, 0), addc_end(0, 1))
[debug] Program rejected. Reason: None
[debug] Enumerator generated: summarize(nonintFunc(MAP__address(_beneficiaries, address(0))), addc_st(_beneficiaries.length, 0), addc_end(_beneficiaries.length, 0))
[debug] Program rejected. Reason: None
[debug] Enumerator generated: summarize(nonintFunc(MAP__address(_beneficiaries, address(0))), addc_st(_beneficiaries.length, 0), addc_end(_beneficiaries.length, 1))
[debug] Program rejected. Reason: None
[debug] Enumerator generated: summarize(nonintFunc(MAP__address(_beneficiaries, address(0))), addc_st(_beneficiaries.length, 0), addc_end(1, 0))
[debug] Program rejected. Reason: None
[debug] Enumerator generated: summarize(nonintFunc(MAP__address(_beneficiaries, address(0))), addc_st(_beneficiaries.length, 0), addc_end(1, 1))
[debug] Program rejected. Reason: None
[debug] Enumerator generated: summarize(nonintFunc(MAP__address(_beneficiaries, address(0))), addc_st(_beneficiaries.length, 1), addc_end(0, 0))
[debug] Program rejected. Reason: None
[debug] Enumerator generated: summarize(nonintFunc(MAP__address(_beneficiaries, address(0))), addc_st(_beneficiaries.length, 1), addc_end(0, 1))
[debug] Program rejected. Reason: None
[debug] Enumerator generated: summarize(nonintFunc(MAP__address(_beneficiaries, address(0))), addc_st(_beneficiaries.length, 1), addc_end(_beneficiaries.length, 0))
[debug] Program rejected. Reason: None
[debug] Enumerator generated: summarize(nonintFunc(MAP__address(_beneficiaries, address(0))), addc_st(_beneficiaries.length, 1), addc_end(_beneficiaries.length, 1))
[debug] Program rejected. Reason: None
[debug] Enumerator generated: summarize(nonintFunc(MAP__address(_beneficiaries, address(0))), addc_st(_beneficiaries.length, 1), addc_end(1, 0))
[debug] Program rejected. Reason: None
[debug] Enumerator generated: summarize(nonintFunc(MAP__address(_beneficiaries, address(0))), addc_st(_beneficiaries.length, 1), addc_end(1, 1))
[debug] Program rejected. Reason: None
[debug] Enumerator generated: summarize(nonintFunc(MAP__address(_beneficiaries, address(0))), addc_st(1, 0), addc_end(0, 0))
[debug] Program rejected. Reason: None
[debug] Enumerator generated: summarize(nonintFunc(MAP__address(_beneficiaries, address(0))), addc_st(1, 0), addc_end(0, 1))
[debug] Program rejected. Reason: None
[debug] Enumerator generated: summarize(nonintFunc(MAP__address(_beneficiaries, address(0))), addc_st(1, 0), addc_end(_beneficiaries.length, 0))
[debug] Program rejected. Reason: None
[debug] Enumerator generated: summarize(nonintFunc(MAP__address(_beneficiaries, address(0))), addc_st(1, 0), addc_end(_beneficiaries.length, 1))
[debug] Program rejected. Reason: None
[debug] Enumerator generated: summarize(nonintFunc(MAP__address(_beneficiaries, address(0))), addc_st(1, 0), addc_end(1, 0))
[debug] Program rejected. Reason: None
[debug] Enumerator generated: summarize(nonintFunc(MAP__address(_beneficiaries, address(0))), addc_st(1, 0), addc_end(1, 1))
[debug] Program rejected. Reason: None
[debug] Enumerator generated: summarize(nonintFunc(MAP__address(_beneficiaries, address(0))), addc_st(1, 1), addc_end(0, 0))
[debug] Program rejected. Reason: None
[debug] Enumerator generated: summarize(nonintFunc(MAP__address(_beneficiaries, address(0))), addc_st(1, 1), addc_end(0, 1))
[debug] Program rejected. Reason: None
[debug] Enumerator generated: summarize(nonintFunc(MAP__address(_beneficiaries, address(0))), addc_st(1, 1), addc_end(_beneficiaries.length, 0))
[debug] Program rejected. Reason: None
[debug] Enumerator generated: summarize(nonintFunc(MAP__address(_beneficiaries, address(0))), addc_st(1, 1), addc_end(_beneficiaries.length, 1))
[debug] Program rejected. Reason: None
[debug] Enumerator generated: summarize(nonintFunc(MAP__address(_beneficiaries, address(0))), addc_st(1, 1), addc_end(1, 0))
[debug] Program rejected. Reason: None
[debug] Enumerator generated: summarize(nonintFunc(MAP__address(_beneficiaries, address(0))), addc_st(1, 1), addc_end(1, 1))
[debug] Program rejected. Reason: None
[debug] Enumerator generated: summarize(nonintFunc(MAP__address(_beneficiaries, address(0))), addc_st(0, 0), subc_end(0, 0))
[debug] Program rejected. Reason: None
[debug] Enumerator generated: summarize(nonintFunc(MAP__address(_beneficiaries, address(0))), addc_st(0, 0), subc_end(0, 1))
[debug] Program rejected. Reason: None
[debug] Enumerator generated: summarize(nonintFunc(MAP__address(_beneficiaries, address(0))), addc_st(0, 0), subc_end(_beneficiaries.length, 0))
[debug] Program rejected. Reason: None
[debug] Enumerator generated: summarize(nonintFunc(MAP__address(_beneficiaries, address(0))), addc_st(0, 0), subc_end(_beneficiaries.length, 1))
[debug] Program rejected. Reason: None
[debug] Enumerator generated: summarize(nonintFunc(MAP__address(_beneficiaries, address(0))), addc_st(0, 0), subc_end(1, 0))
[debug] Program rejected. Reason: None
[debug] Enumerator generated: summarize(nonintFunc(MAP__address(_beneficiaries, address(0))), addc_st(0, 0), subc_end(1, 1))
[debug] Program rejected. Reason: None
[debug] Enumerator generated: summarize(nonintFunc(MAP__address(_beneficiaries, address(0))), addc_st(0, 1), subc_end(0, 0))
[debug] Program rejected. Reason: None
[debug] Enumerator generated: summarize(nonintFunc(MAP__address(_beneficiaries, address(0))), addc_st(0, 1), subc_end(0, 1))
[debug] Program rejected. Reason: None
[debug] Enumerator generated: summarize(nonintFunc(MAP__address(_beneficiaries, address(0))), addc_st(0, 1), subc_end(_beneficiaries.length, 0))
[debug] Program rejected. Reason: None
[debug] Enumerator generated: summarize(nonintFunc(MAP__address(_beneficiaries, address(0))), addc_st(0, 1), subc_end(_beneficiaries.length, 1))
[debug] Program rejected. Reason: None
[debug] Enumerator generated: summarize(nonintFunc(MAP__address(_beneficiaries, address(0))), addc_st(0, 1), subc_end(1, 0))
[debug] Program rejected. Reason: None
[debug] Enumerator generated: summarize(nonintFunc(MAP__address(_beneficiaries, address(0))), addc_st(0, 1), subc_end(1, 1))
[debug] Program rejected. Reason: None
[debug] Enumerator generated: summarize(nonintFunc(MAP__address(_beneficiaries, address(0))), addc_st(_beneficiaries.length, 0), subc_end(0, 0))
[debug] Program rejected. Reason: None
[debug] Enumerator generated: summarize(nonintFunc(MAP__address(_beneficiaries, address(0))), addc_st(_beneficiaries.length, 0), subc_end(0, 1))
[debug] Program rejected. Reason: None
[debug] Enumerator generated: summarize(nonintFunc(MAP__address(_beneficiaries, address(0))), addc_st(_beneficiaries.length, 0), subc_end(_beneficiaries.length, 0))
[debug] Program rejected. Reason: None
[debug] Enumerator generated: summarize(nonintFunc(MAP__address(_beneficiaries, address(0))), addc_st(_beneficiaries.length, 0), subc_end(_beneficiaries.length, 1))
[debug] Program rejected. Reason: None
[debug] Enumerator generated: summarize(nonintFunc(MAP__address(_beneficiaries, address(0))), addc_st(_beneficiaries.length, 0), subc_end(1, 0))
[debug] Program rejected. Reason: None
[debug] Enumerator generated: summarize(nonintFunc(MAP__address(_beneficiaries, address(0))), addc_st(_beneficiaries.length, 0), subc_end(1, 1))
[debug] Program rejected. Reason: None
[debug] Enumerator generated: summarize(nonintFunc(MAP__address(_beneficiaries, address(0))), addc_st(_beneficiaries.length, 1), subc_end(0, 0))
[debug] Program rejected. Reason: None
[debug] Enumerator generated: summarize(nonintFunc(MAP__address(_beneficiaries, address(0))), addc_st(_beneficiaries.length, 1), subc_end(0, 1))
[debug] Program rejected. Reason: None
[debug] Enumerator generated: summarize(nonintFunc(MAP__address(_beneficiaries, address(0))), addc_st(_beneficiaries.length, 1), subc_end(_beneficiaries.length, 0))
[debug] Program rejected. Reason: None
[debug] Enumerator generated: summarize(nonintFunc(MAP__address(_beneficiaries, address(0))), addc_st(_beneficiaries.length, 1), subc_end(_beneficiaries.length, 1))
[debug] Program rejected. Reason: None
[debug] Enumerator generated: summarize(nonintFunc(MAP__address(_beneficiaries, address(0))), addc_st(_beneficiaries.length, 1), subc_end(1, 0))
[debug] Program rejected. Reason: None
[debug] Enumerator generated: summarize(nonintFunc(MAP__address(_beneficiaries, address(0))), addc_st(_beneficiaries.length, 1), subc_end(1, 1))
[debug] Program rejected. Reason: None
[debug] Enumerator generated: summarize(nonintFunc(MAP__address(_beneficiaries, address(0))), addc_st(1, 0), subc_end(0, 0))
[debug] Program rejected. Reason: None
[debug] Enumerator generated: summarize(nonintFunc(MAP__address(_beneficiaries, address(0))), addc_st(1, 0), subc_end(0, 1))
[debug] Program rejected. Reason: None
[debug] Enumerator generated: summarize(nonintFunc(MAP__address(_beneficiaries, address(0))), addc_st(1, 0), subc_end(_beneficiaries.length, 0))
[debug] Program rejected. Reason: None
[debug] Enumerator generated: summarize(nonintFunc(MAP__address(_beneficiaries, address(0))), addc_st(1, 0), subc_end(_beneficiaries.length, 1))
[debug] Program rejected. Reason: None
[debug] Enumerator generated: summarize(nonintFunc(MAP__address(_beneficiaries, address(0))), addc_st(1, 0), subc_end(1, 0))
[debug] Program rejected. Reason: None
[debug] Enumerator generated: summarize(nonintFunc(MAP__address(_beneficiaries, address(0))), addc_st(1, 0), subc_end(1, 1))
[debug] Program rejected. Reason: None
[debug] Enumerator generated: summarize(nonintFunc(MAP__address(_beneficiaries, address(0))), addc_st(1, 1), subc_end(0, 0))
[debug] Program rejected. Reason: None
[debug] Enumerator generated: summarize(nonintFunc(MAP__address(_beneficiaries, address(0))), addc_st(1, 1), subc_end(0, 1))
[debug] Program rejected. Reason: None
[debug] Enumerator generated: summarize(nonintFunc(MAP__address(_beneficiaries, address(0))), addc_st(1, 1), subc_end(_beneficiaries.length, 0))
[debug] Program rejected. Reason: None
[debug] Enumerator generated: summarize(nonintFunc(MAP__address(_beneficiaries, address(0))), addc_st(1, 1), subc_end(_beneficiaries.length, 1))
[debug] Program rejected. Reason: None
[debug] Enumerator generated: summarize(nonintFunc(MAP__address(_beneficiaries, address(0))), addc_st(1, 1), subc_end(1, 0))
[debug] Program rejected. Reason: None
[debug] Enumerator generated: summarize(nonintFunc(MAP__address(_beneficiaries, address(0))), addc_st(1, 1), subc_end(1, 1))
[debug] Program rejected. Reason: None
[debug] Enumerator generated: summarize(nonintFunc(MAP__address(_beneficiaries, address(0))), subc_st(0, 0), addc_end(0, 0))
[debug] Program rejected. Reason: None
[debug] Enumerator generated: summarize(nonintFunc(MAP__address(_beneficiaries, address(0))), subc_st(0, 0), addc_end(0, 1))
[debug] Program rejected. Reason: None
[debug] Enumerator generated: summarize(nonintFunc(MAP__address(_beneficiaries, address(0))), subc_st(0, 0), addc_end(_beneficiaries.length, 0))
[debug] Program rejected. Reason: None
[debug] Enumerator generated: summarize(nonintFunc(MAP__address(_beneficiaries, address(0))), subc_st(0, 0), addc_end(_beneficiaries.length, 1))
[debug] Program rejected. Reason: None
[debug] Enumerator generated: summarize(nonintFunc(MAP__address(_beneficiaries, address(0))), subc_st(0, 0), addc_end(1, 0))
[debug] Program rejected. Reason: None
[debug] Enumerator generated: summarize(nonintFunc(MAP__address(_beneficiaries, address(0))), subc_st(0, 0), addc_end(1, 1))
[debug] Program rejected. Reason: None
[debug] Enumerator generated: summarize(nonintFunc(MAP__address(_beneficiaries, address(0))), subc_st(0, 1), addc_end(0, 0))
[debug] Program rejected. Reason: None
[debug] Enumerator generated: summarize(nonintFunc(MAP__address(_beneficiaries, address(0))), subc_st(0, 1), addc_end(0, 1))
[debug] Program rejected. Reason: None
[debug] Enumerator generated: summarize(nonintFunc(MAP__address(_beneficiaries, address(0))), subc_st(0, 1), addc_end(_beneficiaries.length, 0))
[debug] Program rejected. Reason: None
[debug] Enumerator generated: summarize(nonintFunc(MAP__address(_beneficiaries, address(0))), subc_st(0, 1), addc_end(_beneficiaries.length, 1))
[debug] Program rejected. Reason: None
[debug] Enumerator generated: summarize(nonintFunc(MAP__address(_beneficiaries, address(0))), subc_st(0, 1), addc_end(1, 0))
[debug] Program rejected. Reason: None
[debug] Enumerator generated: summarize(nonintFunc(MAP__address(_beneficiaries, address(0))), subc_st(0, 1), addc_end(1, 1))
[debug] Program rejected. Reason: None
[debug] Enumerator generated: summarize(nonintFunc(MAP__address(_beneficiaries, address(0))), subc_st(_beneficiaries.length, 0), addc_end(0, 0))
[debug] Program rejected. Reason: None
[debug] Enumerator generated: summarize(nonintFunc(MAP__address(_beneficiaries, address(0))), subc_st(_beneficiaries.length, 0), addc_end(0, 1))
[debug] Program rejected. Reason: None
[debug] Enumerator generated: summarize(nonintFunc(MAP__address(_beneficiaries, address(0))), subc_st(_beneficiaries.length, 0), addc_end(_beneficiaries.length, 0))
[debug] Program rejected. Reason: None
[debug] Enumerator generated: summarize(nonintFunc(MAP__address(_beneficiaries, address(0))), subc_st(_beneficiaries.length, 0), addc_end(_beneficiaries.length, 1))
[debug] Program rejected. Reason: None
[debug] Enumerator generated: summarize(nonintFunc(MAP__address(_beneficiaries, address(0))), subc_st(_beneficiaries.length, 0), addc_end(1, 0))
[debug] Program rejected. Reason: None
[debug] Enumerator generated: summarize(nonintFunc(MAP__address(_beneficiaries, address(0))), subc_st(_beneficiaries.length, 0), addc_end(1, 1))
[debug] Program rejected. Reason: None
[debug] Enumerator generated: summarize(nonintFunc(MAP__address(_beneficiaries, address(0))), subc_st(_beneficiaries.length, 1), addc_end(0, 0))
[debug] Program rejected. Reason: None
[debug] Enumerator generated: summarize(nonintFunc(MAP__address(_beneficiaries, address(0))), subc_st(_beneficiaries.length, 1), addc_end(0, 1))
[debug] Program rejected. Reason: None
[debug] Enumerator generated: summarize(nonintFunc(MAP__address(_beneficiaries, address(0))), subc_st(_beneficiaries.length, 1), addc_end(_beneficiaries.length, 0))
[debug] Program rejected. Reason: None
[debug] Enumerator generated: summarize(nonintFunc(MAP__address(_beneficiaries, address(0))), subc_st(_beneficiaries.length, 1), addc_end(_beneficiaries.length, 1))
[debug] Program rejected. Reason: None
[debug] Enumerator generated: summarize(nonintFunc(MAP__address(_beneficiaries, address(0))), subc_st(_beneficiaries.length, 1), addc_end(1, 0))
[debug] Program rejected. Reason: None
[debug] Enumerator generated: summarize(nonintFunc(MAP__address(_beneficiaries, address(0))), subc_st(_beneficiaries.length, 1), addc_end(1, 1))
[debug] Program rejected. Reason: None
[debug] Enumerator generated: summarize(nonintFunc(MAP__address(_beneficiaries, address(0))), subc_st(1, 0), addc_end(0, 0))
[debug] Program rejected. Reason: None
[debug] Enumerator generated: summarize(nonintFunc(MAP__address(_beneficiaries, address(0))), subc_st(1, 0), addc_end(0, 1))
[debug] Program rejected. Reason: None
[debug] Enumerator generated: summarize(nonintFunc(MAP__address(_beneficiaries, address(0))), subc_st(1, 0), addc_end(_beneficiaries.length, 0))
[debug] Program rejected. Reason: None
[debug] Enumerator generated: summarize(nonintFunc(MAP__address(_beneficiaries, address(0))), subc_st(1, 0), addc_end(_beneficiaries.length, 1))
[debug] Program rejected. Reason: None
[debug] Enumerator generated: summarize(nonintFunc(MAP__address(_beneficiaries, address(0))), subc_st(1, 0), addc_end(1, 0))
[debug] Program rejected. Reason: None
[debug] Enumerator generated: summarize(nonintFunc(MAP__address(_beneficiaries, address(0))), subc_st(1, 0), addc_end(1, 1))
[debug] Program rejected. Reason: None
[debug] Enumerator generated: summarize(nonintFunc(MAP__address(_beneficiaries, address(0))), subc_st(1, 1), addc_end(0, 0))
[debug] Program rejected. Reason: None
[debug] Enumerator generated: summarize(nonintFunc(MAP__address(_beneficiaries, address(0))), subc_st(1, 1), addc_end(0, 1))
[debug] Program rejected. Reason: None
[debug] Enumerator generated: summarize(nonintFunc(MAP__address(_beneficiaries, address(0))), subc_st(1, 1), addc_end(_beneficiaries.length, 0))
[debug] Program rejected. Reason: None
[debug] Enumerator generated: summarize(nonintFunc(MAP__address(_beneficiaries, address(0))), subc_st(1, 1), addc_end(_beneficiaries.length, 1))
[debug] Program rejected. Reason: None
[debug] Enumerator generated: summarize(nonintFunc(MAP__address(_beneficiaries, address(0))), subc_st(1, 1), addc_end(1, 0))
[debug] Program rejected. Reason: None
[debug] Enumerator generated: summarize(nonintFunc(MAP__address(_beneficiaries, address(0))), subc_st(1, 1), addc_end(1, 1))
[debug] Program rejected. Reason: None
[debug] Enumerator generated: summarize(nonintFunc(MAP__address(_beneficiaries, address(0))), subc_st(0, 0), subc_end(0, 0))
[debug] Program rejected. Reason: None
[debug] Enumerator generated: summarize(nonintFunc(MAP__address(_beneficiaries, address(0))), subc_st(0, 0), subc_end(0, 1))
[debug] Program rejected. Reason: None
[debug] Enumerator generated: summarize(nonintFunc(MAP__address(_beneficiaries, address(0))), subc_st(0, 0), subc_end(_beneficiaries.length, 0))
[debug] Program rejected. Reason: None
[debug] Enumerator generated: summarize(nonintFunc(MAP__address(_beneficiaries, address(0))), subc_st(0, 0), subc_end(_beneficiaries.length, 1))
[debug] Program rejected. Reason: None
[debug] Enumerator generated: summarize(nonintFunc(MAP__address(_beneficiaries, address(0))), subc_st(0, 0), subc_end(1, 0))
[debug] Program rejected. Reason: None
[debug] Enumerator generated: summarize(nonintFunc(MAP__address(_beneficiaries, address(0))), subc_st(0, 0), subc_end(1, 1))
[debug] Program rejected. Reason: None
[debug] Enumerator generated: summarize(nonintFunc(MAP__address(_beneficiaries, address(0))), subc_st(0, 1), subc_end(0, 0))
[debug] Program rejected. Reason: None
[debug] Enumerator generated: summarize(nonintFunc(MAP__address(_beneficiaries, address(0))), subc_st(0, 1), subc_end(0, 1))
[debug] Program rejected. Reason: None
[debug] Enumerator generated: summarize(nonintFunc(MAP__address(_beneficiaries, address(0))), subc_st(0, 1), subc_end(_beneficiaries.length, 0))
[debug] Program rejected. Reason: None
[debug] Enumerator generated: summarize(nonintFunc(MAP__address(_beneficiaries, address(0))), subc_st(0, 1), subc_end(_beneficiaries.length, 1))
[debug] Program rejected. Reason: None
[debug] Enumerator generated: summarize(nonintFunc(MAP__address(_beneficiaries, address(0))), subc_st(0, 1), subc_end(1, 0))
[debug] Program rejected. Reason: None
[debug] Enumerator generated: summarize(nonintFunc(MAP__address(_beneficiaries, address(0))), subc_st(0, 1), subc_end(1, 1))
[debug] Program rejected. Reason: None
[debug] Enumerator generated: summarize(nonintFunc(MAP__address(_beneficiaries, address(0))), subc_st(_beneficiaries.length, 0), subc_end(0, 0))
[debug] Program rejected. Reason: None
[debug] Enumerator generated: summarize(nonintFunc(MAP__address(_beneficiaries, address(0))), subc_st(_beneficiaries.length, 0), subc_end(0, 1))
[debug] Program rejected. Reason: None
[debug] Enumerator generated: summarize(nonintFunc(MAP__address(_beneficiaries, address(0))), subc_st(_beneficiaries.length, 0), subc_end(_beneficiaries.length, 0))
[debug] Program rejected. Reason: None
[debug] Enumerator generated: summarize(nonintFunc(MAP__address(_beneficiaries, address(0))), subc_st(_beneficiaries.length, 0), subc_end(_beneficiaries.length, 1))
[debug] Program rejected. Reason: None
[debug] Enumerator generated: summarize(nonintFunc(MAP__address(_beneficiaries, address(0))), subc_st(_beneficiaries.length, 0), subc_end(1, 0))
[debug] Program rejected. Reason: None
[debug] Enumerator generated: summarize(nonintFunc(MAP__address(_beneficiaries, address(0))), subc_st(_beneficiaries.length, 0), subc_end(1, 1))
[debug] Program rejected. Reason: None
[debug] Enumerator generated: summarize(nonintFunc(MAP__address(_beneficiaries, address(0))), subc_st(_beneficiaries.length, 1), subc_end(0, 0))
[debug] Program rejected. Reason: None
[debug] Enumerator generated: summarize(nonintFunc(MAP__address(_beneficiaries, address(0))), subc_st(_beneficiaries.length, 1), subc_end(0, 1))
[debug] Program rejected. Reason: None
[debug] Enumerator generated: summarize(nonintFunc(MAP__address(_beneficiaries, address(0))), subc_st(_beneficiaries.length, 1), subc_end(_beneficiaries.length, 0))
[debug] Program rejected. Reason: None
[debug] Enumerator generated: summarize(nonintFunc(MAP__address(_beneficiaries, address(0))), subc_st(_beneficiaries.length, 1), subc_end(_beneficiaries.length, 1))
[debug] Program rejected. Reason: None
[debug] Enumerator generated: summarize(nonintFunc(MAP__address(_beneficiaries, address(0))), subc_st(_beneficiaries.length, 1), subc_end(1, 0))
[debug] Program rejected. Reason: None
[debug] Enumerator generated: summarize(nonintFunc(MAP__address(_beneficiaries, address(0))), subc_st(_beneficiaries.length, 1), subc_end(1, 1))
[debug] Program rejected. Reason: None
[debug] Enumerator generated: summarize(nonintFunc(MAP__address(_beneficiaries, address(0))), subc_st(1, 0), subc_end(0, 0))
[debug] Program rejected. Reason: None
[debug] Enumerator generated: summarize(nonintFunc(MAP__address(_beneficiaries, address(0))), subc_st(1, 0), subc_end(0, 1))
[debug] Program rejected. Reason: None
[debug] Enumerator generated: summarize(nonintFunc(MAP__address(_beneficiaries, address(0))), subc_st(1, 0), subc_end(_beneficiaries.length, 0))
[debug] Program rejected. Reason: None
[debug] Enumerator generated: summarize(nonintFunc(MAP__address(_beneficiaries, address(0))), subc_st(1, 0), subc_end(_beneficiaries.length, 1))
[debug] Program rejected. Reason: None
[debug] Enumerator generated: summarize(nonintFunc(MAP__address(_beneficiaries, address(0))), subc_st(1, 0), subc_end(1, 0))
[debug] Program rejected. Reason: None
[debug] Enumerator generated: summarize(nonintFunc(MAP__address(_beneficiaries, address(0))), subc_st(1, 0), subc_end(1, 1))
[debug] Program rejected. Reason: None
[debug] Enumerator generated: summarize(nonintFunc(MAP__address(_beneficiaries, address(0))), subc_st(1, 1), subc_end(0, 0))
[debug] Program rejected. Reason: None
[debug] Enumerator generated: summarize(nonintFunc(MAP__address(_beneficiaries, address(0))), subc_st(1, 1), subc_end(0, 1))
[debug] Program rejected. Reason: None
[debug] Enumerator generated: summarize(nonintFunc(MAP__address(_beneficiaries, address(0))), subc_st(1, 1), subc_end(_beneficiaries.length, 0))
[debug] Program rejected. Reason: None
[debug] Enumerator generated: summarize(nonintFunc(MAP__address(_beneficiaries, address(0))), subc_st(1, 1), subc_end(_beneficiaries.length, 1))
[debug] Program rejected. Reason: None
[debug] Enumerator generated: summarize(nonintFunc(MAP__address(_beneficiaries, address(0))), subc_st(1, 1), subc_end(1, 0))
[debug] Program rejected. Reason: None
[debug] Enumerator generated: summarize(nonintFunc(MAP__address(_beneficiaries, address(0))), subc_st(1, 1), subc_end(1, 1))
[debug] Program rejected. Reason: None
[debug] Enumerator generated: summarize(nonintFunc(UPDATERANGE__address_bool(_beneficiaries, kyclist, false)), addc_st(0, 0), addc_end(0, 0))
[debug] Program rejected. Reason: None
[debug] Enumerator generated: summarize(nonintFunc(UPDATERANGE__address_bool(_beneficiaries, kyclist, false)), addc_st(0, 0), addc_end(0, 1))
[debug] Program rejected. Reason: None
[debug] Enumerator generated: summarize(nonintFunc(UPDATERANGE__address_bool(_beneficiaries, kyclist, false)), addc_st(0, 0), addc_end(_beneficiaries.length, 0))
[debug] Program rejected. Reason: None
[debug] Enumerator generated: summarize(nonintFunc(UPDATERANGE__address_bool(_beneficiaries, kyclist, false)), addc_st(0, 0), addc_end(_beneficiaries.length, 1))
[debug] Program rejected. Reason: None
[debug] Enumerator generated: summarize(nonintFunc(UPDATERANGE__address_bool(_beneficiaries, kyclist, false)), addc_st(0, 0), addc_end(1, 0))
[debug] Program rejected. Reason: None
[debug] Enumerator generated: summarize(nonintFunc(UPDATERANGE__address_bool(_beneficiaries, kyclist, false)), addc_st(0, 0), addc_end(1, 1))
[debug] Program rejected. Reason: None
[debug] Enumerator generated: summarize(nonintFunc(UPDATERANGE__address_bool(_beneficiaries, kyclist, false)), addc_st(0, 1), addc_end(0, 0))
[debug] Program rejected. Reason: None
[debug] Enumerator generated: summarize(nonintFunc(UPDATERANGE__address_bool(_beneficiaries, kyclist, false)), addc_st(0, 1), addc_end(0, 1))
[debug] Program rejected. Reason: None
[debug] Enumerator generated: summarize(nonintFunc(UPDATERANGE__address_bool(_beneficiaries, kyclist, false)), addc_st(0, 1), addc_end(_beneficiaries.length, 0))
[debug] Program rejected. Reason: None
[debug] Enumerator generated: summarize(nonintFunc(UPDATERANGE__address_bool(_beneficiaries, kyclist, false)), addc_st(0, 1), addc_end(_beneficiaries.length, 1))
[debug] Program rejected. Reason: None
[debug] Enumerator generated: summarize(nonintFunc(UPDATERANGE__address_bool(_beneficiaries, kyclist, false)), addc_st(0, 1), addc_end(1, 0))
[debug] Program rejected. Reason: None
[debug] Enumerator generated: summarize(nonintFunc(UPDATERANGE__address_bool(_beneficiaries, kyclist, false)), addc_st(0, 1), addc_end(1, 1))
[debug] Program rejected. Reason: None
[debug] Enumerator generated: summarize(nonintFunc(UPDATERANGE__address_bool(_beneficiaries, kyclist, false)), addc_st(_beneficiaries.length, 0), addc_end(0, 0))
[debug] Program rejected. Reason: None
[debug] Enumerator generated: summarize(nonintFunc(UPDATERANGE__address_bool(_beneficiaries, kyclist, false)), addc_st(_beneficiaries.length, 0), addc_end(0, 1))
[debug] Program rejected. Reason: None
[debug] Enumerator generated: summarize(nonintFunc(UPDATERANGE__address_bool(_beneficiaries, kyclist, false)), addc_st(_beneficiaries.length, 0), addc_end(_beneficiaries.length, 0))
[debug] Program rejected. Reason: None
[debug] Enumerator generated: summarize(nonintFunc(UPDATERANGE__address_bool(_beneficiaries, kyclist, false)), addc_st(_beneficiaries.length, 0), addc_end(_beneficiaries.length, 1))
[debug] Program rejected. Reason: None
[debug] Enumerator generated: summarize(nonintFunc(UPDATERANGE__address_bool(_beneficiaries, kyclist, false)), addc_st(_beneficiaries.length, 0), addc_end(1, 0))
[debug] Program rejected. Reason: None
[debug] Enumerator generated: summarize(nonintFunc(UPDATERANGE__address_bool(_beneficiaries, kyclist, false)), addc_st(_beneficiaries.length, 0), addc_end(1, 1))
[debug] Program rejected. Reason: None
[debug] Enumerator generated: summarize(nonintFunc(UPDATERANGE__address_bool(_beneficiaries, kyclist, false)), addc_st(_beneficiaries.length, 1), addc_end(0, 0))
[debug] Program rejected. Reason: None
[debug] Enumerator generated: summarize(nonintFunc(UPDATERANGE__address_bool(_beneficiaries, kyclist, false)), addc_st(_beneficiaries.length, 1), addc_end(0, 1))
[debug] Program rejected. Reason: None
[debug] Enumerator generated: summarize(nonintFunc(UPDATERANGE__address_bool(_beneficiaries, kyclist, false)), addc_st(_beneficiaries.length, 1), addc_end(_beneficiaries.length, 0))
[debug] Program rejected. Reason: None
[debug] Enumerator generated: summarize(nonintFunc(UPDATERANGE__address_bool(_beneficiaries, kyclist, false)), addc_st(_beneficiaries.length, 1), addc_end(_beneficiaries.length, 1))
[debug] Program rejected. Reason: None
[debug] Enumerator generated: summarize(nonintFunc(UPDATERANGE__address_bool(_beneficiaries, kyclist, false)), addc_st(_beneficiaries.length, 1), addc_end(1, 0))
[debug] Program rejected. Reason: None
[debug] Enumerator generated: summarize(nonintFunc(UPDATERANGE__address_bool(_beneficiaries, kyclist, false)), addc_st(_beneficiaries.length, 1), addc_end(1, 1))
[debug] Program rejected. Reason: None
[debug] Enumerator generated: summarize(nonintFunc(UPDATERANGE__address_bool(_beneficiaries, kyclist, false)), addc_st(1, 0), addc_end(0, 0))
[debug] Program rejected. Reason: None
[debug] Enumerator generated: summarize(nonintFunc(UPDATERANGE__address_bool(_beneficiaries, kyclist, false)), addc_st(1, 0), addc_end(0, 1))
[debug] Program rejected. Reason: None
[debug] Enumerator generated: summarize(nonintFunc(UPDATERANGE__address_bool(_beneficiaries, kyclist, false)), addc_st(1, 0), addc_end(_beneficiaries.length, 0))
[debug] Program rejected. Reason: None
[debug] Enumerator generated: summarize(nonintFunc(UPDATERANGE__address_bool(_beneficiaries, kyclist, false)), addc_st(1, 0), addc_end(_beneficiaries.length, 1))
[debug] Program rejected. Reason: None
[debug] Enumerator generated: summarize(nonintFunc(UPDATERANGE__address_bool(_beneficiaries, kyclist, false)), addc_st(1, 0), addc_end(1, 0))
[debug] Program rejected. Reason: None
[debug] Enumerator generated: summarize(nonintFunc(UPDATERANGE__address_bool(_beneficiaries, kyclist, false)), addc_st(1, 0), addc_end(1, 1))
[debug] Program rejected. Reason: None
[debug] Enumerator generated: summarize(nonintFunc(UPDATERANGE__address_bool(_beneficiaries, kyclist, false)), addc_st(1, 1), addc_end(0, 0))
[debug] Program rejected. Reason: None
[debug] Enumerator generated: summarize(nonintFunc(UPDATERANGE__address_bool(_beneficiaries, kyclist, false)), addc_st(1, 1), addc_end(0, 1))
[debug] Program rejected. Reason: None
[debug] Enumerator generated: summarize(nonintFunc(UPDATERANGE__address_bool(_beneficiaries, kyclist, false)), addc_st(1, 1), addc_end(_beneficiaries.length, 0))
[debug] Program rejected. Reason: None
[debug] Enumerator generated: summarize(nonintFunc(UPDATERANGE__address_bool(_beneficiaries, kyclist, false)), addc_st(1, 1), addc_end(_beneficiaries.length, 1))
[debug] Program rejected. Reason: None
[debug] Enumerator generated: summarize(nonintFunc(UPDATERANGE__address_bool(_beneficiaries, kyclist, false)), addc_st(1, 1), addc_end(1, 0))
[debug] Program rejected. Reason: None
[debug] Enumerator generated: summarize(nonintFunc(UPDATERANGE__address_bool(_beneficiaries, kyclist, false)), addc_st(1, 1), addc_end(1, 1))
[debug] Program rejected. Reason: None
[debug] Enumerator generated: summarize(nonintFunc(UPDATERANGE__address_bool(_beneficiaries, kyclist, true)), addc_st(0, 0), addc_end(0, 0))
[debug] Program accepted after 181 attempts
[info] Solution found: summarize(nonintFunc(UPDATERANGE__address_bool(_beneficiaries, kyclist, true)), addc_st(0, 0), addc_end(0, 0))
[info] Total Time: 24.6906s
Ignoring true which is not int


        enum uint {
            "0","_beneficiaries.length","1"
        }
        
        enum mapping_uint_address {
            "_beneficiaries"
        }
        
        enum mapping_address_bool {
            "kyclist"
        }
        
        enum g_int {
            "_beneficiaries.length"
        }
        
        enum C {
            "0","1"
        }
        
        enum nonzero_uint {
            "_beneficiaries.length","1"
        }
        
        enum bool {
            "false","true"
        }
        
        enum address {
            "address(0)"
        }
        

value L;
value IF;
value i;
value i_st;
value i_end;
value F;
value Cond_uint;
value Cond_address;
value Summary;
value Inv;

program SolidityLoops() -> Summary;




# DSL Functions (with lambda versions when appropriate)

# Arithmetic funcs for lambda

# Add constant for global integers

# Boolean comps for uint

# Boolean compus for uint w/ nested array access

# Boolean comps for address

        
func MAP__address: F ->mapping_uint_address,address;
func UPDATERANGE__address_bool: F ->mapping_uint_address,mapping_address_bool,bool;
func addc: i -> g_int, C;
func subc: i -> g_int, C;
func const: i -> C;
func addc_st: i_st ->uint, C;
func addc_end: i_end ->uint, C;
func subc_st: i_st ->uint, C;
func subc_end: i_end ->uint, C;
func bool_arrT2: Cond_uint -> mapping_uint_address, mapping_address_bool;
func bool_arrF2: Cond_uint -> mapping_uint_address, mapping_address_bool;
func eq_addr: Cond_address -> mapping_uint_address, address;
func neq_addr: Cond_address -> mapping_uint_address, address;
func add: L -> uint;
func mul: L -> nonzero_uint;
func sub: L -> uint;
func div: L -> nonzero_uint;
func nonintFunc: Inv -> F;
func COPYRANGE__address: IF ->mapping_uint_address, i,mapping_uint_address;
func REQUIRE__address: F -> Cond_address;
func REQUIRE__uint: F -> Cond_uint;
func summarize: Summary -> Inv, i_st, i_end;
func summarize_nost: Summary -> Inv, i_end;
func seqF: Inv -> F, Inv;
func seqIF: Inv -> IF, Inv;
func intFunc: Inv -> IF;
source contract is empty
