[info] Analyzing Input...
[info] Analysis Successful!
[info] Parsing Spec...
[debug] Building Tyrell spec from parse tree...
[debug] Processing type definitions...
[debug] Processing input/output definitions...
[debug] Processing function definitions...
[debug] Processing global predicates...
[info] Parsing succeeded
[info] Building synthesizer...
[info] Synthesizing programs...
[debug] Enumerator generated: summarize(nonintFunc(REQUIRE_ASCENDING(_values)), addc_st(1, 0), addc_end(1, 0))
[debug] Program rejected. Reason: None
[debug] Enumerator generated: summarize(nonintFunc(REQUIRE_ASCENDING(_values)), addc_st(1, 0), addc_end(1, 1))
[debug] Program rejected. Reason: None
[debug] Enumerator generated: summarize(nonintFunc(REQUIRE_ASCENDING(_values)), addc_st(1, 0), addc_end(0, 0))
[debug] Program rejected. Reason: None
[debug] Enumerator generated: summarize(nonintFunc(REQUIRE_ASCENDING(_values)), addc_st(1, 0), addc_end(0, 1))
[debug] Program rejected. Reason: None
[debug] Enumerator generated: summarize(nonintFunc(REQUIRE_ASCENDING(_values)), addc_st(1, 0), addc_end(total, 0))
[debug] Program rejected. Reason: None
[debug] Enumerator generated: summarize(nonintFunc(REQUIRE_ASCENDING(_values)), addc_st(1, 0), addc_end(total, 1))
[debug] Program rejected. Reason: None
[debug] Enumerator generated: summarize(nonintFunc(REQUIRE_ASCENDING(_values)), addc_st(1, 0), addc_end(_values.length, 0))
[debug] Program rejected. Reason: None
[debug] Enumerator generated: summarize(nonintFunc(REQUIRE_ASCENDING(_values)), addc_st(1, 0), addc_end(_values.length, 1))
[debug] Program rejected. Reason: None
[debug] Enumerator generated: summarize(nonintFunc(REQUIRE_ASCENDING(_values)), addc_st(1, 1), addc_end(1, 0))
[debug] Program rejected. Reason: None
[debug] Enumerator generated: summarize(nonintFunc(REQUIRE_ASCENDING(_values)), addc_st(1, 1), addc_end(1, 1))
[debug] Program rejected. Reason: None
[debug] Enumerator generated: summarize(nonintFunc(REQUIRE_ASCENDING(_values)), addc_st(1, 1), addc_end(0, 0))
[debug] Program rejected. Reason: None
[debug] Enumerator generated: summarize(nonintFunc(REQUIRE_ASCENDING(_values)), addc_st(1, 1), addc_end(0, 1))
[debug] Program rejected. Reason: None
[debug] Enumerator generated: summarize(nonintFunc(REQUIRE_ASCENDING(_values)), addc_st(1, 1), addc_end(total, 0))
[debug] Program rejected. Reason: None
[debug] Enumerator generated: summarize(nonintFunc(REQUIRE_ASCENDING(_values)), addc_st(1, 1), addc_end(total, 1))
[debug] Program rejected. Reason: None
[debug] Enumerator generated: summarize(nonintFunc(REQUIRE_ASCENDING(_values)), addc_st(1, 1), addc_end(_values.length, 0))
[debug] Program rejected. Reason: None
[debug] Enumerator generated: summarize(nonintFunc(REQUIRE_ASCENDING(_values)), addc_st(1, 1), addc_end(_values.length, 1))
[debug] Program rejected. Reason: None
[debug] Enumerator generated: summarize(nonintFunc(REQUIRE_ASCENDING(_values)), addc_st(0, 0), addc_end(1, 0))
[debug] Program rejected. Reason: None
[debug] Enumerator generated: summarize(nonintFunc(REQUIRE_ASCENDING(_values)), addc_st(0, 0), addc_end(1, 1))
[debug] Program rejected. Reason: None
[debug] Enumerator generated: summarize(nonintFunc(REQUIRE_ASCENDING(_values)), addc_st(0, 0), addc_end(0, 0))
[debug] Program rejected. Reason: None
[debug] Enumerator generated: summarize(nonintFunc(REQUIRE_ASCENDING(_values)), addc_st(0, 0), addc_end(0, 1))
[debug] Program rejected. Reason: None
[debug] Enumerator generated: summarize(nonintFunc(REQUIRE_ASCENDING(_values)), addc_st(0, 0), addc_end(total, 0))
[debug] Program rejected. Reason: None
[debug] Enumerator generated: summarize(nonintFunc(REQUIRE_ASCENDING(_values)), addc_st(0, 0), addc_end(total, 1))
[debug] Program rejected. Reason: None
[debug] Enumerator generated: summarize(nonintFunc(REQUIRE_ASCENDING(_values)), addc_st(0, 0), addc_end(_values.length, 0))
[debug] Program rejected. Reason: None
[debug] Enumerator generated: summarize(nonintFunc(REQUIRE_ASCENDING(_values)), addc_st(0, 0), addc_end(_values.length, 1))
[debug] Program rejected. Reason: None
[debug] Enumerator generated: summarize(nonintFunc(REQUIRE_ASCENDING(_values)), addc_st(0, 1), addc_end(1, 0))
[debug] Program rejected. Reason: None
[debug] Enumerator generated: summarize(nonintFunc(REQUIRE_ASCENDING(_values)), addc_st(0, 1), addc_end(1, 1))
[debug] Program rejected. Reason: None
[debug] Enumerator generated: summarize(nonintFunc(REQUIRE_ASCENDING(_values)), addc_st(0, 1), addc_end(0, 0))
[debug] Program rejected. Reason: None
[debug] Enumerator generated: summarize(nonintFunc(REQUIRE_ASCENDING(_values)), addc_st(0, 1), addc_end(0, 1))
[debug] Program rejected. Reason: None
[debug] Enumerator generated: summarize(nonintFunc(REQUIRE_ASCENDING(_values)), addc_st(0, 1), addc_end(total, 0))
[debug] Program rejected. Reason: None
[debug] Enumerator generated: summarize(nonintFunc(REQUIRE_ASCENDING(_values)), addc_st(0, 1), addc_end(total, 1))
[debug] Program rejected. Reason: None
[debug] Enumerator generated: summarize(nonintFunc(REQUIRE_ASCENDING(_values)), addc_st(0, 1), addc_end(_values.length, 0))
[debug] Program rejected. Reason: None
[debug] Enumerator generated: summarize(nonintFunc(REQUIRE_ASCENDING(_values)), addc_st(0, 1), addc_end(_values.length, 1))
[debug] Program rejected. Reason: None
[debug] Enumerator generated: summarize(nonintFunc(REQUIRE_ASCENDING(_values)), addc_st(total, 0), addc_end(1, 0))
[debug] Program rejected. Reason: None
[debug] Enumerator generated: summarize(nonintFunc(REQUIRE_ASCENDING(_values)), addc_st(total, 0), addc_end(1, 1))
[debug] Program rejected. Reason: None
[debug] Enumerator generated: summarize(nonintFunc(REQUIRE_ASCENDING(_values)), addc_st(total, 0), addc_end(0, 0))
[debug] Program rejected. Reason: None
[debug] Enumerator generated: summarize(nonintFunc(REQUIRE_ASCENDING(_values)), addc_st(total, 0), addc_end(0, 1))
[debug] Program rejected. Reason: None
[debug] Enumerator generated: summarize(nonintFunc(REQUIRE_ASCENDING(_values)), addc_st(total, 0), addc_end(total, 0))
[debug] Program rejected. Reason: None
[debug] Enumerator generated: summarize(nonintFunc(REQUIRE_ASCENDING(_values)), addc_st(total, 0), addc_end(total, 1))
[debug] Program rejected. Reason: None
[debug] Enumerator generated: summarize(nonintFunc(REQUIRE_ASCENDING(_values)), addc_st(total, 0), addc_end(_values.length, 0))
[debug] Program rejected. Reason: None
[debug] Enumerator generated: summarize(nonintFunc(REQUIRE_ASCENDING(_values)), addc_st(total, 0), addc_end(_values.length, 1))
[debug] Program rejected. Reason: None
[debug] Enumerator generated: summarize(nonintFunc(REQUIRE_ASCENDING(_values)), addc_st(total, 1), addc_end(1, 0))
[debug] Program rejected. Reason: None
[debug] Enumerator generated: summarize(nonintFunc(REQUIRE_ASCENDING(_values)), addc_st(total, 1), addc_end(1, 1))
[debug] Program rejected. Reason: None
[debug] Enumerator generated: summarize(nonintFunc(REQUIRE_ASCENDING(_values)), addc_st(total, 1), addc_end(0, 0))
[debug] Program rejected. Reason: None
[debug] Enumerator generated: summarize(nonintFunc(REQUIRE_ASCENDING(_values)), addc_st(total, 1), addc_end(0, 1))
[debug] Program rejected. Reason: None
[debug] Enumerator generated: summarize(nonintFunc(REQUIRE_ASCENDING(_values)), addc_st(total, 1), addc_end(total, 0))
[debug] Program rejected. Reason: None
[debug] Enumerator generated: summarize(nonintFunc(REQUIRE_ASCENDING(_values)), addc_st(total, 1), addc_end(total, 1))
[debug] Program rejected. Reason: None
[debug] Enumerator generated: summarize(nonintFunc(REQUIRE_ASCENDING(_values)), addc_st(total, 1), addc_end(_values.length, 0))
[debug] Program rejected. Reason: None
[debug] Enumerator generated: summarize(nonintFunc(REQUIRE_ASCENDING(_values)), addc_st(total, 1), addc_end(_values.length, 1))
[debug] Program rejected. Reason: None
[debug] Enumerator generated: summarize(nonintFunc(REQUIRE_ASCENDING(_values)), addc_st(_values.length, 0), addc_end(1, 0))
[debug] Program rejected. Reason: None
[debug] Enumerator generated: summarize(nonintFunc(REQUIRE_ASCENDING(_values)), addc_st(_values.length, 0), addc_end(1, 1))
[debug] Program rejected. Reason: None
[debug] Enumerator generated: summarize(nonintFunc(REQUIRE_ASCENDING(_values)), addc_st(_values.length, 0), addc_end(0, 0))
[debug] Program rejected. Reason: None
[debug] Enumerator generated: summarize(nonintFunc(REQUIRE_ASCENDING(_values)), addc_st(_values.length, 0), addc_end(0, 1))
[debug] Program rejected. Reason: None
[debug] Enumerator generated: summarize(nonintFunc(REQUIRE_ASCENDING(_values)), addc_st(_values.length, 0), addc_end(total, 0))
[debug] Program rejected. Reason: None
[debug] Enumerator generated: summarize(nonintFunc(REQUIRE_ASCENDING(_values)), addc_st(_values.length, 0), addc_end(total, 1))
[debug] Program rejected. Reason: None
[debug] Enumerator generated: summarize(nonintFunc(REQUIRE_ASCENDING(_values)), addc_st(_values.length, 0), addc_end(_values.length, 0))
[debug] Program rejected. Reason: None
[debug] Enumerator generated: summarize(nonintFunc(REQUIRE_ASCENDING(_values)), addc_st(_values.length, 0), addc_end(_values.length, 1))
[debug] Program rejected. Reason: None
[debug] Enumerator generated: summarize(nonintFunc(REQUIRE_ASCENDING(_values)), addc_st(_values.length, 1), addc_end(1, 0))
[debug] Program rejected. Reason: None
[debug] Enumerator generated: summarize(nonintFunc(REQUIRE_ASCENDING(_values)), addc_st(_values.length, 1), addc_end(1, 1))
[debug] Program rejected. Reason: None
[debug] Enumerator generated: summarize(nonintFunc(REQUIRE_ASCENDING(_values)), addc_st(_values.length, 1), addc_end(0, 0))
[debug] Program rejected. Reason: None
[debug] Enumerator generated: summarize(nonintFunc(REQUIRE_ASCENDING(_values)), addc_st(_values.length, 1), addc_end(0, 1))
[debug] Program rejected. Reason: None
[debug] Enumerator generated: summarize(nonintFunc(REQUIRE_ASCENDING(_values)), addc_st(_values.length, 1), addc_end(total, 0))
[debug] Program rejected. Reason: None
[debug] Enumerator generated: summarize(nonintFunc(REQUIRE_ASCENDING(_values)), addc_st(_values.length, 1), addc_end(total, 1))
[debug] Program rejected. Reason: None
[debug] Enumerator generated: summarize(nonintFunc(REQUIRE_ASCENDING(_values)), addc_st(_values.length, 1), addc_end(_values.length, 0))
[debug] Program rejected. Reason: None
[debug] Enumerator generated: summarize(nonintFunc(REQUIRE_ASCENDING(_values)), addc_st(_values.length, 1), addc_end(_values.length, 1))
[debug] Program rejected. Reason: None
[debug] Enumerator generated: summarize(nonintFunc(REQUIRE_DESCENDING(_values)), addc_st(1, 0), addc_end(1, 0))
[debug] Program rejected. Reason: None
[debug] Enumerator generated: summarize(nonintFunc(REQUIRE_DESCENDING(_values)), addc_st(1, 0), addc_end(1, 1))
[debug] Program rejected. Reason: None
[debug] Enumerator generated: summarize(nonintFunc(REQUIRE_DESCENDING(_values)), addc_st(1, 0), addc_end(0, 0))
[debug] Program rejected. Reason: None
[debug] Enumerator generated: summarize(nonintFunc(REQUIRE_DESCENDING(_values)), addc_st(1, 0), addc_end(0, 1))
[debug] Program rejected. Reason: None
[debug] Enumerator generated: summarize(nonintFunc(REQUIRE_DESCENDING(_values)), addc_st(1, 0), addc_end(total, 0))
[debug] Program rejected. Reason: None
[debug] Enumerator generated: summarize(nonintFunc(REQUIRE_DESCENDING(_values)), addc_st(1, 0), addc_end(total, 1))
[debug] Program rejected. Reason: None
[debug] Enumerator generated: summarize(nonintFunc(REQUIRE_DESCENDING(_values)), addc_st(1, 0), addc_end(_values.length, 0))
[debug] Program rejected. Reason: None
[debug] Enumerator generated: summarize(nonintFunc(REQUIRE_DESCENDING(_values)), addc_st(1, 0), addc_end(_values.length, 1))
[debug] Program rejected. Reason: None
[debug] Enumerator generated: summarize(nonintFunc(REQUIRE_DESCENDING(_values)), addc_st(1, 1), addc_end(1, 0))
[debug] Program rejected. Reason: None
[debug] Enumerator generated: summarize(nonintFunc(REQUIRE_DESCENDING(_values)), addc_st(1, 1), addc_end(1, 1))
[debug] Program rejected. Reason: None
[debug] Enumerator generated: summarize(nonintFunc(REQUIRE_DESCENDING(_values)), addc_st(1, 1), addc_end(0, 0))
[debug] Program rejected. Reason: None
[debug] Enumerator generated: summarize(nonintFunc(REQUIRE_DESCENDING(_values)), addc_st(1, 1), addc_end(0, 1))
[debug] Program rejected. Reason: None
[debug] Enumerator generated: summarize(nonintFunc(REQUIRE_DESCENDING(_values)), addc_st(1, 1), addc_end(total, 0))
[debug] Program rejected. Reason: None
[debug] Enumerator generated: summarize(nonintFunc(REQUIRE_DESCENDING(_values)), addc_st(1, 1), addc_end(total, 1))
[debug] Program rejected. Reason: None
[debug] Enumerator generated: summarize(nonintFunc(REQUIRE_DESCENDING(_values)), addc_st(1, 1), addc_end(_values.length, 0))
[debug] Program rejected. Reason: None
[debug] Enumerator generated: summarize(nonintFunc(REQUIRE_DESCENDING(_values)), addc_st(1, 1), addc_end(_values.length, 1))
[debug] Program rejected. Reason: None
[debug] Enumerator generated: summarize(nonintFunc(REQUIRE_DESCENDING(_values)), addc_st(0, 0), addc_end(1, 0))
[debug] Program rejected. Reason: None
[debug] Enumerator generated: summarize(nonintFunc(REQUIRE_DESCENDING(_values)), addc_st(0, 0), addc_end(1, 1))
[debug] Program rejected. Reason: None
[debug] Enumerator generated: summarize(nonintFunc(REQUIRE_DESCENDING(_values)), addc_st(0, 0), addc_end(0, 0))
[debug] Program rejected. Reason: None
[debug] Enumerator generated: summarize(nonintFunc(REQUIRE_DESCENDING(_values)), addc_st(0, 0), addc_end(0, 1))
[debug] Program rejected. Reason: None
[debug] Enumerator generated: summarize(nonintFunc(REQUIRE_DESCENDING(_values)), addc_st(0, 0), addc_end(total, 0))
[debug] Program rejected. Reason: None
[debug] Enumerator generated: summarize(nonintFunc(REQUIRE_DESCENDING(_values)), addc_st(0, 0), addc_end(total, 1))
[debug] Program rejected. Reason: None
[debug] Enumerator generated: summarize(nonintFunc(REQUIRE_DESCENDING(_values)), addc_st(0, 0), addc_end(_values.length, 0))
[debug] Program rejected. Reason: None
[debug] Enumerator generated: summarize(nonintFunc(REQUIRE_DESCENDING(_values)), addc_st(0, 0), addc_end(_values.length, 1))
[debug] Program rejected. Reason: None
[debug] Enumerator generated: summarize(nonintFunc(REQUIRE_DESCENDING(_values)), addc_st(0, 1), addc_end(1, 0))
[debug] Program rejected. Reason: None
[debug] Enumerator generated: summarize(nonintFunc(REQUIRE_DESCENDING(_values)), addc_st(0, 1), addc_end(1, 1))
[debug] Program rejected. Reason: None
[debug] Enumerator generated: summarize(nonintFunc(REQUIRE_DESCENDING(_values)), addc_st(0, 1), addc_end(0, 0))
[debug] Program rejected. Reason: None
[debug] Enumerator generated: summarize(nonintFunc(REQUIRE_DESCENDING(_values)), addc_st(0, 1), addc_end(0, 1))
[debug] Program rejected. Reason: None
[debug] Enumerator generated: summarize(nonintFunc(REQUIRE_DESCENDING(_values)), addc_st(0, 1), addc_end(total, 0))
[debug] Program rejected. Reason: None
[debug] Enumerator generated: summarize(nonintFunc(REQUIRE_DESCENDING(_values)), addc_st(0, 1), addc_end(total, 1))
[debug] Program rejected. Reason: None
[debug] Enumerator generated: summarize(nonintFunc(REQUIRE_DESCENDING(_values)), addc_st(0, 1), addc_end(_values.length, 0))
[debug] Program rejected. Reason: None
[debug] Enumerator generated: summarize(nonintFunc(REQUIRE_DESCENDING(_values)), addc_st(0, 1), addc_end(_values.length, 1))
[debug] Program rejected. Reason: None
[debug] Enumerator generated: summarize(nonintFunc(REQUIRE_DESCENDING(_values)), addc_st(total, 0), addc_end(1, 0))
[debug] Program rejected. Reason: None
[debug] Enumerator generated: summarize(nonintFunc(REQUIRE_DESCENDING(_values)), addc_st(total, 0), addc_end(1, 1))
[debug] Program rejected. Reason: None
[debug] Enumerator generated: summarize(nonintFunc(REQUIRE_DESCENDING(_values)), addc_st(total, 0), addc_end(0, 0))
[debug] Program rejected. Reason: None
[debug] Enumerator generated: summarize(nonintFunc(REQUIRE_DESCENDING(_values)), addc_st(total, 0), addc_end(0, 1))
[debug] Program rejected. Reason: None
[debug] Enumerator generated: summarize(nonintFunc(REQUIRE_DESCENDING(_values)), addc_st(total, 0), addc_end(total, 0))
[debug] Program rejected. Reason: None
[debug] Enumerator generated: summarize(nonintFunc(REQUIRE_DESCENDING(_values)), addc_st(total, 0), addc_end(total, 1))
[debug] Program rejected. Reason: None
[debug] Enumerator generated: summarize(nonintFunc(REQUIRE_DESCENDING(_values)), addc_st(total, 0), addc_end(_values.length, 0))
[debug] Program rejected. Reason: None
[debug] Enumerator generated: summarize(nonintFunc(REQUIRE_DESCENDING(_values)), addc_st(total, 0), addc_end(_values.length, 1))
[debug] Program rejected. Reason: None
[debug] Enumerator generated: summarize(nonintFunc(REQUIRE_DESCENDING(_values)), addc_st(total, 1), addc_end(1, 0))
[debug] Program rejected. Reason: None
[debug] Enumerator generated: summarize(nonintFunc(REQUIRE_DESCENDING(_values)), addc_st(total, 1), addc_end(1, 1))
[debug] Program rejected. Reason: None
[debug] Enumerator generated: summarize(nonintFunc(REQUIRE_DESCENDING(_values)), addc_st(total, 1), addc_end(0, 0))
[debug] Program rejected. Reason: None
[debug] Enumerator generated: summarize(nonintFunc(REQUIRE_DESCENDING(_values)), addc_st(total, 1), addc_end(0, 1))
[debug] Program rejected. Reason: None
[debug] Enumerator generated: summarize(nonintFunc(REQUIRE_DESCENDING(_values)), addc_st(total, 1), addc_end(total, 0))
[debug] Program rejected. Reason: None
[debug] Enumerator generated: summarize(nonintFunc(REQUIRE_DESCENDING(_values)), addc_st(total, 1), addc_end(total, 1))
[debug] Program rejected. Reason: None
[debug] Enumerator generated: summarize(nonintFunc(REQUIRE_DESCENDING(_values)), addc_st(total, 1), addc_end(_values.length, 0))
[debug] Program rejected. Reason: None
[debug] Enumerator generated: summarize(nonintFunc(REQUIRE_DESCENDING(_values)), addc_st(total, 1), addc_end(_values.length, 1))
[debug] Program rejected. Reason: None
[debug] Enumerator generated: summarize(nonintFunc(REQUIRE_DESCENDING(_values)), addc_st(_values.length, 0), addc_end(1, 0))
[debug] Program rejected. Reason: None
[debug] Enumerator generated: summarize(nonintFunc(REQUIRE_DESCENDING(_values)), addc_st(_values.length, 0), addc_end(1, 1))
[debug] Program rejected. Reason: None
[debug] Enumerator generated: summarize(nonintFunc(REQUIRE_DESCENDING(_values)), addc_st(_values.length, 0), addc_end(0, 0))
[debug] Program rejected. Reason: None
[debug] Enumerator generated: summarize(nonintFunc(REQUIRE_DESCENDING(_values)), addc_st(_values.length, 0), addc_end(0, 1))
[debug] Program rejected. Reason: None
[debug] Enumerator generated: summarize(nonintFunc(REQUIRE_DESCENDING(_values)), addc_st(_values.length, 0), addc_end(total, 0))
[debug] Program rejected. Reason: None
[debug] Enumerator generated: summarize(nonintFunc(REQUIRE_DESCENDING(_values)), addc_st(_values.length, 0), addc_end(total, 1))
[debug] Program rejected. Reason: None
[debug] Enumerator generated: summarize(nonintFunc(REQUIRE_DESCENDING(_values)), addc_st(_values.length, 0), addc_end(_values.length, 0))
[debug] Program rejected. Reason: None
[debug] Enumerator generated: summarize(nonintFunc(REQUIRE_DESCENDING(_values)), addc_st(_values.length, 0), addc_end(_values.length, 1))
[debug] Program rejected. Reason: None
[debug] Enumerator generated: summarize(nonintFunc(REQUIRE_DESCENDING(_values)), addc_st(_values.length, 1), addc_end(1, 0))
[debug] Program rejected. Reason: None
[debug] Enumerator generated: summarize(nonintFunc(REQUIRE_DESCENDING(_values)), addc_st(_values.length, 1), addc_end(1, 1))
[debug] Program rejected. Reason: None
[debug] Enumerator generated: summarize(nonintFunc(REQUIRE_DESCENDING(_values)), addc_st(_values.length, 1), addc_end(0, 0))
[debug] Program rejected. Reason: None
[debug] Enumerator generated: summarize(nonintFunc(REQUIRE_DESCENDING(_values)), addc_st(_values.length, 1), addc_end(0, 1))
[debug] Program rejected. Reason: None
[debug] Enumerator generated: summarize(nonintFunc(REQUIRE_DESCENDING(_values)), addc_st(_values.length, 1), addc_end(total, 0))
[debug] Program rejected. Reason: None
[debug] Enumerator generated: summarize(nonintFunc(REQUIRE_DESCENDING(_values)), addc_st(_values.length, 1), addc_end(total, 1))
[debug] Program rejected. Reason: None
[debug] Enumerator generated: summarize(nonintFunc(REQUIRE_DESCENDING(_values)), addc_st(_values.length, 1), addc_end(_values.length, 0))
[debug] Program rejected. Reason: None
[debug] Enumerator generated: summarize(nonintFunc(REQUIRE_DESCENDING(_values)), addc_st(_values.length, 1), addc_end(_values.length, 1))
[debug] Program rejected. Reason: None
[debug] Enumerator generated: summarize(nonintFunc(REQUIRE_ASCENDING(_values)), addc_st(1, 0), subc_end(1, 0))
[debug] Program rejected. Reason: None
[debug] Enumerator generated: summarize(nonintFunc(REQUIRE_ASCENDING(_values)), addc_st(1, 0), subc_end(1, 1))
[debug] Program rejected. Reason: None
[debug] Enumerator generated: summarize(nonintFunc(REQUIRE_ASCENDING(_values)), addc_st(1, 0), subc_end(0, 0))
[debug] Program rejected. Reason: None
[debug] Enumerator generated: summarize(nonintFunc(REQUIRE_ASCENDING(_values)), addc_st(1, 0), subc_end(0, 1))
[debug] Program rejected. Reason: None
[debug] Enumerator generated: summarize(nonintFunc(REQUIRE_ASCENDING(_values)), addc_st(1, 0), subc_end(total, 0))
[debug] Program rejected. Reason: None
[debug] Enumerator generated: summarize(nonintFunc(REQUIRE_ASCENDING(_values)), addc_st(1, 0), subc_end(total, 1))
[debug] Program rejected. Reason: None
[debug] Enumerator generated: summarize(nonintFunc(REQUIRE_ASCENDING(_values)), addc_st(1, 0), subc_end(_values.length, 0))
[debug] Program rejected. Reason: None
[debug] Enumerator generated: summarize(nonintFunc(REQUIRE_ASCENDING(_values)), addc_st(1, 0), subc_end(_values.length, 1))
[debug] Program rejected. Reason: None
[debug] Enumerator generated: summarize(nonintFunc(REQUIRE_ASCENDING(_values)), addc_st(1, 1), subc_end(1, 0))
[debug] Program rejected. Reason: None
[debug] Enumerator generated: summarize(nonintFunc(REQUIRE_ASCENDING(_values)), addc_st(1, 1), subc_end(1, 1))
[debug] Program rejected. Reason: None
[debug] Enumerator generated: summarize(nonintFunc(REQUIRE_ASCENDING(_values)), addc_st(1, 1), subc_end(0, 0))
[debug] Program rejected. Reason: None
[debug] Enumerator generated: summarize(nonintFunc(REQUIRE_ASCENDING(_values)), addc_st(1, 1), subc_end(0, 1))
[debug] Program rejected. Reason: None
[debug] Enumerator generated: summarize(nonintFunc(REQUIRE_ASCENDING(_values)), addc_st(1, 1), subc_end(total, 0))
[debug] Program rejected. Reason: None
[debug] Enumerator generated: summarize(nonintFunc(REQUIRE_ASCENDING(_values)), addc_st(1, 1), subc_end(total, 1))
[debug] Program rejected. Reason: None
[debug] Enumerator generated: summarize(nonintFunc(REQUIRE_ASCENDING(_values)), addc_st(1, 1), subc_end(_values.length, 0))
[debug] Program rejected. Reason: None
[debug] Enumerator generated: summarize(nonintFunc(REQUIRE_ASCENDING(_values)), addc_st(1, 1), subc_end(_values.length, 1))
[debug] Program rejected. Reason: None
[debug] Enumerator generated: summarize(nonintFunc(REQUIRE_ASCENDING(_values)), addc_st(0, 0), subc_end(1, 0))
[debug] Program rejected. Reason: None
[debug] Enumerator generated: summarize(nonintFunc(REQUIRE_ASCENDING(_values)), addc_st(0, 0), subc_end(1, 1))
[debug] Program rejected. Reason: None
[debug] Enumerator generated: summarize(nonintFunc(REQUIRE_ASCENDING(_values)), addc_st(0, 0), subc_end(0, 0))
[debug] Program rejected. Reason: None
[debug] Enumerator generated: summarize(nonintFunc(REQUIRE_ASCENDING(_values)), addc_st(0, 0), subc_end(0, 1))
[debug] Program rejected. Reason: None
[debug] Enumerator generated: summarize(nonintFunc(REQUIRE_ASCENDING(_values)), addc_st(0, 0), subc_end(total, 0))
[debug] Program rejected. Reason: None
[debug] Enumerator generated: summarize(nonintFunc(REQUIRE_ASCENDING(_values)), addc_st(0, 0), subc_end(total, 1))
[debug] Program rejected. Reason: None
[debug] Enumerator generated: summarize(nonintFunc(REQUIRE_ASCENDING(_values)), addc_st(0, 0), subc_end(_values.length, 0))
[debug] Program rejected. Reason: None
[debug] Enumerator generated: summarize(nonintFunc(REQUIRE_ASCENDING(_values)), addc_st(0, 0), subc_end(_values.length, 1))
[debug] Program rejected. Reason: None
[debug] Enumerator generated: summarize(nonintFunc(REQUIRE_ASCENDING(_values)), addc_st(0, 1), subc_end(1, 0))
[debug] Program rejected. Reason: None
[debug] Enumerator generated: summarize(nonintFunc(REQUIRE_ASCENDING(_values)), addc_st(0, 1), subc_end(1, 1))
[debug] Program rejected. Reason: None
[debug] Enumerator generated: summarize(nonintFunc(REQUIRE_ASCENDING(_values)), addc_st(0, 1), subc_end(0, 0))
[debug] Program rejected. Reason: None
[debug] Enumerator generated: summarize(nonintFunc(REQUIRE_ASCENDING(_values)), addc_st(0, 1), subc_end(0, 1))
[debug] Program rejected. Reason: None
[debug] Enumerator generated: summarize(nonintFunc(REQUIRE_ASCENDING(_values)), addc_st(0, 1), subc_end(total, 0))
[debug] Program rejected. Reason: None
[debug] Enumerator generated: summarize(nonintFunc(REQUIRE_ASCENDING(_values)), addc_st(0, 1), subc_end(total, 1))
[debug] Program rejected. Reason: None
[debug] Enumerator generated: summarize(nonintFunc(REQUIRE_ASCENDING(_values)), addc_st(0, 1), subc_end(_values.length, 0))
[debug] Program rejected. Reason: None
[debug] Enumerator generated: summarize(nonintFunc(REQUIRE_ASCENDING(_values)), addc_st(0, 1), subc_end(_values.length, 1))
[debug] Program rejected. Reason: None
[debug] Enumerator generated: summarize(nonintFunc(REQUIRE_ASCENDING(_values)), addc_st(total, 0), subc_end(1, 0))
[debug] Program rejected. Reason: None
[debug] Enumerator generated: summarize(nonintFunc(REQUIRE_ASCENDING(_values)), addc_st(total, 0), subc_end(1, 1))
[debug] Program rejected. Reason: None
[debug] Enumerator generated: summarize(nonintFunc(REQUIRE_ASCENDING(_values)), addc_st(total, 0), subc_end(0, 0))
[debug] Program rejected. Reason: None
[debug] Enumerator generated: summarize(nonintFunc(REQUIRE_ASCENDING(_values)), addc_st(total, 0), subc_end(0, 1))
[debug] Program rejected. Reason: None
[debug] Enumerator generated: summarize(nonintFunc(REQUIRE_ASCENDING(_values)), addc_st(total, 0), subc_end(total, 0))
[debug] Program rejected. Reason: None
[debug] Enumerator generated: summarize(nonintFunc(REQUIRE_ASCENDING(_values)), addc_st(total, 0), subc_end(total, 1))
[debug] Program rejected. Reason: None
[debug] Enumerator generated: summarize(nonintFunc(REQUIRE_ASCENDING(_values)), addc_st(total, 0), subc_end(_values.length, 0))
[debug] Program rejected. Reason: None
[debug] Enumerator generated: summarize(nonintFunc(REQUIRE_ASCENDING(_values)), addc_st(total, 0), subc_end(_values.length, 1))
[debug] Program rejected. Reason: None
[debug] Enumerator generated: summarize(nonintFunc(REQUIRE_ASCENDING(_values)), addc_st(total, 1), subc_end(1, 0))
[debug] Program rejected. Reason: None
[debug] Enumerator generated: summarize(nonintFunc(REQUIRE_ASCENDING(_values)), addc_st(total, 1), subc_end(1, 1))
[debug] Program rejected. Reason: None
[debug] Enumerator generated: summarize(nonintFunc(REQUIRE_ASCENDING(_values)), addc_st(total, 1), subc_end(0, 0))
[debug] Program rejected. Reason: None
[debug] Enumerator generated: summarize(nonintFunc(REQUIRE_ASCENDING(_values)), addc_st(total, 1), subc_end(0, 1))
[debug] Program rejected. Reason: None
[debug] Enumerator generated: summarize(nonintFunc(REQUIRE_ASCENDING(_values)), addc_st(total, 1), subc_end(total, 0))
[debug] Program rejected. Reason: None
[debug] Enumerator generated: summarize(nonintFunc(REQUIRE_ASCENDING(_values)), addc_st(total, 1), subc_end(total, 1))
[debug] Program rejected. Reason: None
[debug] Enumerator generated: summarize(nonintFunc(REQUIRE_ASCENDING(_values)), addc_st(total, 1), subc_end(_values.length, 0))
[debug] Program rejected. Reason: None
[debug] Enumerator generated: summarize(nonintFunc(REQUIRE_ASCENDING(_values)), addc_st(total, 1), subc_end(_values.length, 1))
[debug] Program rejected. Reason: None
[debug] Enumerator generated: summarize(nonintFunc(REQUIRE_ASCENDING(_values)), addc_st(_values.length, 0), subc_end(1, 0))
[debug] Program rejected. Reason: None
[debug] Enumerator generated: summarize(nonintFunc(REQUIRE_ASCENDING(_values)), addc_st(_values.length, 0), subc_end(1, 1))
[debug] Program rejected. Reason: None
[debug] Enumerator generated: summarize(nonintFunc(REQUIRE_ASCENDING(_values)), addc_st(_values.length, 0), subc_end(0, 0))
[debug] Program rejected. Reason: None
[debug] Enumerator generated: summarize(nonintFunc(REQUIRE_ASCENDING(_values)), addc_st(_values.length, 0), subc_end(0, 1))
[debug] Program rejected. Reason: None
[debug] Enumerator generated: summarize(nonintFunc(REQUIRE_ASCENDING(_values)), addc_st(_values.length, 0), subc_end(total, 0))
[debug] Program rejected. Reason: None
[debug] Enumerator generated: summarize(nonintFunc(REQUIRE_ASCENDING(_values)), addc_st(_values.length, 0), subc_end(total, 1))
[debug] Program rejected. Reason: None
[debug] Enumerator generated: summarize(nonintFunc(REQUIRE_ASCENDING(_values)), addc_st(_values.length, 0), subc_end(_values.length, 0))
[debug] Program rejected. Reason: None
[debug] Enumerator generated: summarize(nonintFunc(REQUIRE_ASCENDING(_values)), addc_st(_values.length, 0), subc_end(_values.length, 1))
[debug] Program rejected. Reason: None
[debug] Enumerator generated: summarize(nonintFunc(REQUIRE_ASCENDING(_values)), addc_st(_values.length, 1), subc_end(1, 0))
[debug] Program rejected. Reason: None
[debug] Enumerator generated: summarize(nonintFunc(REQUIRE_ASCENDING(_values)), addc_st(_values.length, 1), subc_end(1, 1))
[debug] Program rejected. Reason: None
[debug] Enumerator generated: summarize(nonintFunc(REQUIRE_ASCENDING(_values)), addc_st(_values.length, 1), subc_end(0, 0))
[debug] Program rejected. Reason: None
[debug] Enumerator generated: summarize(nonintFunc(REQUIRE_ASCENDING(_values)), addc_st(_values.length, 1), subc_end(0, 1))
[debug] Program rejected. Reason: None
[debug] Enumerator generated: summarize(nonintFunc(REQUIRE_ASCENDING(_values)), addc_st(_values.length, 1), subc_end(total, 0))
[debug] Program rejected. Reason: None
[debug] Enumerator generated: summarize(nonintFunc(REQUIRE_ASCENDING(_values)), addc_st(_values.length, 1), subc_end(total, 1))
[debug] Program rejected. Reason: None
[debug] Enumerator generated: summarize(nonintFunc(REQUIRE_ASCENDING(_values)), addc_st(_values.length, 1), subc_end(_values.length, 0))
[debug] Program rejected. Reason: None
[debug] Enumerator generated: summarize(nonintFunc(REQUIRE_ASCENDING(_values)), addc_st(_values.length, 1), subc_end(_values.length, 1))
[debug] Program rejected. Reason: None
[debug] Enumerator generated: summarize(nonintFunc(REQUIRE_DESCENDING(_values)), addc_st(1, 0), subc_end(1, 0))
[debug] Program rejected. Reason: None
[debug] Enumerator generated: summarize(nonintFunc(REQUIRE_DESCENDING(_values)), addc_st(1, 0), subc_end(1, 1))
[debug] Program rejected. Reason: None
[debug] Enumerator generated: summarize(nonintFunc(REQUIRE_DESCENDING(_values)), addc_st(1, 0), subc_end(0, 0))
[debug] Program rejected. Reason: None
[debug] Enumerator generated: summarize(nonintFunc(REQUIRE_DESCENDING(_values)), addc_st(1, 0), subc_end(0, 1))
[debug] Program rejected. Reason: None
[debug] Enumerator generated: summarize(nonintFunc(REQUIRE_DESCENDING(_values)), addc_st(1, 0), subc_end(total, 0))
[debug] Program rejected. Reason: None
[debug] Enumerator generated: summarize(nonintFunc(REQUIRE_DESCENDING(_values)), addc_st(1, 0), subc_end(total, 1))
[debug] Program rejected. Reason: None
[debug] Enumerator generated: summarize(nonintFunc(REQUIRE_DESCENDING(_values)), addc_st(1, 0), subc_end(_values.length, 0))
[debug] Program rejected. Reason: None
[debug] Enumerator generated: summarize(nonintFunc(REQUIRE_DESCENDING(_values)), addc_st(1, 0), subc_end(_values.length, 1))
[debug] Program rejected. Reason: None
[debug] Enumerator generated: summarize(nonintFunc(REQUIRE_DESCENDING(_values)), addc_st(1, 1), subc_end(1, 0))
[debug] Program rejected. Reason: None
[debug] Enumerator generated: summarize(nonintFunc(REQUIRE_DESCENDING(_values)), addc_st(1, 1), subc_end(1, 1))
[debug] Program rejected. Reason: None
[debug] Enumerator generated: summarize(nonintFunc(REQUIRE_DESCENDING(_values)), addc_st(1, 1), subc_end(0, 0))
[debug] Program rejected. Reason: None
[debug] Enumerator generated: summarize(nonintFunc(REQUIRE_DESCENDING(_values)), addc_st(1, 1), subc_end(0, 1))
[debug] Program rejected. Reason: None
[debug] Enumerator generated: summarize(nonintFunc(REQUIRE_DESCENDING(_values)), addc_st(1, 1), subc_end(total, 0))
[debug] Program rejected. Reason: None
[debug] Enumerator generated: summarize(nonintFunc(REQUIRE_DESCENDING(_values)), addc_st(1, 1), subc_end(total, 1))
[debug] Program rejected. Reason: None
[debug] Enumerator generated: summarize(nonintFunc(REQUIRE_DESCENDING(_values)), addc_st(1, 1), subc_end(_values.length, 0))
[debug] Program rejected. Reason: None
[debug] Enumerator generated: summarize(nonintFunc(REQUIRE_DESCENDING(_values)), addc_st(1, 1), subc_end(_values.length, 1))
[debug] Program rejected. Reason: None
[debug] Enumerator generated: summarize(nonintFunc(REQUIRE_DESCENDING(_values)), addc_st(0, 0), subc_end(1, 0))
[debug] Program rejected. Reason: None
[debug] Enumerator generated: summarize(nonintFunc(REQUIRE_DESCENDING(_values)), addc_st(0, 0), subc_end(1, 1))
[debug] Program rejected. Reason: None
[debug] Enumerator generated: summarize(nonintFunc(REQUIRE_DESCENDING(_values)), addc_st(0, 0), subc_end(0, 0))
[debug] Program rejected. Reason: None
[debug] Enumerator generated: summarize(nonintFunc(REQUIRE_DESCENDING(_values)), addc_st(0, 0), subc_end(0, 1))
[debug] Program rejected. Reason: None
[debug] Enumerator generated: summarize(nonintFunc(REQUIRE_DESCENDING(_values)), addc_st(0, 0), subc_end(total, 0))
[debug] Program rejected. Reason: None
[debug] Enumerator generated: summarize(nonintFunc(REQUIRE_DESCENDING(_values)), addc_st(0, 0), subc_end(total, 1))
[debug] Program rejected. Reason: None
[debug] Enumerator generated: summarize(nonintFunc(REQUIRE_DESCENDING(_values)), addc_st(0, 0), subc_end(_values.length, 0))
[debug] Program rejected. Reason: None
[debug] Enumerator generated: summarize(nonintFunc(REQUIRE_DESCENDING(_values)), addc_st(0, 0), subc_end(_values.length, 1))
[debug] Program rejected. Reason: None
[debug] Enumerator generated: summarize(nonintFunc(REQUIRE_DESCENDING(_values)), addc_st(0, 1), subc_end(1, 0))
[debug] Program rejected. Reason: None
[debug] Enumerator generated: summarize(nonintFunc(REQUIRE_DESCENDING(_values)), addc_st(0, 1), subc_end(1, 1))
[debug] Program rejected. Reason: None
[debug] Enumerator generated: summarize(nonintFunc(REQUIRE_DESCENDING(_values)), addc_st(0, 1), subc_end(0, 0))
[debug] Program rejected. Reason: None
[debug] Enumerator generated: summarize(nonintFunc(REQUIRE_DESCENDING(_values)), addc_st(0, 1), subc_end(0, 1))
[debug] Program rejected. Reason: None
[debug] Enumerator generated: summarize(nonintFunc(REQUIRE_DESCENDING(_values)), addc_st(0, 1), subc_end(total, 0))
[debug] Program rejected. Reason: None
[debug] Enumerator generated: summarize(nonintFunc(REQUIRE_DESCENDING(_values)), addc_st(0, 1), subc_end(total, 1))
[debug] Program rejected. Reason: None
[debug] Enumerator generated: summarize(nonintFunc(REQUIRE_DESCENDING(_values)), addc_st(0, 1), subc_end(_values.length, 0))
[debug] Program rejected. Reason: None
[debug] Enumerator generated: summarize(nonintFunc(REQUIRE_DESCENDING(_values)), addc_st(0, 1), subc_end(_values.length, 1))
[debug] Program rejected. Reason: None
[debug] Enumerator generated: summarize(nonintFunc(REQUIRE_DESCENDING(_values)), addc_st(total, 0), subc_end(1, 0))
[debug] Program rejected. Reason: None
[debug] Enumerator generated: summarize(nonintFunc(REQUIRE_DESCENDING(_values)), addc_st(total, 0), subc_end(1, 1))
[debug] Program rejected. Reason: None
[debug] Enumerator generated: summarize(nonintFunc(REQUIRE_DESCENDING(_values)), addc_st(total, 0), subc_end(0, 0))
[debug] Program rejected. Reason: None
[debug] Enumerator generated: summarize(nonintFunc(REQUIRE_DESCENDING(_values)), addc_st(total, 0), subc_end(0, 1))
[debug] Program rejected. Reason: None
[debug] Enumerator generated: summarize(nonintFunc(REQUIRE_DESCENDING(_values)), addc_st(total, 0), subc_end(total, 0))
[debug] Program rejected. Reason: None
[debug] Enumerator generated: summarize(nonintFunc(REQUIRE_DESCENDING(_values)), addc_st(total, 0), subc_end(total, 1))
[debug] Program rejected. Reason: None
[debug] Enumerator generated: summarize(nonintFunc(REQUIRE_DESCENDING(_values)), addc_st(total, 0), subc_end(_values.length, 0))
[debug] Program rejected. Reason: None
[debug] Enumerator generated: summarize(nonintFunc(REQUIRE_DESCENDING(_values)), addc_st(total, 0), subc_end(_values.length, 1))
[debug] Program rejected. Reason: None
[debug] Enumerator generated: summarize(nonintFunc(REQUIRE_DESCENDING(_values)), addc_st(total, 1), subc_end(1, 0))
[debug] Program rejected. Reason: None
[debug] Enumerator generated: summarize(nonintFunc(REQUIRE_DESCENDING(_values)), addc_st(total, 1), subc_end(1, 1))
[debug] Program rejected. Reason: None
[debug] Enumerator generated: summarize(nonintFunc(REQUIRE_DESCENDING(_values)), addc_st(total, 1), subc_end(0, 0))
[debug] Program rejected. Reason: None
[debug] Enumerator generated: summarize(nonintFunc(REQUIRE_DESCENDING(_values)), addc_st(total, 1), subc_end(0, 1))
[debug] Program rejected. Reason: None
[debug] Enumerator generated: summarize(nonintFunc(REQUIRE_DESCENDING(_values)), addc_st(total, 1), subc_end(total, 0))
[debug] Program rejected. Reason: None
[debug] Enumerator generated: summarize(nonintFunc(REQUIRE_DESCENDING(_values)), addc_st(total, 1), subc_end(total, 1))
[debug] Program rejected. Reason: None
[debug] Enumerator generated: summarize(nonintFunc(REQUIRE_DESCENDING(_values)), addc_st(total, 1), subc_end(_values.length, 0))
[debug] Program rejected. Reason: None
[debug] Enumerator generated: summarize(nonintFunc(REQUIRE_DESCENDING(_values)), addc_st(total, 1), subc_end(_values.length, 1))
[debug] Program rejected. Reason: None
[debug] Enumerator generated: summarize(nonintFunc(REQUIRE_DESCENDING(_values)), addc_st(_values.length, 0), subc_end(1, 0))
[debug] Program rejected. Reason: None
[debug] Enumerator generated: summarize(nonintFunc(REQUIRE_DESCENDING(_values)), addc_st(_values.length, 0), subc_end(1, 1))
[debug] Program rejected. Reason: None
[debug] Enumerator generated: summarize(nonintFunc(REQUIRE_DESCENDING(_values)), addc_st(_values.length, 0), subc_end(0, 0))
[debug] Program rejected. Reason: None
[debug] Enumerator generated: summarize(nonintFunc(REQUIRE_DESCENDING(_values)), addc_st(_values.length, 0), subc_end(0, 1))
[debug] Program rejected. Reason: None
[debug] Enumerator generated: summarize(nonintFunc(REQUIRE_DESCENDING(_values)), addc_st(_values.length, 0), subc_end(total, 0))
[debug] Program rejected. Reason: None
[debug] Enumerator generated: summarize(nonintFunc(REQUIRE_DESCENDING(_values)), addc_st(_values.length, 0), subc_end(total, 1))
[debug] Program rejected. Reason: None
[debug] Enumerator generated: summarize(nonintFunc(REQUIRE_DESCENDING(_values)), addc_st(_values.length, 0), subc_end(_values.length, 0))
[debug] Program rejected. Reason: None
[debug] Enumerator generated: summarize(nonintFunc(REQUIRE_DESCENDING(_values)), addc_st(_values.length, 0), subc_end(_values.length, 1))
[debug] Program rejected. Reason: None
[debug] Enumerator generated: summarize(nonintFunc(REQUIRE_DESCENDING(_values)), addc_st(_values.length, 1), subc_end(1, 0))
[debug] Program rejected. Reason: None
[debug] Enumerator generated: summarize(nonintFunc(REQUIRE_DESCENDING(_values)), addc_st(_values.length, 1), subc_end(1, 1))
[debug] Program rejected. Reason: None
[debug] Enumerator generated: summarize(nonintFunc(REQUIRE_DESCENDING(_values)), addc_st(_values.length, 1), subc_end(0, 0))
[debug] Program rejected. Reason: None
[debug] Enumerator generated: summarize(nonintFunc(REQUIRE_DESCENDING(_values)), addc_st(_values.length, 1), subc_end(0, 1))
[debug] Program rejected. Reason: None
[debug] Enumerator generated: summarize(nonintFunc(REQUIRE_DESCENDING(_values)), addc_st(_values.length, 1), subc_end(total, 0))
[debug] Program rejected. Reason: None
[debug] Enumerator generated: summarize(nonintFunc(REQUIRE_DESCENDING(_values)), addc_st(_values.length, 1), subc_end(total, 1))
[debug] Program rejected. Reason: None
[debug] Enumerator generated: summarize(nonintFunc(REQUIRE_DESCENDING(_values)), addc_st(_values.length, 1), subc_end(_values.length, 0))
[debug] Program rejected. Reason: None
[debug] Enumerator generated: summarize(nonintFunc(REQUIRE_DESCENDING(_values)), addc_st(_values.length, 1), subc_end(_values.length, 1))
[debug] Program rejected. Reason: None
[debug] Enumerator generated: summarize(nonintFunc(REQUIRE_ASCENDING(_values)), subc_st(1, 0), addc_end(1, 0))
[debug] Program rejected. Reason: None
[debug] Enumerator generated: summarize(nonintFunc(REQUIRE_ASCENDING(_values)), subc_st(1, 0), addc_end(1, 1))
[debug] Program rejected. Reason: None
[debug] Enumerator generated: summarize(nonintFunc(REQUIRE_ASCENDING(_values)), subc_st(1, 0), addc_end(0, 0))
[debug] Program rejected. Reason: None
[debug] Enumerator generated: summarize(nonintFunc(REQUIRE_ASCENDING(_values)), subc_st(1, 0), addc_end(0, 1))
[debug] Program rejected. Reason: None
[debug] Enumerator generated: summarize(nonintFunc(REQUIRE_ASCENDING(_values)), subc_st(1, 0), addc_end(total, 0))
[debug] Program rejected. Reason: None
[debug] Enumerator generated: summarize(nonintFunc(REQUIRE_ASCENDING(_values)), subc_st(1, 0), addc_end(total, 1))
[debug] Program rejected. Reason: None
[debug] Enumerator generated: summarize(nonintFunc(REQUIRE_ASCENDING(_values)), subc_st(1, 0), addc_end(_values.length, 0))
[debug] Program rejected. Reason: None
[debug] Enumerator generated: summarize(nonintFunc(REQUIRE_ASCENDING(_values)), subc_st(1, 0), addc_end(_values.length, 1))
[debug] Program rejected. Reason: None
[debug] Enumerator generated: summarize(nonintFunc(REQUIRE_ASCENDING(_values)), subc_st(1, 1), addc_end(1, 0))
[debug] Program rejected. Reason: None
[debug] Enumerator generated: summarize(nonintFunc(REQUIRE_ASCENDING(_values)), subc_st(1, 1), addc_end(1, 1))
[debug] Program rejected. Reason: None
[debug] Enumerator generated: summarize(nonintFunc(REQUIRE_ASCENDING(_values)), subc_st(1, 1), addc_end(0, 0))
[debug] Program rejected. Reason: None
[debug] Enumerator generated: summarize(nonintFunc(REQUIRE_ASCENDING(_values)), subc_st(1, 1), addc_end(0, 1))
[debug] Program rejected. Reason: None
[debug] Enumerator generated: summarize(nonintFunc(REQUIRE_ASCENDING(_values)), subc_st(1, 1), addc_end(total, 0))
[debug] Program rejected. Reason: None
[debug] Enumerator generated: summarize(nonintFunc(REQUIRE_ASCENDING(_values)), subc_st(1, 1), addc_end(total, 1))
[debug] Program rejected. Reason: None
[debug] Enumerator generated: summarize(nonintFunc(REQUIRE_ASCENDING(_values)), subc_st(1, 1), addc_end(_values.length, 0))
[debug] Program rejected. Reason: None
[debug] Enumerator generated: summarize(nonintFunc(REQUIRE_ASCENDING(_values)), subc_st(1, 1), addc_end(_values.length, 1))
[debug] Program rejected. Reason: None
[debug] Enumerator generated: summarize(nonintFunc(REQUIRE_ASCENDING(_values)), subc_st(0, 0), addc_end(1, 0))
[debug] Program rejected. Reason: None
[debug] Enumerator generated: summarize(nonintFunc(REQUIRE_ASCENDING(_values)), subc_st(0, 0), addc_end(1, 1))
[debug] Program rejected. Reason: None
[debug] Enumerator generated: summarize(nonintFunc(REQUIRE_ASCENDING(_values)), subc_st(0, 0), addc_end(0, 0))
[debug] Program rejected. Reason: None
[debug] Enumerator generated: summarize(nonintFunc(REQUIRE_ASCENDING(_values)), subc_st(0, 0), addc_end(0, 1))
[debug] Program rejected. Reason: None
[debug] Enumerator generated: summarize(nonintFunc(REQUIRE_ASCENDING(_values)), subc_st(0, 0), addc_end(total, 0))
[debug] Program rejected. Reason: None
[debug] Enumerator generated: summarize(nonintFunc(REQUIRE_ASCENDING(_values)), subc_st(0, 0), addc_end(total, 1))
[debug] Program rejected. Reason: None
[debug] Enumerator generated: summarize(nonintFunc(REQUIRE_ASCENDING(_values)), subc_st(0, 0), addc_end(_values.length, 0))
[debug] Program rejected. Reason: None
[debug] Enumerator generated: summarize(nonintFunc(REQUIRE_ASCENDING(_values)), subc_st(0, 0), addc_end(_values.length, 1))
[debug] Program rejected. Reason: None
[debug] Enumerator generated: summarize(nonintFunc(REQUIRE_ASCENDING(_values)), subc_st(0, 1), addc_end(1, 0))
[debug] Program rejected. Reason: None
[debug] Enumerator generated: summarize(nonintFunc(REQUIRE_ASCENDING(_values)), subc_st(0, 1), addc_end(1, 1))
[debug] Program rejected. Reason: None
[debug] Enumerator generated: summarize(nonintFunc(REQUIRE_ASCENDING(_values)), subc_st(0, 1), addc_end(0, 0))
[debug] Program rejected. Reason: None
[debug] Enumerator generated: summarize(nonintFunc(REQUIRE_ASCENDING(_values)), subc_st(0, 1), addc_end(0, 1))
[debug] Program rejected. Reason: None
[debug] Enumerator generated: summarize(nonintFunc(REQUIRE_ASCENDING(_values)), subc_st(0, 1), addc_end(total, 0))
[debug] Program rejected. Reason: None
[debug] Enumerator generated: summarize(nonintFunc(REQUIRE_ASCENDING(_values)), subc_st(0, 1), addc_end(total, 1))
[debug] Program rejected. Reason: None
[debug] Enumerator generated: summarize(nonintFunc(REQUIRE_ASCENDING(_values)), subc_st(0, 1), addc_end(_values.length, 0))
[debug] Program rejected. Reason: None
[debug] Enumerator generated: summarize(nonintFunc(REQUIRE_ASCENDING(_values)), subc_st(0, 1), addc_end(_values.length, 1))
[debug] Program rejected. Reason: None
[debug] Enumerator generated: summarize(nonintFunc(REQUIRE_ASCENDING(_values)), subc_st(total, 0), addc_end(1, 0))
[debug] Program rejected. Reason: None
[debug] Enumerator generated: summarize(nonintFunc(REQUIRE_ASCENDING(_values)), subc_st(total, 0), addc_end(1, 1))
[debug] Program rejected. Reason: None
[debug] Enumerator generated: summarize(nonintFunc(REQUIRE_ASCENDING(_values)), subc_st(total, 0), addc_end(0, 0))
[debug] Program rejected. Reason: None
[debug] Enumerator generated: summarize(nonintFunc(REQUIRE_ASCENDING(_values)), subc_st(total, 0), addc_end(0, 1))
[debug] Program rejected. Reason: None
[debug] Enumerator generated: summarize(nonintFunc(REQUIRE_ASCENDING(_values)), subc_st(total, 0), addc_end(total, 0))
[debug] Program rejected. Reason: None
[debug] Enumerator generated: summarize(nonintFunc(REQUIRE_ASCENDING(_values)), subc_st(total, 0), addc_end(total, 1))
[debug] Program rejected. Reason: None
[debug] Enumerator generated: summarize(nonintFunc(REQUIRE_ASCENDING(_values)), subc_st(total, 0), addc_end(_values.length, 0))
[debug] Program rejected. Reason: None
[debug] Enumerator generated: summarize(nonintFunc(REQUIRE_ASCENDING(_values)), subc_st(total, 0), addc_end(_values.length, 1))
[debug] Program rejected. Reason: None
[debug] Enumerator generated: summarize(nonintFunc(REQUIRE_ASCENDING(_values)), subc_st(total, 1), addc_end(1, 0))
[debug] Program rejected. Reason: None
[debug] Enumerator generated: summarize(nonintFunc(REQUIRE_ASCENDING(_values)), subc_st(total, 1), addc_end(1, 1))
[debug] Program rejected. Reason: None
[debug] Enumerator generated: summarize(nonintFunc(REQUIRE_ASCENDING(_values)), subc_st(total, 1), addc_end(0, 0))
[debug] Program rejected. Reason: None
[debug] Enumerator generated: summarize(nonintFunc(REQUIRE_ASCENDING(_values)), subc_st(total, 1), addc_end(0, 1))
[debug] Program rejected. Reason: None
[debug] Enumerator generated: summarize(nonintFunc(REQUIRE_ASCENDING(_values)), subc_st(total, 1), addc_end(total, 0))
[debug] Program rejected. Reason: None
[debug] Enumerator generated: summarize(nonintFunc(REQUIRE_ASCENDING(_values)), subc_st(total, 1), addc_end(total, 1))
[debug] Program rejected. Reason: None
[debug] Enumerator generated: summarize(nonintFunc(REQUIRE_ASCENDING(_values)), subc_st(total, 1), addc_end(_values.length, 0))
[debug] Program rejected. Reason: None
[debug] Enumerator generated: summarize(nonintFunc(REQUIRE_ASCENDING(_values)), subc_st(total, 1), addc_end(_values.length, 1))
[debug] Program rejected. Reason: None
[debug] Enumerator generated: summarize(nonintFunc(REQUIRE_ASCENDING(_values)), subc_st(_values.length, 0), addc_end(1, 0))
[debug] Program rejected. Reason: None
[debug] Enumerator generated: summarize(nonintFunc(REQUIRE_ASCENDING(_values)), subc_st(_values.length, 0), addc_end(1, 1))
[debug] Program rejected. Reason: None
[debug] Enumerator generated: summarize(nonintFunc(REQUIRE_ASCENDING(_values)), subc_st(_values.length, 0), addc_end(0, 0))
[debug] Program rejected. Reason: None
[debug] Enumerator generated: summarize(nonintFunc(REQUIRE_ASCENDING(_values)), subc_st(_values.length, 0), addc_end(0, 1))
[debug] Program rejected. Reason: None
[debug] Enumerator generated: summarize(nonintFunc(REQUIRE_ASCENDING(_values)), subc_st(_values.length, 0), addc_end(total, 0))
[debug] Program rejected. Reason: None
[debug] Enumerator generated: summarize(nonintFunc(REQUIRE_ASCENDING(_values)), subc_st(_values.length, 0), addc_end(total, 1))
[debug] Program rejected. Reason: None
[debug] Enumerator generated: summarize(nonintFunc(REQUIRE_ASCENDING(_values)), subc_st(_values.length, 0), addc_end(_values.length, 0))
[debug] Program rejected. Reason: None
[debug] Enumerator generated: summarize(nonintFunc(REQUIRE_ASCENDING(_values)), subc_st(_values.length, 0), addc_end(_values.length, 1))
[debug] Program rejected. Reason: None
[debug] Enumerator generated: summarize(nonintFunc(REQUIRE_ASCENDING(_values)), subc_st(_values.length, 1), addc_end(1, 0))
[debug] Program rejected. Reason: None
[debug] Enumerator generated: summarize(nonintFunc(REQUIRE_ASCENDING(_values)), subc_st(_values.length, 1), addc_end(1, 1))
[debug] Program rejected. Reason: None
[debug] Enumerator generated: summarize(nonintFunc(REQUIRE_ASCENDING(_values)), subc_st(_values.length, 1), addc_end(0, 0))
[debug] Program rejected. Reason: None
[debug] Enumerator generated: summarize(nonintFunc(REQUIRE_ASCENDING(_values)), subc_st(_values.length, 1), addc_end(0, 1))
[debug] Program rejected. Reason: None
[debug] Enumerator generated: summarize(nonintFunc(REQUIRE_ASCENDING(_values)), subc_st(_values.length, 1), addc_end(total, 0))
[debug] Program rejected. Reason: None
[debug] Enumerator generated: summarize(nonintFunc(REQUIRE_ASCENDING(_values)), subc_st(_values.length, 1), addc_end(total, 1))
[debug] Program rejected. Reason: None
[debug] Enumerator generated: summarize(nonintFunc(REQUIRE_ASCENDING(_values)), subc_st(_values.length, 1), addc_end(_values.length, 0))
[debug] Program rejected. Reason: None
[debug] Enumerator generated: summarize(nonintFunc(REQUIRE_ASCENDING(_values)), subc_st(_values.length, 1), addc_end(_values.length, 1))
[debug] Program rejected. Reason: None
[debug] Enumerator generated: summarize(nonintFunc(REQUIRE_DESCENDING(_values)), subc_st(1, 0), addc_end(1, 0))
[debug] Program rejected. Reason: None
[debug] Enumerator generated: summarize(nonintFunc(REQUIRE_DESCENDING(_values)), subc_st(1, 0), addc_end(1, 1))
[debug] Program rejected. Reason: None
[debug] Enumerator generated: summarize(nonintFunc(REQUIRE_DESCENDING(_values)), subc_st(1, 0), addc_end(0, 0))
[debug] Program rejected. Reason: None
[debug] Enumerator generated: summarize(nonintFunc(REQUIRE_DESCENDING(_values)), subc_st(1, 0), addc_end(0, 1))
[debug] Program rejected. Reason: None
[debug] Enumerator generated: summarize(nonintFunc(REQUIRE_DESCENDING(_values)), subc_st(1, 0), addc_end(total, 0))
[debug] Program rejected. Reason: None
[debug] Enumerator generated: summarize(nonintFunc(REQUIRE_DESCENDING(_values)), subc_st(1, 0), addc_end(total, 1))
[debug] Program rejected. Reason: None
[debug] Enumerator generated: summarize(nonintFunc(REQUIRE_DESCENDING(_values)), subc_st(1, 0), addc_end(_values.length, 0))
[debug] Program rejected. Reason: None
[debug] Enumerator generated: summarize(nonintFunc(REQUIRE_DESCENDING(_values)), subc_st(1, 0), addc_end(_values.length, 1))
[debug] Program rejected. Reason: None
[debug] Enumerator generated: summarize(nonintFunc(REQUIRE_DESCENDING(_values)), subc_st(1, 1), addc_end(1, 0))
[debug] Program rejected. Reason: None
[debug] Enumerator generated: summarize(nonintFunc(REQUIRE_DESCENDING(_values)), subc_st(1, 1), addc_end(1, 1))
[debug] Program rejected. Reason: None
[debug] Enumerator generated: summarize(nonintFunc(REQUIRE_DESCENDING(_values)), subc_st(1, 1), addc_end(0, 0))
[debug] Program rejected. Reason: None
[debug] Enumerator generated: summarize(nonintFunc(REQUIRE_DESCENDING(_values)), subc_st(1, 1), addc_end(0, 1))
[debug] Program rejected. Reason: None
[debug] Enumerator generated: summarize(nonintFunc(REQUIRE_DESCENDING(_values)), subc_st(1, 1), addc_end(total, 0))
[debug] Program rejected. Reason: None
[debug] Enumerator generated: summarize(nonintFunc(REQUIRE_DESCENDING(_values)), subc_st(1, 1), addc_end(total, 1))
[debug] Program rejected. Reason: None
[debug] Enumerator generated: summarize(nonintFunc(REQUIRE_DESCENDING(_values)), subc_st(1, 1), addc_end(_values.length, 0))
[debug] Program rejected. Reason: None
[debug] Enumerator generated: summarize(nonintFunc(REQUIRE_DESCENDING(_values)), subc_st(1, 1), addc_end(_values.length, 1))
[debug] Program rejected. Reason: None
[debug] Enumerator generated: summarize(nonintFunc(REQUIRE_DESCENDING(_values)), subc_st(0, 0), addc_end(1, 0))
[debug] Program rejected. Reason: None
[debug] Enumerator generated: summarize(nonintFunc(REQUIRE_DESCENDING(_values)), subc_st(0, 0), addc_end(1, 1))
[debug] Program rejected. Reason: None
[debug] Enumerator generated: summarize(nonintFunc(REQUIRE_DESCENDING(_values)), subc_st(0, 0), addc_end(0, 0))
[debug] Program rejected. Reason: None
[debug] Enumerator generated: summarize(nonintFunc(REQUIRE_DESCENDING(_values)), subc_st(0, 0), addc_end(0, 1))
[debug] Program rejected. Reason: None
[debug] Enumerator generated: summarize(nonintFunc(REQUIRE_DESCENDING(_values)), subc_st(0, 0), addc_end(total, 0))
[debug] Program rejected. Reason: None
[debug] Enumerator generated: summarize(nonintFunc(REQUIRE_DESCENDING(_values)), subc_st(0, 0), addc_end(total, 1))
[debug] Program rejected. Reason: None
[debug] Enumerator generated: summarize(nonintFunc(REQUIRE_DESCENDING(_values)), subc_st(0, 0), addc_end(_values.length, 0))
[debug] Program rejected. Reason: None
[debug] Enumerator generated: summarize(nonintFunc(REQUIRE_DESCENDING(_values)), subc_st(0, 0), addc_end(_values.length, 1))
[debug] Program rejected. Reason: None
[debug] Enumerator generated: summarize(nonintFunc(REQUIRE_DESCENDING(_values)), subc_st(0, 1), addc_end(1, 0))
[debug] Program rejected. Reason: None
[debug] Enumerator generated: summarize(nonintFunc(REQUIRE_DESCENDING(_values)), subc_st(0, 1), addc_end(1, 1))
[debug] Program rejected. Reason: None
[debug] Enumerator generated: summarize(nonintFunc(REQUIRE_DESCENDING(_values)), subc_st(0, 1), addc_end(0, 0))
[debug] Program rejected. Reason: None
[debug] Enumerator generated: summarize(nonintFunc(REQUIRE_DESCENDING(_values)), subc_st(0, 1), addc_end(0, 1))
[debug] Program rejected. Reason: None
[debug] Enumerator generated: summarize(nonintFunc(REQUIRE_DESCENDING(_values)), subc_st(0, 1), addc_end(total, 0))
[debug] Program rejected. Reason: None
[debug] Enumerator generated: summarize(nonintFunc(REQUIRE_DESCENDING(_values)), subc_st(0, 1), addc_end(total, 1))
[debug] Program rejected. Reason: None
[debug] Enumerator generated: summarize(nonintFunc(REQUIRE_DESCENDING(_values)), subc_st(0, 1), addc_end(_values.length, 0))
[debug] Program rejected. Reason: None
[debug] Enumerator generated: summarize(nonintFunc(REQUIRE_DESCENDING(_values)), subc_st(0, 1), addc_end(_values.length, 1))
[debug] Program rejected. Reason: None
[debug] Enumerator generated: summarize(nonintFunc(REQUIRE_DESCENDING(_values)), subc_st(total, 0), addc_end(1, 0))
[debug] Program rejected. Reason: None
[debug] Enumerator generated: summarize(nonintFunc(REQUIRE_DESCENDING(_values)), subc_st(total, 0), addc_end(1, 1))
[debug] Program rejected. Reason: None
[debug] Enumerator generated: summarize(nonintFunc(REQUIRE_DESCENDING(_values)), subc_st(total, 0), addc_end(0, 0))
[debug] Program rejected. Reason: None
[debug] Enumerator generated: summarize(nonintFunc(REQUIRE_DESCENDING(_values)), subc_st(total, 0), addc_end(0, 1))
[debug] Program rejected. Reason: None
[debug] Enumerator generated: summarize(nonintFunc(REQUIRE_DESCENDING(_values)), subc_st(total, 0), addc_end(total, 0))
[debug] Program rejected. Reason: None
[debug] Enumerator generated: summarize(nonintFunc(REQUIRE_DESCENDING(_values)), subc_st(total, 0), addc_end(total, 1))
[debug] Program rejected. Reason: None
[debug] Enumerator generated: summarize(nonintFunc(REQUIRE_DESCENDING(_values)), subc_st(total, 0), addc_end(_values.length, 0))
[debug] Program rejected. Reason: None
[debug] Enumerator generated: summarize(nonintFunc(REQUIRE_DESCENDING(_values)), subc_st(total, 0), addc_end(_values.length, 1))
[debug] Program rejected. Reason: None
[debug] Enumerator generated: summarize(nonintFunc(REQUIRE_DESCENDING(_values)), subc_st(total, 1), addc_end(1, 0))
[debug] Program rejected. Reason: None
[debug] Enumerator generated: summarize(nonintFunc(REQUIRE_DESCENDING(_values)), subc_st(total, 1), addc_end(1, 1))
[debug] Program rejected. Reason: None
[debug] Enumerator generated: summarize(nonintFunc(REQUIRE_DESCENDING(_values)), subc_st(total, 1), addc_end(0, 0))
[debug] Program rejected. Reason: None
[debug] Enumerator generated: summarize(nonintFunc(REQUIRE_DESCENDING(_values)), subc_st(total, 1), addc_end(0, 1))
[debug] Program rejected. Reason: None
[debug] Enumerator generated: summarize(nonintFunc(REQUIRE_DESCENDING(_values)), subc_st(total, 1), addc_end(total, 0))
[debug] Program rejected. Reason: None
[debug] Enumerator generated: summarize(nonintFunc(REQUIRE_DESCENDING(_values)), subc_st(total, 1), addc_end(total, 1))
[debug] Program rejected. Reason: None
[debug] Enumerator generated: summarize(nonintFunc(REQUIRE_DESCENDING(_values)), subc_st(total, 1), addc_end(_values.length, 0))
[debug] Program rejected. Reason: None
[debug] Enumerator generated: summarize(nonintFunc(REQUIRE_DESCENDING(_values)), subc_st(total, 1), addc_end(_values.length, 1))
[debug] Program rejected. Reason: None
[debug] Enumerator generated: summarize(nonintFunc(REQUIRE_DESCENDING(_values)), subc_st(_values.length, 0), addc_end(1, 0))
[debug] Program rejected. Reason: None
[debug] Enumerator generated: summarize(nonintFunc(REQUIRE_DESCENDING(_values)), subc_st(_values.length, 0), addc_end(1, 1))
[debug] Program rejected. Reason: None
[debug] Enumerator generated: summarize(nonintFunc(REQUIRE_DESCENDING(_values)), subc_st(_values.length, 0), addc_end(0, 0))
[debug] Program rejected. Reason: None
[debug] Enumerator generated: summarize(nonintFunc(REQUIRE_DESCENDING(_values)), subc_st(_values.length, 0), addc_end(0, 1))
[debug] Program rejected. Reason: None
[debug] Enumerator generated: summarize(nonintFunc(REQUIRE_DESCENDING(_values)), subc_st(_values.length, 0), addc_end(total, 0))
[debug] Program rejected. Reason: None
[debug] Enumerator generated: summarize(nonintFunc(REQUIRE_DESCENDING(_values)), subc_st(_values.length, 0), addc_end(total, 1))
[debug] Program rejected. Reason: None
[debug] Enumerator generated: summarize(nonintFunc(REQUIRE_DESCENDING(_values)), subc_st(_values.length, 0), addc_end(_values.length, 0))
[debug] Program rejected. Reason: None
[debug] Enumerator generated: summarize(nonintFunc(REQUIRE_DESCENDING(_values)), subc_st(_values.length, 0), addc_end(_values.length, 1))
[debug] Program rejected. Reason: None
[debug] Enumerator generated: summarize(nonintFunc(REQUIRE_DESCENDING(_values)), subc_st(_values.length, 1), addc_end(1, 0))
[debug] Program rejected. Reason: None
[debug] Enumerator generated: summarize(nonintFunc(REQUIRE_DESCENDING(_values)), subc_st(_values.length, 1), addc_end(1, 1))
[debug] Program rejected. Reason: None
[debug] Enumerator generated: summarize(nonintFunc(REQUIRE_DESCENDING(_values)), subc_st(_values.length, 1), addc_end(0, 0))
[debug] Program rejected. Reason: None
[debug] Enumerator generated: summarize(nonintFunc(REQUIRE_DESCENDING(_values)), subc_st(_values.length, 1), addc_end(0, 1))
[debug] Program rejected. Reason: None
[debug] Enumerator generated: summarize(nonintFunc(REQUIRE_DESCENDING(_values)), subc_st(_values.length, 1), addc_end(total, 0))
[debug] Program rejected. Reason: None
[debug] Enumerator generated: summarize(nonintFunc(REQUIRE_DESCENDING(_values)), subc_st(_values.length, 1), addc_end(total, 1))
[debug] Program rejected. Reason: None
[debug] Enumerator generated: summarize(nonintFunc(REQUIRE_DESCENDING(_values)), subc_st(_values.length, 1), addc_end(_values.length, 0))
[debug] Program rejected. Reason: None
[debug] Enumerator generated: summarize(nonintFunc(REQUIRE_DESCENDING(_values)), subc_st(_values.length, 1), addc_end(_values.length, 1))
[debug] Program rejected. Reason: None
[debug] Enumerator generated: summarize(nonintFunc(REQUIRE_ASCENDING(_values)), subc_st(1, 0), subc_end(1, 0))
[debug] Program rejected. Reason: None
[debug] Enumerator generated: summarize(nonintFunc(REQUIRE_ASCENDING(_values)), subc_st(1, 0), subc_end(1, 1))
[debug] Program rejected. Reason: None
[debug] Enumerator generated: summarize(nonintFunc(REQUIRE_ASCENDING(_values)), subc_st(1, 0), subc_end(0, 0))
[debug] Program rejected. Reason: None
[debug] Enumerator generated: summarize(nonintFunc(REQUIRE_ASCENDING(_values)), subc_st(1, 0), subc_end(0, 1))
[debug] Program rejected. Reason: None
[debug] Enumerator generated: summarize(nonintFunc(REQUIRE_ASCENDING(_values)), subc_st(1, 0), subc_end(total, 0))
[debug] Program rejected. Reason: None
[debug] Enumerator generated: summarize(nonintFunc(REQUIRE_ASCENDING(_values)), subc_st(1, 0), subc_end(total, 1))
[debug] Program rejected. Reason: None
[debug] Enumerator generated: summarize(nonintFunc(REQUIRE_ASCENDING(_values)), subc_st(1, 0), subc_end(_values.length, 0))
[debug] Program rejected. Reason: None
[debug] Enumerator generated: summarize(nonintFunc(REQUIRE_ASCENDING(_values)), subc_st(1, 0), subc_end(_values.length, 1))
[debug] Program rejected. Reason: None
[debug] Enumerator generated: summarize(nonintFunc(REQUIRE_ASCENDING(_values)), subc_st(1, 1), subc_end(1, 0))
[debug] Program rejected. Reason: None
[debug] Enumerator generated: summarize(nonintFunc(REQUIRE_ASCENDING(_values)), subc_st(1, 1), subc_end(1, 1))
[debug] Program rejected. Reason: None
[debug] Enumerator generated: summarize(nonintFunc(REQUIRE_ASCENDING(_values)), subc_st(1, 1), subc_end(0, 0))
[debug] Program rejected. Reason: None
[debug] Enumerator generated: summarize(nonintFunc(REQUIRE_ASCENDING(_values)), subc_st(1, 1), subc_end(0, 1))
[debug] Program rejected. Reason: None
[debug] Enumerator generated: summarize(nonintFunc(REQUIRE_ASCENDING(_values)), subc_st(1, 1), subc_end(total, 0))
[debug] Program rejected. Reason: None
[debug] Enumerator generated: summarize(nonintFunc(REQUIRE_ASCENDING(_values)), subc_st(1, 1), subc_end(total, 1))
[debug] Program rejected. Reason: None
[debug] Enumerator generated: summarize(nonintFunc(REQUIRE_ASCENDING(_values)), subc_st(1, 1), subc_end(_values.length, 0))
[debug] Program rejected. Reason: None
[debug] Enumerator generated: summarize(nonintFunc(REQUIRE_ASCENDING(_values)), subc_st(1, 1), subc_end(_values.length, 1))
[debug] Program rejected. Reason: None
[debug] Enumerator generated: summarize(nonintFunc(REQUIRE_ASCENDING(_values)), subc_st(0, 0), subc_end(1, 0))
[debug] Program rejected. Reason: None
[debug] Enumerator generated: summarize(nonintFunc(REQUIRE_ASCENDING(_values)), subc_st(0, 0), subc_end(1, 1))
[debug] Program rejected. Reason: None
[debug] Enumerator generated: summarize(nonintFunc(REQUIRE_ASCENDING(_values)), subc_st(0, 0), subc_end(0, 0))
[debug] Program rejected. Reason: None
[debug] Enumerator generated: summarize(nonintFunc(REQUIRE_ASCENDING(_values)), subc_st(0, 0), subc_end(0, 1))
[debug] Program rejected. Reason: None
[debug] Enumerator generated: summarize(nonintFunc(REQUIRE_ASCENDING(_values)), subc_st(0, 0), subc_end(total, 0))
[debug] Program rejected. Reason: None
[debug] Enumerator generated: summarize(nonintFunc(REQUIRE_ASCENDING(_values)), subc_st(0, 0), subc_end(total, 1))
[debug] Program rejected. Reason: None
[debug] Enumerator generated: summarize(nonintFunc(REQUIRE_ASCENDING(_values)), subc_st(0, 0), subc_end(_values.length, 0))
[debug] Program rejected. Reason: None
[debug] Enumerator generated: summarize(nonintFunc(REQUIRE_ASCENDING(_values)), subc_st(0, 0), subc_end(_values.length, 1))
[debug] Program rejected. Reason: None
[debug] Enumerator generated: summarize(nonintFunc(REQUIRE_ASCENDING(_values)), subc_st(0, 1), subc_end(1, 0))
[debug] Program rejected. Reason: None
[debug] Enumerator generated: summarize(nonintFunc(REQUIRE_ASCENDING(_values)), subc_st(0, 1), subc_end(1, 1))
[debug] Program rejected. Reason: None
[debug] Enumerator generated: summarize(nonintFunc(REQUIRE_ASCENDING(_values)), subc_st(0, 1), subc_end(0, 0))
[debug] Program rejected. Reason: None
[debug] Enumerator generated: summarize(nonintFunc(REQUIRE_ASCENDING(_values)), subc_st(0, 1), subc_end(0, 1))
[debug] Program rejected. Reason: None
[debug] Enumerator generated: summarize(nonintFunc(REQUIRE_ASCENDING(_values)), subc_st(0, 1), subc_end(total, 0))
[debug] Program rejected. Reason: None
[debug] Enumerator generated: summarize(nonintFunc(REQUIRE_ASCENDING(_values)), subc_st(0, 1), subc_end(total, 1))
[debug] Program rejected. Reason: None
[debug] Enumerator generated: summarize(nonintFunc(REQUIRE_ASCENDING(_values)), subc_st(0, 1), subc_end(_values.length, 0))
[debug] Program rejected. Reason: None
[debug] Enumerator generated: summarize(nonintFunc(REQUIRE_ASCENDING(_values)), subc_st(0, 1), subc_end(_values.length, 1))
[debug] Program rejected. Reason: None
[debug] Enumerator generated: summarize(nonintFunc(REQUIRE_ASCENDING(_values)), subc_st(total, 0), subc_end(1, 0))
[debug] Program rejected. Reason: None
[debug] Enumerator generated: summarize(nonintFunc(REQUIRE_ASCENDING(_values)), subc_st(total, 0), subc_end(1, 1))
[debug] Program rejected. Reason: None
[debug] Enumerator generated: summarize(nonintFunc(REQUIRE_ASCENDING(_values)), subc_st(total, 0), subc_end(0, 0))
[debug] Program rejected. Reason: None
[debug] Enumerator generated: summarize(nonintFunc(REQUIRE_ASCENDING(_values)), subc_st(total, 0), subc_end(0, 1))
[debug] Program rejected. Reason: None
[debug] Enumerator generated: summarize(nonintFunc(REQUIRE_ASCENDING(_values)), subc_st(total, 0), subc_end(total, 0))
[debug] Program rejected. Reason: None
[debug] Enumerator generated: summarize(nonintFunc(REQUIRE_ASCENDING(_values)), subc_st(total, 0), subc_end(total, 1))
[debug] Program rejected. Reason: None
[debug] Enumerator generated: summarize(nonintFunc(REQUIRE_ASCENDING(_values)), subc_st(total, 0), subc_end(_values.length, 0))
[debug] Program rejected. Reason: None
[debug] Enumerator generated: summarize(nonintFunc(REQUIRE_ASCENDING(_values)), subc_st(total, 0), subc_end(_values.length, 1))
[debug] Program rejected. Reason: None
[debug] Enumerator generated: summarize(nonintFunc(REQUIRE_ASCENDING(_values)), subc_st(total, 1), subc_end(1, 0))
[debug] Program rejected. Reason: None
[debug] Enumerator generated: summarize(nonintFunc(REQUIRE_ASCENDING(_values)), subc_st(total, 1), subc_end(1, 1))
[debug] Program rejected. Reason: None
[debug] Enumerator generated: summarize(nonintFunc(REQUIRE_ASCENDING(_values)), subc_st(total, 1), subc_end(0, 0))
[debug] Program rejected. Reason: None
[debug] Enumerator generated: summarize(nonintFunc(REQUIRE_ASCENDING(_values)), subc_st(total, 1), subc_end(0, 1))
[debug] Program rejected. Reason: None
[debug] Enumerator generated: summarize(nonintFunc(REQUIRE_ASCENDING(_values)), subc_st(total, 1), subc_end(total, 0))
[debug] Program rejected. Reason: None
[debug] Enumerator generated: summarize(nonintFunc(REQUIRE_ASCENDING(_values)), subc_st(total, 1), subc_end(total, 1))
[debug] Program rejected. Reason: None
[debug] Enumerator generated: summarize(nonintFunc(REQUIRE_ASCENDING(_values)), subc_st(total, 1), subc_end(_values.length, 0))
[debug] Program rejected. Reason: None
[debug] Enumerator generated: summarize(nonintFunc(REQUIRE_ASCENDING(_values)), subc_st(total, 1), subc_end(_values.length, 1))
[debug] Program rejected. Reason: None
[debug] Enumerator generated: summarize(nonintFunc(REQUIRE_ASCENDING(_values)), subc_st(_values.length, 0), subc_end(1, 0))
[debug] Program rejected. Reason: None
[debug] Enumerator generated: summarize(nonintFunc(REQUIRE_ASCENDING(_values)), subc_st(_values.length, 0), subc_end(1, 1))
[debug] Program rejected. Reason: None
[debug] Enumerator generated: summarize(nonintFunc(REQUIRE_ASCENDING(_values)), subc_st(_values.length, 0), subc_end(0, 0))
[debug] Program rejected. Reason: None
[debug] Enumerator generated: summarize(nonintFunc(REQUIRE_ASCENDING(_values)), subc_st(_values.length, 0), subc_end(0, 1))
[debug] Program rejected. Reason: None
[debug] Enumerator generated: summarize(nonintFunc(REQUIRE_ASCENDING(_values)), subc_st(_values.length, 0), subc_end(total, 0))
[debug] Program rejected. Reason: None
[debug] Enumerator generated: summarize(nonintFunc(REQUIRE_ASCENDING(_values)), subc_st(_values.length, 0), subc_end(total, 1))
[debug] Program rejected. Reason: None
[debug] Enumerator generated: summarize(nonintFunc(REQUIRE_ASCENDING(_values)), subc_st(_values.length, 0), subc_end(_values.length, 0))
[debug] Program rejected. Reason: None
[debug] Enumerator generated: summarize(nonintFunc(REQUIRE_ASCENDING(_values)), subc_st(_values.length, 0), subc_end(_values.length, 1))
[debug] Program rejected. Reason: None
[debug] Enumerator generated: summarize(nonintFunc(REQUIRE_ASCENDING(_values)), subc_st(_values.length, 1), subc_end(1, 0))
[debug] Program rejected. Reason: None
[debug] Enumerator generated: summarize(nonintFunc(REQUIRE_ASCENDING(_values)), subc_st(_values.length, 1), subc_end(1, 1))
[debug] Program rejected. Reason: None
[debug] Enumerator generated: summarize(nonintFunc(REQUIRE_ASCENDING(_values)), subc_st(_values.length, 1), subc_end(0, 0))
[debug] Program rejected. Reason: None
[debug] Enumerator generated: summarize(nonintFunc(REQUIRE_ASCENDING(_values)), subc_st(_values.length, 1), subc_end(0, 1))
[debug] Program rejected. Reason: None
[debug] Enumerator generated: summarize(nonintFunc(REQUIRE_ASCENDING(_values)), subc_st(_values.length, 1), subc_end(total, 0))
[debug] Program rejected. Reason: None
[debug] Enumerator generated: summarize(nonintFunc(REQUIRE_ASCENDING(_values)), subc_st(_values.length, 1), subc_end(total, 1))
[debug] Program rejected. Reason: None
[debug] Enumerator generated: summarize(nonintFunc(REQUIRE_ASCENDING(_values)), subc_st(_values.length, 1), subc_end(_values.length, 0))
[debug] Program rejected. Reason: None
[debug] Enumerator generated: summarize(nonintFunc(REQUIRE_ASCENDING(_values)), subc_st(_values.length, 1), subc_end(_values.length, 1))
[debug] Program rejected. Reason: None
[debug] Enumerator generated: summarize(nonintFunc(REQUIRE_DESCENDING(_values)), subc_st(1, 0), subc_end(1, 0))
[debug] Program rejected. Reason: None
[debug] Enumerator generated: summarize(nonintFunc(REQUIRE_DESCENDING(_values)), subc_st(1, 0), subc_end(1, 1))
[debug] Program rejected. Reason: None
[debug] Enumerator generated: summarize(nonintFunc(REQUIRE_DESCENDING(_values)), subc_st(1, 0), subc_end(0, 0))
[debug] Program rejected. Reason: None
[debug] Enumerator generated: summarize(nonintFunc(REQUIRE_DESCENDING(_values)), subc_st(1, 0), subc_end(0, 1))
[debug] Program rejected. Reason: None
[debug] Enumerator generated: summarize(nonintFunc(REQUIRE_DESCENDING(_values)), subc_st(1, 0), subc_end(total, 0))
[debug] Program rejected. Reason: None
[debug] Enumerator generated: summarize(nonintFunc(REQUIRE_DESCENDING(_values)), subc_st(1, 0), subc_end(total, 1))
[debug] Program rejected. Reason: None
[debug] Enumerator generated: summarize(nonintFunc(REQUIRE_DESCENDING(_values)), subc_st(1, 0), subc_end(_values.length, 0))
[debug] Program rejected. Reason: None
[debug] Enumerator generated: summarize(nonintFunc(REQUIRE_DESCENDING(_values)), subc_st(1, 0), subc_end(_values.length, 1))
[debug] Program rejected. Reason: None
[debug] Enumerator generated: summarize(nonintFunc(REQUIRE_DESCENDING(_values)), subc_st(1, 1), subc_end(1, 0))
[debug] Program rejected. Reason: None
[debug] Enumerator generated: summarize(nonintFunc(REQUIRE_DESCENDING(_values)), subc_st(1, 1), subc_end(1, 1))
[debug] Program rejected. Reason: None
[debug] Enumerator generated: summarize(nonintFunc(REQUIRE_DESCENDING(_values)), subc_st(1, 1), subc_end(0, 0))
[debug] Program rejected. Reason: None
[debug] Enumerator generated: summarize(nonintFunc(REQUIRE_DESCENDING(_values)), subc_st(1, 1), subc_end(0, 1))
[debug] Program rejected. Reason: None
[debug] Enumerator generated: summarize(nonintFunc(REQUIRE_DESCENDING(_values)), subc_st(1, 1), subc_end(total, 0))
[debug] Program rejected. Reason: None
[debug] Enumerator generated: summarize(nonintFunc(REQUIRE_DESCENDING(_values)), subc_st(1, 1), subc_end(total, 1))
[debug] Program rejected. Reason: None
[debug] Enumerator generated: summarize(nonintFunc(REQUIRE_DESCENDING(_values)), subc_st(1, 1), subc_end(_values.length, 0))
[debug] Program rejected. Reason: None
[debug] Enumerator generated: summarize(nonintFunc(REQUIRE_DESCENDING(_values)), subc_st(1, 1), subc_end(_values.length, 1))
[debug] Program rejected. Reason: None
[debug] Enumerator generated: summarize(nonintFunc(REQUIRE_DESCENDING(_values)), subc_st(0, 0), subc_end(1, 0))
[debug] Program rejected. Reason: None
[debug] Enumerator generated: summarize(nonintFunc(REQUIRE_DESCENDING(_values)), subc_st(0, 0), subc_end(1, 1))
[debug] Program rejected. Reason: None
[debug] Enumerator generated: summarize(nonintFunc(REQUIRE_DESCENDING(_values)), subc_st(0, 0), subc_end(0, 0))
[debug] Program rejected. Reason: None
[debug] Enumerator generated: summarize(nonintFunc(REQUIRE_DESCENDING(_values)), subc_st(0, 0), subc_end(0, 1))
[debug] Program rejected. Reason: None
[debug] Enumerator generated: summarize(nonintFunc(REQUIRE_DESCENDING(_values)), subc_st(0, 0), subc_end(total, 0))
[debug] Program rejected. Reason: None
[debug] Enumerator generated: summarize(nonintFunc(REQUIRE_DESCENDING(_values)), subc_st(0, 0), subc_end(total, 1))
[debug] Program rejected. Reason: None
[debug] Enumerator generated: summarize(nonintFunc(REQUIRE_DESCENDING(_values)), subc_st(0, 0), subc_end(_values.length, 0))
[debug] Program rejected. Reason: None
[debug] Enumerator generated: summarize(nonintFunc(REQUIRE_DESCENDING(_values)), subc_st(0, 0), subc_end(_values.length, 1))
[debug] Program rejected. Reason: None
[debug] Enumerator generated: summarize(nonintFunc(REQUIRE_DESCENDING(_values)), subc_st(0, 1), subc_end(1, 0))
[debug] Program rejected. Reason: None
[debug] Enumerator generated: summarize(nonintFunc(REQUIRE_DESCENDING(_values)), subc_st(0, 1), subc_end(1, 1))
[debug] Program rejected. Reason: None
[debug] Enumerator generated: summarize(nonintFunc(REQUIRE_DESCENDING(_values)), subc_st(0, 1), subc_end(0, 0))
[debug] Program rejected. Reason: None
[debug] Enumerator generated: summarize(nonintFunc(REQUIRE_DESCENDING(_values)), subc_st(0, 1), subc_end(0, 1))
[debug] Program rejected. Reason: None
[debug] Enumerator generated: summarize(nonintFunc(REQUIRE_DESCENDING(_values)), subc_st(0, 1), subc_end(total, 0))
[debug] Program rejected. Reason: None
[debug] Enumerator generated: summarize(nonintFunc(REQUIRE_DESCENDING(_values)), subc_st(0, 1), subc_end(total, 1))
[debug] Program rejected. Reason: None
[debug] Enumerator generated: summarize(nonintFunc(REQUIRE_DESCENDING(_values)), subc_st(0, 1), subc_end(_values.length, 0))
[debug] Program rejected. Reason: None
[debug] Enumerator generated: summarize(nonintFunc(REQUIRE_DESCENDING(_values)), subc_st(0, 1), subc_end(_values.length, 1))
[debug] Program rejected. Reason: None
[debug] Enumerator generated: summarize(nonintFunc(REQUIRE_DESCENDING(_values)), subc_st(total, 0), subc_end(1, 0))
[debug] Program rejected. Reason: None
[debug] Enumerator generated: summarize(nonintFunc(REQUIRE_DESCENDING(_values)), subc_st(total, 0), subc_end(1, 1))
[debug] Program rejected. Reason: None
[debug] Enumerator generated: summarize(nonintFunc(REQUIRE_DESCENDING(_values)), subc_st(total, 0), subc_end(0, 0))
[debug] Program rejected. Reason: None
[debug] Enumerator generated: summarize(nonintFunc(REQUIRE_DESCENDING(_values)), subc_st(total, 0), subc_end(0, 1))
[debug] Program rejected. Reason: None
[debug] Enumerator generated: summarize(nonintFunc(REQUIRE_DESCENDING(_values)), subc_st(total, 0), subc_end(total, 0))
[debug] Program rejected. Reason: None
[debug] Enumerator generated: summarize(nonintFunc(REQUIRE_DESCENDING(_values)), subc_st(total, 0), subc_end(total, 1))
[debug] Program rejected. Reason: None
[debug] Enumerator generated: summarize(nonintFunc(REQUIRE_DESCENDING(_values)), subc_st(total, 0), subc_end(_values.length, 0))
[debug] Program rejected. Reason: None
[debug] Enumerator generated: summarize(nonintFunc(REQUIRE_DESCENDING(_values)), subc_st(total, 0), subc_end(_values.length, 1))
[debug] Program rejected. Reason: None
[debug] Enumerator generated: summarize(nonintFunc(REQUIRE_DESCENDING(_values)), subc_st(total, 1), subc_end(1, 0))
[debug] Program rejected. Reason: None
[debug] Enumerator generated: summarize(nonintFunc(REQUIRE_DESCENDING(_values)), subc_st(total, 1), subc_end(1, 1))
[debug] Program rejected. Reason: None
[debug] Enumerator generated: summarize(nonintFunc(REQUIRE_DESCENDING(_values)), subc_st(total, 1), subc_end(0, 0))
[debug] Program rejected. Reason: None
[debug] Enumerator generated: summarize(nonintFunc(REQUIRE_DESCENDING(_values)), subc_st(total, 1), subc_end(0, 1))
[debug] Program rejected. Reason: None
[debug] Enumerator generated: summarize(nonintFunc(REQUIRE_DESCENDING(_values)), subc_st(total, 1), subc_end(total, 0))
[debug] Program rejected. Reason: None
[debug] Enumerator generated: summarize(nonintFunc(REQUIRE_DESCENDING(_values)), subc_st(total, 1), subc_end(total, 1))
[debug] Program rejected. Reason: None
[debug] Enumerator generated: summarize(nonintFunc(REQUIRE_DESCENDING(_values)), subc_st(total, 1), subc_end(_values.length, 0))
[debug] Program rejected. Reason: None
[debug] Enumerator generated: summarize(nonintFunc(REQUIRE_DESCENDING(_values)), subc_st(total, 1), subc_end(_values.length, 1))
[debug] Program rejected. Reason: None
[debug] Enumerator generated: summarize(nonintFunc(REQUIRE_DESCENDING(_values)), subc_st(_values.length, 0), subc_end(1, 0))
[debug] Program rejected. Reason: None
[debug] Enumerator generated: summarize(nonintFunc(REQUIRE_DESCENDING(_values)), subc_st(_values.length, 0), subc_end(1, 1))
[debug] Program rejected. Reason: None
[debug] Enumerator generated: summarize(nonintFunc(REQUIRE_DESCENDING(_values)), subc_st(_values.length, 0), subc_end(0, 0))
[debug] Program rejected. Reason: None
[debug] Enumerator generated: summarize(nonintFunc(REQUIRE_DESCENDING(_values)), subc_st(_values.length, 0), subc_end(0, 1))
[debug] Program rejected. Reason: None
[debug] Enumerator generated: summarize(nonintFunc(REQUIRE_DESCENDING(_values)), subc_st(_values.length, 0), subc_end(total, 0))
[debug] Program rejected. Reason: None
[debug] Enumerator generated: summarize(nonintFunc(REQUIRE_DESCENDING(_values)), subc_st(_values.length, 0), subc_end(total, 1))
[debug] Program rejected. Reason: None
[debug] Enumerator generated: summarize(nonintFunc(REQUIRE_DESCENDING(_values)), subc_st(_values.length, 0), subc_end(_values.length, 0))
[debug] Program rejected. Reason: None
[debug] Enumerator generated: summarize(nonintFunc(REQUIRE_DESCENDING(_values)), subc_st(_values.length, 0), subc_end(_values.length, 1))
[debug] Program rejected. Reason: None
[debug] Enumerator generated: summarize(nonintFunc(REQUIRE_DESCENDING(_values)), subc_st(_values.length, 1), subc_end(1, 0))
[debug] Program rejected. Reason: None
[debug] Enumerator generated: summarize(nonintFunc(REQUIRE_DESCENDING(_values)), subc_st(_values.length, 1), subc_end(1, 1))
[debug] Program rejected. Reason: None
[debug] Enumerator generated: summarize(nonintFunc(REQUIRE_DESCENDING(_values)), subc_st(_values.length, 1), subc_end(0, 0))
[debug] Program rejected. Reason: None
[debug] Enumerator generated: summarize(nonintFunc(REQUIRE_DESCENDING(_values)), subc_st(_values.length, 1), subc_end(0, 1))
[debug] Program rejected. Reason: None
[debug] Enumerator generated: summarize(nonintFunc(REQUIRE_DESCENDING(_values)), subc_st(_values.length, 1), subc_end(total, 0))
[debug] Program rejected. Reason: None
[debug] Enumerator generated: summarize(nonintFunc(REQUIRE_DESCENDING(_values)), subc_st(_values.length, 1), subc_end(total, 1))
[debug] Program rejected. Reason: None
[debug] Enumerator generated: summarize(nonintFunc(REQUIRE_DESCENDING(_values)), subc_st(_values.length, 1), subc_end(_values.length, 0))
[debug] Program rejected. Reason: None
[debug] Enumerator generated: summarize(nonintFunc(REQUIRE_DESCENDING(_values)), subc_st(_values.length, 1), subc_end(_values.length, 1))
[debug] Program rejected. Reason: None
[debug] Enumerator generated: summarize(intFunc(SUM(total, _values)), addc_st(1, 0), addc_end(1, 0))
[debug] Program rejected. Reason: None
[debug] Enumerator generated: summarize(intFunc(SUM(total, _values)), addc_st(1, 0), addc_end(1, 1))
[debug] Program rejected. Reason: None
[debug] Enumerator generated: summarize(intFunc(SUM(total, _values)), addc_st(1, 0), addc_end(0, 0))
[debug] Program rejected. Reason: None
[debug] Enumerator generated: summarize(intFunc(SUM(total, _values)), addc_st(1, 0), addc_end(0, 1))
[debug] Program rejected. Reason: None
[debug] Enumerator generated: summarize(intFunc(SUM(total, _values)), addc_st(1, 0), addc_end(total, 0))
[debug] Program rejected. Reason: None
[debug] Enumerator generated: summarize(intFunc(SUM(total, _values)), addc_st(1, 0), addc_end(total, 1))
[debug] Program rejected. Reason: None
[debug] Enumerator generated: summarize(intFunc(SUM(total, _values)), addc_st(1, 0), addc_end(_values.length, 0))
[debug] Program rejected. Reason: None
[debug] Enumerator generated: summarize(intFunc(SUM(total, _values)), addc_st(1, 0), addc_end(_values.length, 1))
[debug] Program rejected. Reason: None
[debug] Enumerator generated: summarize(intFunc(SUM(total, _values)), addc_st(1, 1), addc_end(1, 0))
[debug] Program rejected. Reason: None
[debug] Enumerator generated: summarize(intFunc(SUM(total, _values)), addc_st(1, 1), addc_end(1, 1))
[debug] Program rejected. Reason: None
[debug] Enumerator generated: summarize(intFunc(SUM(total, _values)), addc_st(1, 1), addc_end(0, 0))
[debug] Program rejected. Reason: None
[debug] Enumerator generated: summarize(intFunc(SUM(total, _values)), addc_st(1, 1), addc_end(0, 1))
[debug] Program rejected. Reason: None
[debug] Enumerator generated: summarize(intFunc(SUM(total, _values)), addc_st(1, 1), addc_end(total, 0))
